{"D:\\PromptWar\\Challenge-4\\src\\components\\common\\Badge.jsx": {"path":"D:\\PromptWar\\Challenge-4\\src\\components\\common\\Badge.jsx","statementMap":{"0":{"start":{"line":6,"column":13},"end":{"line":24,"column":null}},"1":{"start":{"line":7,"column":22},"end":{"line":7,"column":null}},"2":{"start":{"line":9,"column":19},"end":{"line":15,"column":null}},"3":{"start":{"line":17,"column":25},"end":{"line":17,"column":null}},"4":{"start":{"line":19,"column":2},"end":{"line":22,"column":null}}},"fnMap":{"0":{"name":"(anonymous_0)","decl":{"start":{"line":6,"column":13},"end":{"line":6,"column":22}},"loc":{"start":{"line":6,"column":73},"end":{"line":24,"column":null}},"line":6}},"branchMap":{"0":{"loc":{"start":{"line":6,"column":24},"end":{"line":6,"column":42}},"type":"default-arg","locations":[{"start":{"line":6,"column":34},"end":{"line":6,"column":42}}],"line":6},"1":{"loc":{"start":{"line":6,"column":52},"end":{"line":6,"column":73}},"type":"default-arg","locations":[{"start":{"line":6,"column":64},"end":{"line":6,"column":73}}],"line":6},"2":{"loc":{"start":{"line":17,"column":25},"end":{"line":17,"column":null}},"type":"binary-expr","locations":[{"start":{"line":17,"column":25},"end":{"line":17,"column":46}},{"start":{"line":17,"column":46},"end":{"line":17,"column":null}}],"line":17}},"s":{"0":7,"1":311,"2":311,"3":311,"4":311},"f":{"0":311},"b":{"0":[311],"1":[311],"2":[311,0]},"meta":{"lastBranch":3,"lastFunction":1,"lastStatement":5,"seen":{"s:6:13:24:Infinity":0,"f:6:13:6:22":0,"b:6:34:6:42":0,"b:6:64:6:73":1,"s:7:22:7:Infinity":1,"s:9:19:15:Infinity":2,"s:17:25:17:Infinity":3,"b:17:25:17:46:17:46:17:Infinity":2,"s:19:2:22:Infinity":4},"fnNames":{}}}
,"D:\\PromptWar\\Challenge-4\\src\\components\\common\\Button.jsx": {"path":"D:\\PromptWar\\Challenge-4\\src\\components\\common\\Button.jsx","statementMap":{"0":{"start":{"line":6,"column":13},"end":{"line":42,"column":null}},"1":{"start":{"line":16,"column":22},"end":{"line":16,"column":null}},"2":{"start":{"line":18,"column":16},"end":{"line":22,"column":null}},"3":{"start":{"line":24,"column":19},"end":{"line":29,"column":null}},"4":{"start":{"line":31,"column":2},"end":{"line":40,"column":null}}},"fnMap":{"0":{"name":"(anonymous_0)","decl":{"start":{"line":6,"column":13},"end":{"line":6,"column":23}},"loc":{"start":{"line":15,"column":6},"end":{"line":42,"column":null}},"line":15}},"branchMap":{"0":{"loc":{"start":{"line":8,"column":2},"end":{"line":8,"column":null}},"type":"default-arg","locations":[{"start":{"line":8,"column":12},"end":{"line":8,"column":null}}],"line":8},"1":{"loc":{"start":{"line":9,"column":2},"end":{"line":9,"column":null}},"type":"default-arg","locations":[{"start":{"line":9,"column":9},"end":{"line":9,"column":null}}],"line":9},"2":{"loc":{"start":{"line":11,"column":2},"end":{"line":11,"column":null}},"type":"default-arg","locations":[{"start":{"line":11,"column":14},"end":{"line":11,"column":null}}],"line":11},"3":{"loc":{"start":{"line":12,"column":2},"end":{"line":12,"column":null}},"type":"default-arg","locations":[{"start":{"line":12,"column":13},"end":{"line":12,"column":null}}],"line":12},"4":{"loc":{"start":{"line":13,"column":2},"end":{"line":13,"column":null}},"type":"default-arg","locations":[{"start":{"line":13,"column":9},"end":{"line":13,"column":null}}],"line":13}},"s":{"0":6,"1":130,"2":130,"3":130,"4":130},"f":{"0":130},"b":{"0":[130],"1":[130],"2":[130],"3":[130],"4":[130]},"meta":{"lastBranch":5,"lastFunction":1,"lastStatement":5,"seen":{"s:6:13:42:Infinity":0,"f:6:13:6:23":0,"b:8:12:8:Infinity":0,"b:9:9:9:Infinity":1,"b:11:14:11:Infinity":2,"b:12:13:12:Infinity":3,"b:13:9:13:Infinity":4,"s:16:22:16:Infinity":1,"s:18:16:22:Infinity":2,"s:24:19:29:Infinity":3,"s:31:2:40:Infinity":4},"fnNames":{}}}
,"D:\\PromptWar\\Challenge-4\\src\\components\\common\\Card.jsx": {"path":"D:\\PromptWar\\Challenge-4\\src\\components\\common\\Card.jsx","statementMap":{"0":{"start":{"line":6,"column":13},"end":{"line":30,"column":null}},"1":{"start":{"line":7,"column":2},"end":{"line":28,"column":null}}},"fnMap":{"0":{"name":"(anonymous_0)","decl":{"start":{"line":6,"column":13},"end":{"line":6,"column":21}},"loc":{"start":{"line":6,"column":100},"end":{"line":30,"column":null}},"line":6}},"branchMap":{"0":{"loc":{"start":{"line":6,"column":50},"end":{"line":6,"column":66}},"type":"default-arg","locations":[{"start":{"line":6,"column":62},"end":{"line":6,"column":66}}],"line":6},"1":{"loc":{"start":{"line":6,"column":80},"end":{"line":6,"column":100}},"type":"default-arg","locations":[{"start":{"line":6,"column":88},"end":{"line":6,"column":100}}],"line":6},"2":{"loc":{"start":{"line":14,"column":10},"end":{"line":14,"column":null}},"type":"cond-expr","locations":[{"start":{"line":14,"column":18},"end":{"line":14,"column":94}},{"start":{"line":14,"column":94},"end":{"line":14,"column":null}}],"line":14},"3":{"loc":{"start":{"line":8,"column":4},"end":{"line":27,"column":7}},"type":"binary-expr","locations":[{"start":{"line":18,"column":8},"end":{"line":18,"column":17}},{"start":{"line":18,"column":17},"end":{"line":18,"column":29}},{"start":{"line":18,"column":29},"end":{"line":18,"column":null}},{"start":{"line":19,"column":8},"end":{"line":27,"column":7}}],"line":8},"4":{"loc":{"start":{"line":21,"column":13},"end":{"line":22,"column":25}},"type":"binary-expr","locations":[{"start":{"line":21,"column":13},"end":{"line":21,"column":22}},{"start":{"line":21,"column":22},"end":{"line":22,"column":25}}],"line":21},"5":{"loc":{"start":{"line":22,"column":13},"end":{"line":23,"column":null}},"type":"binary-expr","locations":[{"start":{"line":22,"column":13},"end":{"line":22,"column":25}},{"start":{"line":22,"column":25},"end":{"line":23,"column":null}}],"line":22},"6":{"loc":{"start":{"line":24,"column":11},"end":{"line":25,"column":null}},"type":"binary-expr","locations":[{"start":{"line":24,"column":11},"end":{"line":24,"column":27}},{"start":{"line":24,"column":27},"end":{"line":25,"column":null}}],"line":24}},"s":{"0":7,"1":361},"f":{"0":361},"b":{"0":[361],"1":[361],"2":[219,142],"3":[361,217,217,144],"4":[144,144],"5":[144,144],"6":[144,41]},"meta":{"lastBranch":7,"lastFunction":1,"lastStatement":2,"seen":{"s:6:13:30:Infinity":0,"f:6:13:6:21":0,"b:6:62:6:66":0,"b:6:88:6:100":1,"s:7:2:28:Infinity":1,"b:14:18:14:94:14:94:14:Infinity":2,"b:18:8:18:17:18:17:18:29:18:29:18:Infinity:19:8:27:7":3,"b:21:13:21:22:21:22:22:25":4,"b:22:13:22:25:22:25:23:Infinity":5,"b:24:11:24:27:24:27:25:Infinity":6},"fnNames":{}}}
,"D:\\PromptWar\\Challenge-4\\src\\components\\common\\ErrorBoundary.jsx": {"path":"D:\\PromptWar\\Challenge-4\\src\\components\\common\\ErrorBoundary.jsx","statementMap":{"0":{"start":{"line":5,"column":4},"end":{"line":5,"column":null}},"1":{"start":{"line":6,"column":4},"end":{"line":6,"column":null}},"2":{"start":{"line":10,"column":4},"end":{"line":10,"column":null}},"3":{"start":{"line":15,"column":4},"end":{"line":15,"column":null}},"4":{"start":{"line":19,"column":4},"end":{"line":43,"column":null}},"5":{"start":{"line":20,"column":6},"end":{"line":41,"column":null}},"6":{"start":{"line":36,"column":27},"end":{"line":36,"column":null}},"7":{"start":{"line":45,"column":4},"end":{"line":45,"column":null}}},"fnMap":{"0":{"name":"constructor","decl":{"start":{"line":4,"column":2},"end":{"line":4,"column":14}},"loc":{"start":{"line":4,"column":21},"end":{"line":7,"column":null}},"line":4},"1":{"name":"getDerivedStateFromError","decl":{"start":{"line":9,"column":9},"end":{"line":9,"column":34}},"loc":{"start":{"line":9,"column":41},"end":{"line":11,"column":null}},"line":9},"2":{"name":"componentDidCatch","decl":{"start":{"line":13,"column":2},"end":{"line":13,"column":20}},"loc":{"start":{"line":13,"column":38},"end":{"line":16,"column":null}},"line":13},"3":{"name":"render","decl":{"start":{"line":18,"column":2},"end":{"line":18,"column":11}},"loc":{"start":{"line":18,"column":11},"end":{"line":46,"column":null}},"line":18},"4":{"name":"(anonymous_4)","decl":{"start":{"line":36,"column":12},"end":{"line":36,"column":27}},"loc":{"start":{"line":36,"column":27},"end":{"line":36,"column":null}},"line":36}},"branchMap":{"0":{"loc":{"start":{"line":19,"column":4},"end":{"line":43,"column":null}},"type":"if","locations":[{"start":{"line":19,"column":4},"end":{"line":43,"column":null}},{"start":{},"end":{}}],"line":19},"1":{"loc":{"start":{"line":29,"column":11},"end":{"line":33,"column":null}},"type":"binary-expr","locations":[{"start":{"line":29,"column":11},"end":{"line":29,"column":null}},{"start":{"line":30,"column":12},"end":{"line":33,"column":null}}],"line":29}},"s":{"0":6,"1":6,"2":4,"3":2,"4":11,"5":5,"6":1,"7":6},"f":{"0":6,"1":1,"2":2,"3":11,"4":1},"b":{"0":[5,6],"1":[5,5]},"meta":{"lastBranch":2,"lastFunction":5,"lastStatement":8,"seen":{"f:4:2:4:14":0,"s:5:4:5:Infinity":0,"s:6:4:6:Infinity":1,"f:9:9:9:34":1,"s:10:4:10:Infinity":2,"f:13:2:13:20":2,"s:15:4:15:Infinity":3,"f:18:2:18:11":3,"b:19:4:43:Infinity:undefined:undefined:undefined:undefined":0,"s:19:4:43:Infinity":4,"s:20:6:41:Infinity":5,"b:29:11:29:Infinity:30:12:33:Infinity":1,"f:36:12:36:27":4,"s:36:27:36:Infinity":6,"s:45:4:45:Infinity":7},"fnNames":{}}}
,"D:\\PromptWar\\Challenge-4\\src\\components\\dashboard\\ExecutiveBriefingModal.jsx": {"path":"D:\\PromptWar\\Challenge-4\\src\\components\\dashboard\\ExecutiveBriefingModal.jsx","statementMap":{"0":{"start":{"line":13,"column":13},"end":{"line":238,"column":null}},"1":{"start":{"line":14,"column":28},"end":{"line":14,"column":null}},"2":{"start":{"line":16,"column":2},"end":{"line":32,"column":null}},"3":{"start":{"line":17,"column":4},"end":{"line":31,"column":null}},"4":{"start":{"line":18,"column":6},"end":{"line":18,"column":null}},"5":{"start":{"line":19,"column":12},"end":{"line":23,"column":null}},"6":{"start":{"line":20,"column":8},"end":{"line":22,"column":null}},"7":{"start":{"line":21,"column":10},"end":{"line":21,"column":null}},"8":{"start":{"line":24,"column":6},"end":{"line":24,"column":null}},"9":{"start":{"line":25,"column":6},"end":{"line":30,"column":null}},"10":{"start":{"line":26,"column":8},"end":{"line":26,"column":null}},"11":{"start":{"line":27,"column":8},"end":{"line":29,"column":null}},"12":{"start":{"line":28,"column":10},"end":{"line":28,"column":null}},"13":{"start":{"line":34,"column":2},"end":{"line":34,"column":null}},"14":{"start":{"line":34,"column":38},"end":{"line":34,"column":null}},"15":{"start":{"line":37,"column":25},"end":{"line":42,"column":null}},"16":{"start":{"line":39,"column":8},"end":{"line":40,"column":null}},"17":{"start":{"line":43,"column":21},"end":{"line":43,"column":null}},"18":{"start":{"line":43,"column":69},"end":{"line":43,"column":94}},"19":{"start":{"line":45,"column":24},"end":{"line":45,"column":null}},"20":{"start":{"line":45,"column":64},"end":{"line":45,"column":82}},"21":{"start":{"line":46,"column":25},"end":{"line":46,"column":null}},"22":{"start":{"line":46,"column":76},"end":{"line":46,"column":118}},"23":{"start":{"line":47,"column":30},"end":{"line":47,"column":null}},"24":{"start":{"line":49,"column":19},"end":{"line":49,"column":null}},"25":{"start":{"line":50,"column":21},"end":{"line":50,"column":null}},"26":{"start":{"line":51,"column":22},"end":{"line":51,"column":null}},"27":{"start":{"line":52,"column":2},"end":{"line":53,"column":null}},"28":{"start":{"line":52,"column":21},"end":{"line":52,"column":null}},"29":{"start":{"line":53,"column":7},"end":{"line":53,"column":null}},"30":{"start":{"line":53,"column":26},"end":{"line":53,"column":null}},"31":{"start":{"line":55,"column":17},"end":{"line":55,"column":null}},"32":{"start":{"line":56,"column":19},"end":{"line":56,"column":null}},"33":{"start":{"line":57,"column":20},"end":{"line":57,"column":null}},"34":{"start":{"line":58,"column":2},"end":{"line":59,"column":null}},"35":{"start":{"line":58,"column":19},"end":{"line":58,"column":null}},"36":{"start":{"line":59,"column":7},"end":{"line":59,"column":null}},"37":{"start":{"line":59,"column":24},"end":{"line":59,"column":null}},"38":{"start":{"line":61,"column":21},"end":{"line":61,"column":null}},"39":{"start":{"line":62,"column":24},"end":{"line":62,"column":null}},"40":{"start":{"line":63,"column":2},"end":{"line":64,"column":null}},"41":{"start":{"line":63,"column":35},"end":{"line":63,"column":null}},"42":{"start":{"line":64,"column":7},"end":{"line":64,"column":null}},"43":{"start":{"line":64,"column":63},"end":{"line":64,"column":null}},"44":{"start":{"line":66,"column":24},"end":{"line":66,"column":null}},"45":{"start":{"line":67,"column":25},"end":{"line":67,"column":null}},"46":{"start":{"line":68,"column":2},"end":{"line":77,"column":null}},"47":{"start":{"line":69,"column":20},"end":{"line":69,"column":null}},"48":{"start":{"line":69,"column":55},"end":{"line":69,"column":101}},"49":{"start":{"line":70,"column":4},"end":{"line":73,"column":null}},"50":{"start":{"line":71,"column":6},"end":{"line":71,"column":null}},"51":{"start":{"line":72,"column":6},"end":{"line":72,"column":null}},"52":{"start":{"line":74,"column":9},"end":{"line":77,"column":null}},"53":{"start":{"line":75,"column":4},"end":{"line":75,"column":null}},"54":{"start":{"line":75,"column":56},"end":{"line":75,"column":69}},"55":{"start":{"line":76,"column":4},"end":{"line":76,"column":null}},"56":{"start":{"line":79,"column":21},"end":{"line":79,"column":null}},"57":{"start":{"line":80,"column":24},"end":{"line":80,"column":null}},"58":{"start":{"line":81,"column":2},"end":{"line":82,"column":null}},"59":{"start":{"line":81,"column":23},"end":{"line":81,"column":null}},"60":{"start":{"line":82,"column":7},"end":{"line":82,"column":null}},"61":{"start":{"line":82,"column":27},"end":{"line":82,"column":null}},"62":{"start":{"line":84,"column":21},"end":{"line":84,"column":null}},"63":{"start":{"line":85,"column":24},"end":{"line":85,"column":null}},"64":{"start":{"line":86,"column":2},"end":{"line":87,"column":null}},"65":{"start":{"line":86,"column":23},"end":{"line":86,"column":null}},"66":{"start":{"line":87,"column":7},"end":{"line":87,"column":null}},"67":{"start":{"line":87,"column":28},"end":{"line":87,"column":null}},"68":{"start":{"line":89,"column":8},"end":{"line":116,"column":null}},"69":{"start":{"line":90,"column":28},"end":{"line":94,"column":null}},"70":{"start":{"line":96,"column":24},"end":{"line":100,"column":null}},"71":{"start":{"line":102,"column":4},"end":{"line":114,"column":null}},"72":{"start":{"line":118,"column":2},"end":{"line":236,"column":null}},"73":{"start":{"line":173,"column":54},"end":{"line":173,"column":74}}},"fnMap":{"0":{"name":"(anonymous_0)","decl":{"start":{"line":13,"column":13},"end":{"line":13,"column":39}},"loc":{"start":{"line":13,"column":83},"end":{"line":238,"column":null}},"line":13},"1":{"name":"(anonymous_1)","decl":{"start":{"line":16,"column":2},"end":{"line":16,"column":18}},"loc":{"start":{"line":16,"column":18},"end":{"line":32,"column":5}},"line":16},"2":{"name":"(anonymous_2)","decl":{"start":{"line":19,"column":12},"end":{"line":19,"column":29}},"loc":{"start":{"line":19,"column":35},"end":{"line":23,"column":null}},"line":19},"3":{"name":"(anonymous_3)","decl":{"start":{"line":25,"column":6},"end":{"line":25,"column":19}},"loc":{"start":{"line":25,"column":19},"end":{"line":30,"column":null}},"line":25},"4":{"name":"(anonymous_4)","decl":{"start":{"line":38,"column":28},"end":{"line":38,"column":33}},"loc":{"start":{"line":39,"column":8},"end":{"line":40,"column":null}},"line":39},"5":{"name":"(anonymous_5)","decl":{"start":{"line":43,"column":59},"end":{"line":43,"column":64}},"loc":{"start":{"line":43,"column":69},"end":{"line":43,"column":94}},"line":43},"6":{"name":"(anonymous_6)","decl":{"start":{"line":45,"column":45},"end":{"line":45,"column":53}},"loc":{"start":{"line":45,"column":64},"end":{"line":45,"column":82}},"line":45},"7":{"name":"(anonymous_7)","decl":{"start":{"line":46,"column":57},"end":{"line":46,"column":65}},"loc":{"start":{"line":46,"column":76},"end":{"line":46,"column":118}},"line":46},"8":{"name":"(anonymous_8)","decl":{"start":{"line":69,"column":45},"end":{"line":69,"column":50}},"loc":{"start":{"line":69,"column":55},"end":{"line":69,"column":101}},"line":69},"9":{"name":"(anonymous_9)","decl":{"start":{"line":75,"column":47},"end":{"line":75,"column":51}},"loc":{"start":{"line":75,"column":56},"end":{"line":75,"column":69}},"line":75},"10":{"name":"(anonymous_10)","decl":{"start":{"line":89,"column":8},"end":{"line":89,"column":30}},"loc":{"start":{"line":89,"column":63},"end":{"line":116,"column":null}},"line":89},"11":{"name":"(anonymous_11)","decl":{"start":{"line":173,"column":40},"end":{"line":173,"column":45}},"loc":{"start":{"line":173,"column":54},"end":{"line":173,"column":74}},"line":173}},"branchMap":{"0":{"loc":{"start":{"line":17,"column":4},"end":{"line":31,"column":null}},"type":"if","locations":[{"start":{"line":17,"column":4},"end":{"line":31,"column":null}},{"start":{},"end":{}}],"line":17},"1":{"loc":{"start":{"line":20,"column":8},"end":{"line":22,"column":null}},"type":"if","locations":[{"start":{"line":20,"column":8},"end":{"line":22,"column":null}},{"start":{},"end":{}}],"line":20},"2":{"loc":{"start":{"line":27,"column":8},"end":{"line":29,"column":null}},"type":"if","locations":[{"start":{"line":27,"column":8},"end":{"line":29,"column":null}},{"start":{},"end":{}}],"line":27},"3":{"loc":{"start":{"line":34,"column":2},"end":{"line":34,"column":null}},"type":"if","locations":[{"start":{"line":34,"column":2},"end":{"line":34,"column":null}},{"start":{},"end":{}}],"line":34},"4":{"loc":{"start":{"line":34,"column":6},"end":{"line":34,"column":38}},"type":"binary-expr","locations":[{"start":{"line":34,"column":6},"end":{"line":34,"column":25}},{"start":{"line":34,"column":25},"end":{"line":34,"column":38}}],"line":34},"5":{"loc":{"start":{"line":37,"column":25},"end":{"line":42,"column":null}},"type":"cond-expr","locations":[{"start":{"line":38,"column":7},"end":{"line":41,"column":null}},{"start":{"line":42,"column":6},"end":{"line":42,"column":null}}],"line":37},"6":{"loc":{"start":{"line":37,"column":25},"end":{"line":37,"column":null}},"type":"binary-expr","locations":[{"start":{"line":37,"column":25},"end":{"line":37,"column":43}},{"start":{"line":37,"column":43},"end":{"line":37,"column":null}}],"line":37},"7":{"loc":{"start":{"line":38,"column":7},"end":{"line":41,"column":null}},"type":"binary-expr","locations":[{"start":{"line":38,"column":7},"end":{"line":41,"column":17}},{"start":{"line":41,"column":17},"end":{"line":41,"column":null}}],"line":38},"8":{"loc":{"start":{"line":39,"column":8},"end":{"line":40,"column":null}},"type":"binary-expr","locations":[{"start":{"line":39,"column":8},"end":{"line":39,"column":null}},{"start":{"line":40,"column":9},"end":{"line":40,"column":33}},{"start":{"line":40,"column":33},"end":{"line":40,"column":null}}],"line":39},"9":{"loc":{"start":{"line":43,"column":21},"end":{"line":43,"column":null}},"type":"cond-expr","locations":[{"start":{"line":43,"column":38},"end":{"line":43,"column":98}},{"start":{"line":43,"column":98},"end":{"line":43,"column":null}}],"line":43},"10":{"loc":{"start":{"line":49,"column":19},"end":{"line":49,"column":null}},"type":"cond-expr","locations":[{"start":{"line":49,"column":32},"end":{"line":49,"column":55}},{"start":{"line":49,"column":55},"end":{"line":49,"column":null}}],"line":49},"11":{"loc":{"start":{"line":50,"column":21},"end":{"line":50,"column":null}},"type":"cond-expr","locations":[{"start":{"line":50,"column":34},"end":{"line":50,"column":78}},{"start":{"line":50,"column":78},"end":{"line":50,"column":null}}],"line":50},"12":{"loc":{"start":{"line":52,"column":2},"end":{"line":53,"column":null}},"type":"if","locations":[{"start":{"line":52,"column":2},"end":{"line":53,"column":null}},{"start":{"line":53,"column":7},"end":{"line":53,"column":null}}],"line":52},"13":{"loc":{"start":{"line":53,"column":7},"end":{"line":53,"column":null}},"type":"if","locations":[{"start":{"line":53,"column":7},"end":{"line":53,"column":null}},{"start":{},"end":{}}],"line":53},"14":{"loc":{"start":{"line":55,"column":17},"end":{"line":55,"column":null}},"type":"cond-expr","locations":[{"start":{"line":55,"column":30},"end":{"line":55,"column":53}},{"start":{"line":55,"column":53},"end":{"line":55,"column":null}}],"line":55},"15":{"loc":{"start":{"line":56,"column":19},"end":{"line":56,"column":null}},"type":"cond-expr","locations":[{"start":{"line":56,"column":32},"end":{"line":56,"column":75}},{"start":{"line":56,"column":75},"end":{"line":56,"column":null}}],"line":56},"16":{"loc":{"start":{"line":58,"column":2},"end":{"line":59,"column":null}},"type":"if","locations":[{"start":{"line":58,"column":2},"end":{"line":59,"column":null}},{"start":{"line":59,"column":7},"end":{"line":59,"column":null}}],"line":58},"17":{"loc":{"start":{"line":59,"column":7},"end":{"line":59,"column":null}},"type":"if","locations":[{"start":{"line":59,"column":7},"end":{"line":59,"column":null}},{"start":{},"end":{}}],"line":59},"18":{"loc":{"start":{"line":63,"column":2},"end":{"line":64,"column":null}},"type":"if","locations":[{"start":{"line":63,"column":2},"end":{"line":64,"column":null}},{"start":{"line":64,"column":7},"end":{"line":64,"column":null}}],"line":63},"19":{"loc":{"start":{"line":64,"column":7},"end":{"line":64,"column":null}},"type":"if","locations":[{"start":{"line":64,"column":7},"end":{"line":64,"column":null}},{"start":{},"end":{}}],"line":64},"20":{"loc":{"start":{"line":64,"column":11},"end":{"line":64,"column":63}},"type":"binary-expr","locations":[{"start":{"line":64,"column":11},"end":{"line":64,"column":37}},{"start":{"line":64,"column":37},"end":{"line":64,"column":63}}],"line":64},"21":{"loc":{"start":{"line":68,"column":2},"end":{"line":77,"column":null}},"type":"if","locations":[{"start":{"line":68,"column":2},"end":{"line":77,"column":null}},{"start":{"line":74,"column":9},"end":{"line":77,"column":null}}],"line":68},"22":{"loc":{"start":{"line":70,"column":4},"end":{"line":73,"column":null}},"type":"if","locations":[{"start":{"line":70,"column":4},"end":{"line":73,"column":null}},{"start":{},"end":{}}],"line":70},"23":{"loc":{"start":{"line":72,"column":26},"end":{"line":72,"column":null}},"type":"cond-expr","locations":[{"start":{"line":72,"column":141},"end":{"line":72,"column":154}},{"start":{"line":72,"column":154},"end":{"line":72,"column":null}}],"line":72},"24":{"loc":{"start":{"line":72,"column":26},"end":{"line":72,"column":141}},"type":"binary-expr","locations":[{"start":{"line":72,"column":26},"end":{"line":72,"column":82}},{"start":{"line":72,"column":82},"end":{"line":72,"column":141}}],"line":72},"25":{"loc":{"start":{"line":74,"column":9},"end":{"line":77,"column":null}},"type":"if","locations":[{"start":{"line":74,"column":9},"end":{"line":77,"column":null}},{"start":{},"end":{}}],"line":74},"26":{"loc":{"start":{"line":81,"column":2},"end":{"line":82,"column":null}},"type":"if","locations":[{"start":{"line":81,"column":2},"end":{"line":82,"column":null}},{"start":{"line":82,"column":7},"end":{"line":82,"column":null}}],"line":81},"27":{"loc":{"start":{"line":82,"column":7},"end":{"line":82,"column":null}},"type":"if","locations":[{"start":{"line":82,"column":7},"end":{"line":82,"column":null}},{"start":{},"end":{}}],"line":82},"28":{"loc":{"start":{"line":86,"column":2},"end":{"line":87,"column":null}},"type":"if","locations":[{"start":{"line":86,"column":2},"end":{"line":87,"column":null}},{"start":{"line":87,"column":7},"end":{"line":87,"column":null}}],"line":86},"29":{"loc":{"start":{"line":87,"column":7},"end":{"line":87,"column":null}},"type":"if","locations":[{"start":{"line":87,"column":7},"end":{"line":87,"column":null}},{"start":{},"end":{}}],"line":87}},"s":{"0":3,"1":35,"2":35,"3":35,"4":5,"5":5,"6":2,"7":2,"8":5,"9":5,"10":5,"11":5,"12":5,"13":35,"14":30,"15":5,"16":5,"17":35,"18":4,"19":35,"20":8,"21":35,"22":8,"23":35,"24":35,"25":35,"26":35,"27":35,"28":3,"29":2,"30":0,"31":5,"32":35,"33":35,"34":35,"35":2,"36":3,"37":1,"38":5,"39":5,"40":5,"41":2,"42":3,"43":0,"44":5,"45":5,"46":5,"47":4,"48":1,"49":4,"50":1,"51":1,"52":1,"53":1,"54":2,"55":1,"56":5,"57":5,"58":5,"59":2,"60":3,"61":0,"62":5,"63":5,"64":5,"65":2,"66":3,"67":0,"68":5,"69":30,"70":30,"71":30,"72":5,"73":7},"f":{"0":35,"1":35,"2":2,"3":5,"4":5,"5":4,"6":8,"7":8,"8":1,"9":2,"10":30,"11":7},"b":{"0":[5,30],"1":[2,0],"2":[5,0],"3":[30,5],"4":[35,35],"5":[5,0],"6":[5,5],"7":[5,1],"8":[5,1,0],"9":[4,1],"10":[4,1],"11":[4,1],"12":[3,2],"13":[0,2],"14":[4,1],"15":[4,1],"16":[2,3],"17":[1,2],"18":[2,3],"19":[0,3],"20":[3,0],"21":[4,1],"22":[1,3],"23":[1,0],"24":[1,0],"25":[1,0],"26":[2,3],"27":[0,3],"28":[2,3],"29":[0,3]},"meta":{"lastBranch":30,"lastFunction":12,"lastStatement":74,"seen":{"s:13:13:238:Infinity":0,"f:13:13:13:39":0,"s:14:28:14:Infinity":1,"s:16:2:32:Infinity":2,"f:16:2:16:18":1,"b:17:4:31:Infinity:undefined:undefined:undefined:undefined":0,"s:17:4:31:Infinity":3,"s:18:6:18:Infinity":4,"s:19:12:23:Infinity":5,"f:19:12:19:29":2,"b:20:8:22:Infinity:undefined:undefined:undefined:undefined":1,"s:20:8:22:Infinity":6,"s:21:10:21:Infinity":7,"s:24:6:24:Infinity":8,"s:25:6:30:Infinity":9,"f:25:6:25:19":3,"s:26:8:26:Infinity":10,"b:27:8:29:Infinity:undefined:undefined:undefined:undefined":2,"s:27:8:29:Infinity":11,"s:28:10:28:Infinity":12,"b:34:2:34:Infinity:undefined:undefined:undefined:undefined":3,"s:34:2:34:Infinity":13,"b:34:6:34:25:34:25:34:38":4,"s:34:38:34:Infinity":14,"s:37:25:42:Infinity":15,"b:38:7:41:Infinity:42:6:42:Infinity":5,"b:37:25:37:43:37:43:37:Infinity":6,"b:38:7:41:17:41:17:41:Infinity":7,"f:38:28:38:33":4,"s:39:8:40:Infinity":16,"b:39:8:39:Infinity:40:9:40:33:40:33:40:Infinity":8,"s:43:21:43:Infinity":17,"b:43:38:43:98:43:98:43:Infinity":9,"f:43:59:43:64":5,"s:43:69:43:94":18,"s:45:24:45:Infinity":19,"f:45:45:45:53":6,"s:45:64:45:82":20,"s:46:25:46:Infinity":21,"f:46:57:46:65":7,"s:46:76:46:118":22,"s:47:30:47:Infinity":23,"s:49:19:49:Infinity":24,"b:49:32:49:55:49:55:49:Infinity":10,"s:50:21:50:Infinity":25,"b:50:34:50:78:50:78:50:Infinity":11,"s:51:22:51:Infinity":26,"b:52:2:53:Infinity:53:7:53:Infinity":12,"s:52:2:53:Infinity":27,"s:52:21:52:Infinity":28,"b:53:7:53:Infinity:undefined:undefined:undefined:undefined":13,"s:53:7:53:Infinity":29,"s:53:26:53:Infinity":30,"s:55:17:55:Infinity":31,"b:55:30:55:53:55:53:55:Infinity":14,"s:56:19:56:Infinity":32,"b:56:32:56:75:56:75:56:Infinity":15,"s:57:20:57:Infinity":33,"b:58:2:59:Infinity:59:7:59:Infinity":16,"s:58:2:59:Infinity":34,"s:58:19:58:Infinity":35,"b:59:7:59:Infinity:undefined:undefined:undefined:undefined":17,"s:59:7:59:Infinity":36,"s:59:24:59:Infinity":37,"s:61:21:61:Infinity":38,"s:62:24:62:Infinity":39,"b:63:2:64:Infinity:64:7:64:Infinity":18,"s:63:2:64:Infinity":40,"s:63:35:63:Infinity":41,"b:64:7:64:Infinity:undefined:undefined:undefined:undefined":19,"s:64:7:64:Infinity":42,"b:64:11:64:37:64:37:64:63":20,"s:64:63:64:Infinity":43,"s:66:24:66:Infinity":44,"s:67:25:67:Infinity":45,"b:68:2:77:Infinity:74:9:77:Infinity":21,"s:68:2:77:Infinity":46,"s:69:20:69:Infinity":47,"f:69:45:69:50":8,"s:69:55:69:101":48,"b:70:4:73:Infinity:undefined:undefined:undefined:undefined":22,"s:70:4:73:Infinity":49,"s:71:6:71:Infinity":50,"s:72:6:72:Infinity":51,"b:72:141:72:154:72:154:72:Infinity":23,"b:72:26:72:82:72:82:72:141":24,"b:74:9:77:Infinity:undefined:undefined:undefined:undefined":25,"s:74:9:77:Infinity":52,"s:75:4:75:Infinity":53,"f:75:47:75:51":9,"s:75:56:75:69":54,"s:76:4:76:Infinity":55,"s:79:21:79:Infinity":56,"s:80:24:80:Infinity":57,"b:81:2:82:Infinity:82:7:82:Infinity":26,"s:81:2:82:Infinity":58,"s:81:23:81:Infinity":59,"b:82:7:82:Infinity:undefined:undefined:undefined:undefined":27,"s:82:7:82:Infinity":60,"s:82:27:82:Infinity":61,"s:84:21:84:Infinity":62,"s:85:24:85:Infinity":63,"b:86:2:87:Infinity:87:7:87:Infinity":28,"s:86:2:87:Infinity":64,"s:86:23:86:Infinity":65,"b:87:7:87:Infinity:undefined:undefined:undefined:undefined":29,"s:87:7:87:Infinity":66,"s:87:28:87:Infinity":67,"s:89:8:116:Infinity":68,"f:89:8:89:30":10,"s:90:28:94:Infinity":69,"s:96:24:100:Infinity":70,"s:102:4:114:Infinity":71,"s:118:2:236:Infinity":72,"f:173:40:173:45":11,"s:173:54:173:74":73},"fnNames":{}}}
,"D:\\PromptWar\\Challenge-4\\src\\components\\dashboard\\ai\\RecommendationCard.jsx": {"path":"D:\\PromptWar\\Challenge-4\\src\\components\\dashboard\\ai\\RecommendationCard.jsx","statementMap":{"0":{"start":{"line":6,"column":13},"end":{"line":144,"column":null}},"1":{"start":{"line":15,"column":24},"end":{"line":15,"column":null}},"2":{"start":{"line":16,"column":2},"end":{"line":16,"column":null}},"3":{"start":{"line":16,"column":35},"end":{"line":16,"column":null}},"4":{"start":{"line":17,"column":2},"end":{"line":17,"column":null}},"5":{"start":{"line":17,"column":31},"end":{"line":17,"column":null}},"6":{"start":{"line":19,"column":20},"end":{"line":19,"column":null}},"7":{"start":{"line":20,"column":2},"end":{"line":20,"column":null}},"8":{"start":{"line":20,"column":33},"end":{"line":20,"column":null}},"9":{"start":{"line":21,"column":2},"end":{"line":21,"column":null}},"10":{"start":{"line":21,"column":33},"end":{"line":21,"column":null}},"11":{"start":{"line":23,"column":2},"end":{"line":142,"column":null}},"12":{"start":{"line":61,"column":18},"end":{"line":61,"column":null}},"13":{"start":{"line":111,"column":25},"end":{"line":111,"column":null}},"14":{"start":{"line":124,"column":29},"end":{"line":124,"column":null}},"15":{"start":{"line":133,"column":29},"end":{"line":133,"column":null}}},"fnMap":{"0":{"name":"(anonymous_0)","decl":{"start":{"line":6,"column":13},"end":{"line":6,"column":35}},"loc":{"start":{"line":14,"column":6},"end":{"line":144,"column":null}},"line":14},"1":{"name":"(anonymous_1)","decl":{"start":{"line":60,"column":30},"end":{"line":60,"column":35}},"loc":{"start":{"line":61,"column":18},"end":{"line":61,"column":null}},"line":61},"2":{"name":"(anonymous_2)","decl":{"start":{"line":111,"column":10},"end":{"line":111,"column":25}},"loc":{"start":{"line":111,"column":25},"end":{"line":111,"column":null}},"line":111},"3":{"name":"(anonymous_3)","decl":{"start":{"line":124,"column":14},"end":{"line":124,"column":29}},"loc":{"start":{"line":124,"column":29},"end":{"line":124,"column":null}},"line":124},"4":{"name":"(anonymous_4)","decl":{"start":{"line":133,"column":14},"end":{"line":133,"column":29}},"loc":{"start":{"line":133,"column":29},"end":{"line":133,"column":null}},"line":133}},"branchMap":{"0":{"loc":{"start":{"line":16,"column":2},"end":{"line":16,"column":null}},"type":"if","locations":[{"start":{"line":16,"column":2},"end":{"line":16,"column":null}},{"start":{},"end":{}}],"line":16},"1":{"loc":{"start":{"line":17,"column":2},"end":{"line":17,"column":null}},"type":"if","locations":[{"start":{"line":17,"column":2},"end":{"line":17,"column":null}},{"start":{},"end":{}}],"line":17},"2":{"loc":{"start":{"line":20,"column":2},"end":{"line":20,"column":null}},"type":"if","locations":[{"start":{"line":20,"column":2},"end":{"line":20,"column":null}},{"start":{},"end":{}}],"line":20},"3":{"loc":{"start":{"line":21,"column":2},"end":{"line":21,"column":null}},"type":"if","locations":[{"start":{"line":21,"column":2},"end":{"line":21,"column":null}},{"start":{},"end":{}}],"line":21},"4":{"loc":{"start":{"line":29,"column":10},"end":{"line":29,"column":null}},"type":"cond-expr","locations":[{"start":{"line":29,"column":38},"end":{"line":29,"column":81}},{"start":{"line":29,"column":81},"end":{"line":29,"column":null}}],"line":29},"5":{"loc":{"start":{"line":29,"column":81},"end":{"line":29,"column":null}},"type":"cond-expr","locations":[{"start":{"line":29,"column":109},"end":{"line":29,"column":132}},{"start":{"line":29,"column":132},"end":{"line":29,"column":null}}],"line":29},"6":{"loc":{"start":{"line":31,"column":10},"end":{"line":31,"column":null}},"type":"cond-expr","locations":[{"start":{"line":31,"column":24},"end":{"line":31,"column":53}},{"start":{"line":31,"column":53},"end":{"line":31,"column":null}}],"line":31},"7":{"loc":{"start":{"line":32,"column":10},"end":{"line":32,"column":null}},"type":"cond-expr","locations":[{"start":{"line":32,"column":24},"end":{"line":32,"column":53}},{"start":{"line":32,"column":53},"end":{"line":32,"column":null}}],"line":32},"8":{"loc":{"start":{"line":56,"column":11},"end":{"line":66,"column":null}},"type":"binary-expr","locations":[{"start":{"line":56,"column":11},"end":{"line":56,"column":27}},{"start":{"line":56,"column":27},"end":{"line":56,"column":null}},{"start":{"line":57,"column":12},"end":{"line":66,"column":null}}],"line":56},"9":{"loc":{"start":{"line":118,"column":9},"end":{"line":141,"column":null}},"type":"binary-expr","locations":[{"start":{"line":118,"column":9},"end":{"line":118,"column":null}},{"start":{"line":119,"column":10},"end":{"line":141,"column":null}}],"line":118}},"s":{"0":3,"1":33,"2":33,"3":8,"4":33,"5":23,"6":33,"7":33,"8":3,"9":33,"10":2,"11":33,"12":66,"13":4,"14":2,"15":3},"f":{"0":33,"1":66,"2":4,"3":2,"4":3},"b":{"0":[8,25],"1":[23,10],"2":[3,30],"3":[2,31],"4":[3,30],"5":[2,28],"6":[2,31],"7":[1,32],"8":[33,29,29],"9":[33,28]},"meta":{"lastBranch":10,"lastFunction":5,"lastStatement":16,"seen":{"s:6:13:144:Infinity":0,"f:6:13:6:35":0,"s:15:24:15:Infinity":1,"b:16:2:16:Infinity:undefined:undefined:undefined:undefined":0,"s:16:2:16:Infinity":2,"s:16:35:16:Infinity":3,"b:17:2:17:Infinity:undefined:undefined:undefined:undefined":1,"s:17:2:17:Infinity":4,"s:17:31:17:Infinity":5,"s:19:20:19:Infinity":6,"b:20:2:20:Infinity:undefined:undefined:undefined:undefined":2,"s:20:2:20:Infinity":7,"s:20:33:20:Infinity":8,"b:21:2:21:Infinity:undefined:undefined:undefined:undefined":3,"s:21:2:21:Infinity":9,"s:21:33:21:Infinity":10,"s:23:2:142:Infinity":11,"b:29:38:29:81:29:81:29:Infinity":4,"b:29:109:29:132:29:132:29:Infinity":5,"b:31:24:31:53:31:53:31:Infinity":6,"b:32:24:32:53:32:53:32:Infinity":7,"b:56:11:56:27:56:27:56:Infinity:57:12:66:Infinity":8,"f:60:30:60:35":1,"s:61:18:61:Infinity":12,"f:111:10:111:25":2,"s:111:25:111:Infinity":13,"b:118:9:118:Infinity:119:10:141:Infinity":9,"f:124:14:124:29":3,"s:124:29:124:Infinity":14,"f:133:14:133:29":4,"s:133:29:133:Infinity":15},"fnNames":{}}}
,"D:\\PromptWar\\Challenge-4\\src\\components\\dashboard\\ai\\RecommendationPanel.jsx": {"path":"D:\\PromptWar\\Challenge-4\\src\\components\\dashboard\\ai\\RecommendationPanel.jsx","statementMap":{"0":{"start":{"line":7,"column":13},"end":{"line":104,"column":null}},"1":{"start":{"line":17,"column":2},"end":{"line":102,"column":null}},"2":{"start":{"line":89,"column":12},"end":{"line":98,"column":null}}},"fnMap":{"0":{"name":"(anonymous_0)","decl":{"start":{"line":7,"column":13},"end":{"line":7,"column":36}},"loc":{"start":{"line":16,"column":6},"end":{"line":104,"column":null}},"line":16},"1":{"name":"(anonymous_1)","decl":{"start":{"line":88,"column":26},"end":{"line":88,"column":31}},"loc":{"start":{"line":89,"column":12},"end":{"line":98,"column":null}},"line":89}},"branchMap":{"0":{"loc":{"start":{"line":25,"column":13},"end":{"line":25,"column":null}},"type":"cond-expr","locations":[{"start":{"line":25,"column":24},"end":{"line":25,"column":44}},{"start":{"line":25,"column":44},"end":{"line":25,"column":null}}],"line":25},"1":{"loc":{"start":{"line":31,"column":9},"end":{"line":99,"column":null}},"type":"cond-expr","locations":[{"start":{"line":32,"column":10},"end":{"line":79,"column":28}},{"start":{"line":79,"column":12},"end":{"line":99,"column":null}}],"line":31},"2":{"loc":{"start":{"line":48,"column":15},"end":{"line":48,"column":null}},"type":"binary-expr","locations":[{"start":{"line":48,"column":15},"end":{"line":48,"column":37}},{"start":{"line":48,"column":37},"end":{"line":48,"column":null}}],"line":48},"3":{"loc":{"start":{"line":49,"column":15},"end":{"line":49,"column":null}},"type":"binary-expr","locations":[{"start":{"line":49,"column":15},"end":{"line":49,"column":37}},{"start":{"line":49,"column":37},"end":{"line":49,"column":null}}],"line":49},"4":{"loc":{"start":{"line":50,"column":15},"end":{"line":50,"column":null}},"type":"binary-expr","locations":[{"start":{"line":50,"column":15},"end":{"line":50,"column":37}},{"start":{"line":50,"column":37},"end":{"line":50,"column":null}}],"line":50},"5":{"loc":{"start":{"line":59,"column":20},"end":{"line":60,"column":null}},"type":"cond-expr","locations":[{"start":{"line":59,"column":41},"end":{"line":59,"column":null}},{"start":{"line":60,"column":20},"end":{"line":60,"column":null}}],"line":59},"6":{"loc":{"start":{"line":60,"column":20},"end":{"line":60,"column":null}},"type":"cond-expr","locations":[{"start":{"line":60,"column":41},"end":{"line":60,"column":49}},{"start":{"line":60,"column":49},"end":{"line":60,"column":null}}],"line":60},"7":{"loc":{"start":{"line":68,"column":15},"end":{"line":69,"column":null}},"type":"binary-expr","locations":[{"start":{"line":68,"column":15},"end":{"line":68,"column":null}},{"start":{"line":69,"column":16},"end":{"line":69,"column":null}}],"line":68},"8":{"loc":{"start":{"line":71,"column":15},"end":{"line":72,"column":null}},"type":"binary-expr","locations":[{"start":{"line":71,"column":15},"end":{"line":71,"column":null}},{"start":{"line":72,"column":16},"end":{"line":72,"column":null}}],"line":71},"9":{"loc":{"start":{"line":74,"column":15},"end":{"line":75,"column":null}},"type":"binary-expr","locations":[{"start":{"line":74,"column":15},"end":{"line":74,"column":null}},{"start":{"line":75,"column":16},"end":{"line":75,"column":null}}],"line":74},"10":{"loc":{"start":{"line":79,"column":12},"end":{"line":99,"column":null}},"type":"cond-expr","locations":[{"start":{"line":80,"column":10},"end":{"line":88,"column":26}},{"start":{"line":88,"column":10},"end":{"line":99,"column":null}}],"line":79}},"s":{"0":3,"1":38,"2":30},"f":{"0":38,"1":30},"b":{"0":[0,38],"1":[7,31],"2":[7,3],"3":[7,2],"4":[7,2],"5":[3,4],"6":[2,2],"7":[7,7],"8":[7,4],"9":[7,2],"10":[1,30]},"meta":{"lastBranch":11,"lastFunction":2,"lastStatement":3,"seen":{"s:7:13:104:Infinity":0,"f:7:13:7:36":0,"s:17:2:102:Infinity":1,"b:25:24:25:44:25:44:25:Infinity":0,"b:32:10:79:28:79:12:99:Infinity":1,"b:48:15:48:37:48:37:48:Infinity":2,"b:49:15:49:37:49:37:49:Infinity":3,"b:50:15:50:37:50:37:50:Infinity":4,"b:59:41:59:Infinity:60:20:60:Infinity":5,"b:60:41:60:49:60:49:60:Infinity":6,"b:68:15:68:Infinity:69:16:69:Infinity":7,"b:71:15:71:Infinity:72:16:72:Infinity":8,"b:74:15:74:Infinity:75:16:75:Infinity":9,"b:80:10:88:26:88:10:99:Infinity":10,"f:88:26:88:31":1,"s:89:12:98:Infinity":2},"fnNames":{}}}
,"D:\\PromptWar\\Challenge-4\\src\\components\\dashboard\\charts\\TelemetryChartPanel.jsx": {"path":"D:\\PromptWar\\Challenge-4\\src\\components\\dashboard\\charts\\TelemetryChartPanel.jsx","statementMap":{"0":{"start":{"line":5,"column":13},"end":{"line":12,"column":null}},"1":{"start":{"line":6,"column":2},"end":{"line":10,"column":null}}},"fnMap":{"0":{"name":"(anonymous_0)","decl":{"start":{"line":5,"column":13},"end":{"line":5,"column":41}},"loc":{"start":{"line":5,"column":41},"end":{"line":12,"column":null}},"line":5}},"branchMap":{},"s":{"0":3,"1":34},"f":{"0":34},"b":{},"meta":{"lastBranch":0,"lastFunction":1,"lastStatement":2,"seen":{"s:5:13:12:Infinity":0,"f:5:13:5:41":0,"s:6:2:10:Infinity":1},"fnNames":{}}}
,"D:\\PromptWar\\Challenge-4\\src\\components\\dashboard\\diagnostics\\DiagnosticsPanel.jsx": {"path":"D:\\PromptWar\\Challenge-4\\src\\components\\dashboard\\diagnostics\\DiagnosticsPanel.jsx","statementMap":{"0":{"start":{"line":5,"column":13},"end":{"line":117,"column":null}},"1":{"start":{"line":6,"column":30},"end":{"line":6,"column":null}},"2":{"start":{"line":7,"column":32},"end":{"line":7,"column":null}},"3":{"start":{"line":9,"column":2},"end":{"line":26,"column":null}},"4":{"start":{"line":11,"column":16},"end":{"line":11,"column":null}},"5":{"start":{"line":12,"column":4},"end":{"line":18,"column":null}},"6":{"start":{"line":13,"column":6},"end":{"line":17,"column":null}},"7":{"start":{"line":14,"column":8},"end":{"line":14,"column":null}},"8":{"start":{"line":16,"column":8},"end":{"line":16,"column":null}},"9":{"start":{"line":20,"column":10},"end":{"line":22,"column":null}},"10":{"start":{"line":21,"column":6},"end":{"line":21,"column":null}},"11":{"start":{"line":24,"column":4},"end":{"line":24,"column":null}},"12":{"start":{"line":25,"column":4},"end":{"line":25,"column":null}},"13":{"start":{"line":25,"column":17},"end":{"line":25,"column":null}},"14":{"start":{"line":28,"column":2},"end":{"line":115,"column":null}},"15":{"start":{"line":108,"column":23},"end":{"line":108,"column":null}}},"fnMap":{"0":{"name":"(anonymous_0)","decl":{"start":{"line":5,"column":13},"end":{"line":5,"column":38}},"loc":{"start":{"line":5,"column":38},"end":{"line":117,"column":null}},"line":5},"1":{"name":"(anonymous_1)","decl":{"start":{"line":9,"column":2},"end":{"line":9,"column":18}},"loc":{"start":{"line":9,"column":18},"end":{"line":26,"column":5}},"line":9},"2":{"name":"(anonymous_2)","decl":{"start":{"line":20,"column":10},"end":{"line":20,"column":26}},"loc":{"start":{"line":20,"column":32},"end":{"line":22,"column":null}},"line":20},"3":{"name":"(anonymous_3)","decl":{"start":{"line":25,"column":4},"end":{"line":25,"column":17}},"loc":{"start":{"line":25,"column":17},"end":{"line":25,"column":null}},"line":25},"4":{"name":"(anonymous_4)","decl":{"start":{"line":108,"column":8},"end":{"line":108,"column":23}},"loc":{"start":{"line":108,"column":23},"end":{"line":108,"column":null}},"line":108}},"branchMap":{"0":{"loc":{"start":{"line":12,"column":4},"end":{"line":18,"column":null}},"type":"if","locations":[{"start":{"line":12,"column":4},"end":{"line":18,"column":null}},{"start":{},"end":{}}],"line":12},"1":{"loc":{"start":{"line":31,"column":7},"end":{"line":107,"column":7}},"type":"binary-expr","locations":[{"start":{"line":31,"column":7},"end":{"line":31,"column":null}},{"start":{"line":32,"column":8},"end":{"line":107,"column":7}}],"line":31},"2":{"loc":{"start":{"line":46,"column":33},"end":{"line":46,"column":84}},"type":"cond-expr","locations":[{"start":{"line":46,"column":44},"end":{"line":46,"column":65}},{"start":{"line":46,"column":65},"end":{"line":46,"column":84}}],"line":46},"3":{"loc":{"start":{"line":46,"column":84},"end":{"line":46,"column":123}},"type":"cond-expr","locations":[{"start":{"line":46,"column":95},"end":{"line":46,"column":104}},{"start":{"line":46,"column":104},"end":{"line":46,"column":123}}],"line":46},"4":{"loc":{"start":{"line":50,"column":50},"end":{"line":50,"column":84}},"type":"binary-expr","locations":[{"start":{"line":50,"column":50},"end":{"line":50,"column":72}},{"start":{"line":50,"column":72},"end":{"line":50,"column":84}}],"line":50},"5":{"loc":{"start":{"line":54,"column":50},"end":{"line":54,"column":88}},"type":"binary-expr","locations":[{"start":{"line":54,"column":50},"end":{"line":54,"column":76}},{"start":{"line":54,"column":76},"end":{"line":54,"column":88}}],"line":54},"6":{"loc":{"start":{"line":58,"column":62},"end":{"line":58,"column":133}},"type":"cond-expr","locations":[{"start":{"line":58,"column":83},"end":{"line":58,"column":121}},{"start":{"line":58,"column":121},"end":{"line":58,"column":133}}],"line":58},"7":{"loc":{"start":{"line":62,"column":33},"end":{"line":62,"column":115}},"type":"cond-expr","locations":[{"start":{"line":62,"column":76},"end":{"line":62,"column":94}},{"start":{"line":62,"column":94},"end":{"line":62,"column":115}}],"line":62},"8":{"loc":{"start":{"line":62,"column":115},"end":{"line":62,"column":156}},"type":"binary-expr","locations":[{"start":{"line":62,"column":115},"end":{"line":62,"column":139}},{"start":{"line":62,"column":139},"end":{"line":62,"column":156}}],"line":62},"9":{"loc":{"start":{"line":66,"column":59},"end":{"line":66,"column":140}},"type":"cond-expr","locations":[{"start":{"line":66,"column":91},"end":{"line":66,"column":128}},{"start":{"line":66,"column":128},"end":{"line":66,"column":140}}],"line":66},"10":{"loc":{"start":{"line":77,"column":59},"end":{"line":77,"column":158}},"type":"cond-expr","locations":[{"start":{"line":77,"column":94},"end":{"line":77,"column":146}},{"start":{"line":77,"column":146},"end":{"line":77,"column":158}}],"line":77},"11":{"loc":{"start":{"line":97,"column":19},"end":{"line":97,"column":null}},"type":"cond-expr","locations":[{"start":{"line":97,"column":41},"end":{"line":97,"column":93}},{"start":{"line":97,"column":93},"end":{"line":97,"column":null}}],"line":97},"12":{"loc":{"start":{"line":113,"column":9},"end":{"line":114,"column":null}},"type":"cond-expr","locations":[{"start":{"line":113,"column":18},"end":{"line":113,"column":57}},{"start":{"line":113,"column":56},"end":{"line":114,"column":null}}],"line":113}},"s":{"0":2,"1":33,"2":33,"3":33,"4":14,"5":14,"6":1,"7":1,"8":0,"9":14,"10":2,"11":14,"12":14,"13":14,"14":33,"15":0},"f":{"0":33,"1":14,"2":2,"3":14,"4":0},"b":{"0":[1,13],"1":[33,0],"2":[0,0],"3":[0,0],"4":[0,0],"5":[0,0],"6":[0,0],"7":[0,0],"8":[0,0],"9":[0,0],"10":[0,0],"11":[0,0],"12":[0,33]},"meta":{"lastBranch":13,"lastFunction":5,"lastStatement":16,"seen":{"s:5:13:117:Infinity":0,"f:5:13:5:38":0,"s:6:30:6:Infinity":1,"s:7:32:7:Infinity":2,"s:9:2:26:Infinity":3,"f:9:2:9:18":1,"s:11:16:11:Infinity":4,"b:12:4:18:Infinity:undefined:undefined:undefined:undefined":0,"s:12:4:18:Infinity":5,"s:13:6:17:Infinity":6,"s:14:8:14:Infinity":7,"s:16:8:16:Infinity":8,"s:20:10:22:Infinity":9,"f:20:10:20:26":2,"s:21:6:21:Infinity":10,"s:24:4:24:Infinity":11,"s:25:4:25:Infinity":12,"f:25:4:25:17":3,"s:25:17:25:Infinity":13,"s:28:2:115:Infinity":14,"b:31:7:31:Infinity:32:8:107:7":1,"b:46:44:46:65:46:65:46:84":2,"b:46:95:46:104:46:104:46:123":3,"b:50:50:50:72:50:72:50:84":4,"b:54:50:54:76:54:76:54:88":5,"b:58:83:58:121:58:121:58:133":6,"b:62:76:62:94:62:94:62:115":7,"b:62:115:62:139:62:139:62:156":8,"b:66:91:66:128:66:128:66:140":9,"b:77:94:77:146:77:146:77:158":10,"b:97:41:97:93:97:93:97:Infinity":11,"f:108:8:108:23":4,"s:108:23:108:Infinity":15,"b:113:18:113:57:113:56:114:Infinity":12},"fnNames":{}}}
,"D:\\PromptWar\\Challenge-4\\src\\components\\dashboard\\kpi\\CrowdDensityCard.jsx": {"path":"D:\\PromptWar\\Challenge-4\\src\\components\\dashboard\\kpi\\CrowdDensityCard.jsx","statementMap":{"0":{"start":{"line":5,"column":13},"end":{"line":30,"column":null}},"1":{"start":{"line":6,"column":2},"end":{"line":28,"column":null}}},"fnMap":{"0":{"name":"(anonymous_0)","decl":{"start":{"line":5,"column":13},"end":{"line":5,"column":33}},"loc":{"start":{"line":5,"column":73},"end":{"line":30,"column":null}},"line":5}},"branchMap":{"0":{"loc":{"start":{"line":26,"column":15},"end":{"line":26,"column":103}},"type":"cond-expr","locations":[{"start":{"line":26,"column":50},"end":{"line":26,"column":80}},{"start":{"line":26,"column":80},"end":{"line":26,"column":103}}],"line":26}},"s":{"0":3,"1":35},"f":{"0":35},"b":{"0":[1,34]},"meta":{"lastBranch":1,"lastFunction":1,"lastStatement":2,"seen":{"s:5:13:30:Infinity":0,"f:5:13:5:33":0,"s:6:2:28:Infinity":1,"b:26:50:26:80:26:80:26:103":0},"fnNames":{}}}
,"D:\\PromptWar\\Challenge-4\\src\\components\\dashboard\\kpi\\GatesStatusCard.jsx": {"path":"D:\\PromptWar\\Challenge-4\\src\\components\\dashboard\\kpi\\GatesStatusCard.jsx","statementMap":{"0":{"start":{"line":6,"column":13},"end":{"line":44,"column":null}},"1":{"start":{"line":7,"column":2},"end":{"line":42,"column":null}}},"fnMap":{"0":{"name":"(anonymous_0)","decl":{"start":{"line":6,"column":13},"end":{"line":6,"column":32}},"loc":{"start":{"line":6,"column":107},"end":{"line":44,"column":null}},"line":6}},"branchMap":{"0":{"loc":{"start":{"line":25,"column":11},"end":{"line":28,"column":null}},"type":"binary-expr","locations":[{"start":{"line":25,"column":11},"end":{"line":25,"column":66}},{"start":{"line":25,"column":66},"end":{"line":25,"column":null}},{"start":{"line":26,"column":12},"end":{"line":28,"column":null}}],"line":25},"1":{"loc":{"start":{"line":26,"column":53},"end":{"line":26,"column":null}},"type":"cond-expr","locations":[{"start":{"line":26,"column":96},"end":{"line":26,"column":114}},{"start":{"line":26,"column":114},"end":{"line":26,"column":null}}],"line":26},"2":{"loc":{"start":{"line":27,"column":15},"end":{"line":27,"column":68}},"type":"cond-expr","locations":[{"start":{"line":27,"column":58},"end":{"line":27,"column":64}},{"start":{"line":27,"column":64},"end":{"line":27,"column":68}}],"line":27},"3":{"loc":{"start":{"line":30,"column":11},"end":{"line":33,"column":null}},"type":"binary-expr","locations":[{"start":{"line":30,"column":11},"end":{"line":30,"column":null}},{"start":{"line":31,"column":12},"end":{"line":33,"column":null}}],"line":30},"4":{"loc":{"start":{"line":38,"column":24},"end":{"line":38,"column":67}},"type":"cond-expr","locations":[{"start":{"line":38,"column":45},"end":{"line":38,"column":56}},{"start":{"line":38,"column":56},"end":{"line":38,"column":67}}],"line":38},"5":{"loc":{"start":{"line":39,"column":11},"end":{"line":39,"column":null}},"type":"cond-expr","locations":[{"start":{"line":39,"column":32},"end":{"line":39,"column":70}},{"start":{"line":39,"column":70},"end":{"line":39,"column":null}}],"line":39}},"s":{"0":3,"1":35},"f":{"0":35},"b":{"0":[35,10,3],"1":[0,3],"2":[0,3],"3":[35,0],"4":[1,34],"5":[1,34]},"meta":{"lastBranch":6,"lastFunction":1,"lastStatement":2,"seen":{"s:6:13:44:Infinity":0,"f:6:13:6:32":0,"s:7:2:42:Infinity":1,"b:25:11:25:66:25:66:25:Infinity:26:12:28:Infinity":0,"b:26:96:26:114:26:114:26:Infinity":1,"b:27:58:27:64:27:64:27:68":2,"b:30:11:30:Infinity:31:12:33:Infinity":3,"b:38:45:38:56:38:56:38:67":4,"b:39:32:39:70:39:70:39:Infinity":5},"fnNames":{}}}
,"D:\\PromptWar\\Challenge-4\\src\\components\\dashboard\\kpi\\KPISection.jsx": {"path":"D:\\PromptWar\\Challenge-4\\src\\components\\dashboard\\kpi\\KPISection.jsx","statementMap":{"0":{"start":{"line":10,"column":13},"end":{"line":39,"column":null}},"1":{"start":{"line":11,"column":2},"end":{"line":37,"column":null}}},"fnMap":{"0":{"name":"(anonymous_0)","decl":{"start":{"line":10,"column":13},"end":{"line":10,"column":27}},"loc":{"start":{"line":10,"column":87},"end":{"line":39,"column":null}},"line":10}},"branchMap":{},"s":{"0":2,"1":33},"f":{"0":33},"b":{},"meta":{"lastBranch":0,"lastFunction":1,"lastStatement":2,"seen":{"s:10:13:39:Infinity":0,"f:10:13:10:27":0,"s:11:2:37:Infinity":1},"fnNames":{}}}
,"D:\\PromptWar\\Challenge-4\\src\\components\\dashboard\\kpi\\OperationalScoreCard.jsx": {"path":"D:\\PromptWar\\Challenge-4\\src\\components\\dashboard\\kpi\\OperationalScoreCard.jsx","statementMap":{"0":{"start":{"line":6,"column":13},"end":{"line":35,"column":null}},"1":{"start":{"line":7,"column":2},"end":{"line":33,"column":null}}},"fnMap":{"0":{"name":"(anonymous_0)","decl":{"start":{"line":6,"column":13},"end":{"line":6,"column":37}},"loc":{"start":{"line":6,"column":51},"end":{"line":35,"column":null}},"line":6}},"branchMap":{"0":{"loc":{"start":{"line":29,"column":24},"end":{"line":29,"column":60}},"type":"cond-expr","locations":[{"start":{"line":29,"column":37},"end":{"line":29,"column":49}},{"start":{"line":29,"column":49},"end":{"line":29,"column":60}}],"line":29},"1":{"loc":{"start":{"line":30,"column":11},"end":{"line":30,"column":null}},"type":"cond-expr","locations":[{"start":{"line":30,"column":24},"end":{"line":30,"column":43}},{"start":{"line":30,"column":43},"end":{"line":30,"column":null}}],"line":30}},"s":{"0":3,"1":35},"f":{"0":35},"b":{"0":[10,25],"1":[10,25]},"meta":{"lastBranch":2,"lastFunction":1,"lastStatement":2,"seen":{"s:6:13:35:Infinity":0,"f:6:13:6:37":0,"s:7:2:33:Infinity":1,"b:29:37:29:49:29:49:29:60":0,"b:30:24:30:43:30:43:30:Infinity":1},"fnNames":{}}}
,"D:\\PromptWar\\Challenge-4\\src\\components\\dashboard\\kpi\\ParkingCard.jsx": {"path":"D:\\PromptWar\\Challenge-4\\src\\components\\dashboard\\kpi\\ParkingCard.jsx","statementMap":{"0":{"start":{"line":5,"column":13},"end":{"line":39,"column":null}},"1":{"start":{"line":6,"column":2},"end":{"line":37,"column":null}}},"fnMap":{"0":{"name":"(anonymous_0)","decl":{"start":{"line":5,"column":13},"end":{"line":5,"column":28}},"loc":{"start":{"line":5,"column":69},"end":{"line":39,"column":null}},"line":5}},"branchMap":{"0":{"loc":{"start":{"line":24,"column":11},"end":{"line":29,"column":null}},"type":"binary-expr","locations":[{"start":{"line":24,"column":11},"end":{"line":24,"column":29}},{"start":{"line":24,"column":29},"end":{"line":24,"column":91}},{"start":{"line":24,"column":91},"end":{"line":24,"column":null}},{"start":{"line":25,"column":12},"end":{"line":29,"column":null}}],"line":24},"1":{"loc":{"start":{"line":25,"column":53},"end":{"line":25,"column":null}},"type":"cond-expr","locations":[{"start":{"line":25,"column":104},"end":{"line":25,"column":123}},{"start":{"line":25,"column":123},"end":{"line":25,"column":null}}],"line":25},"2":{"loc":{"start":{"line":26,"column":15},"end":{"line":26,"column":76}},"type":"cond-expr","locations":[{"start":{"line":26,"column":66},"end":{"line":26,"column":72}},{"start":{"line":26,"column":72},"end":{"line":26,"column":76}}],"line":26}},"s":{"0":3,"1":36},"f":{"0":36},"b":{"0":[36,35,11,2],"1":[1,1],"2":[1,1]},"meta":{"lastBranch":3,"lastFunction":1,"lastStatement":2,"seen":{"s:5:13:39:Infinity":0,"f:5:13:5:28":0,"s:6:2:37:Infinity":1,"b:24:11:24:29:24:29:24:91:24:91:24:Infinity:25:12:29:Infinity":0,"b:25:104:25:123:25:123:25:Infinity":1,"b:26:66:26:72:26:72:26:76":2},"fnNames":{}}}
,"D:\\PromptWar\\Challenge-4\\src\\components\\dashboard\\kpi\\VisitorCard.jsx": {"path":"D:\\PromptWar\\Challenge-4\\src\\components\\dashboard\\kpi\\VisitorCard.jsx","statementMap":{"0":{"start":{"line":6,"column":13},"end":{"line":35,"column":null}},"1":{"start":{"line":7,"column":2},"end":{"line":33,"column":null}}},"fnMap":{"0":{"name":"(anonymous_0)","decl":{"start":{"line":6,"column":13},"end":{"line":6,"column":28}},"loc":{"start":{"line":6,"column":72},"end":{"line":35,"column":null}},"line":6}},"branchMap":{},"s":{"0":2,"1":33},"f":{"0":33},"b":{},"meta":{"lastBranch":0,"lastFunction":1,"lastStatement":2,"seen":{"s:6:13:35:Infinity":0,"f:6:13:6:28":0,"s:7:2:33:Infinity":1},"fnNames":{}}}
,"D:\\PromptWar\\Challenge-4\\src\\components\\dashboard\\kpi\\WeatherCard.jsx": {"path":"D:\\PromptWar\\Challenge-4\\src\\components\\dashboard\\kpi\\WeatherCard.jsx","statementMap":{"0":{"start":{"line":5,"column":13},"end":{"line":28,"column":null}},"1":{"start":{"line":6,"column":2},"end":{"line":26,"column":null}}},"fnMap":{"0":{"name":"(anonymous_0)","decl":{"start":{"line":5,"column":13},"end":{"line":5,"column":28}},"loc":{"start":{"line":5,"column":44},"end":{"line":28,"column":null}},"line":5}},"branchMap":{"0":{"loc":{"start":{"line":19,"column":24},"end":{"line":19,"column":null}},"type":"cond-expr","locations":[{"start":{"line":19,"column":51},"end":{"line":19,"column":71}},{"start":{"line":19,"column":71},"end":{"line":19,"column":null}}],"line":19}},"s":{"0":3,"1":35},"f":{"0":35},"b":{"0":[1,34]},"meta":{"lastBranch":1,"lastFunction":1,"lastStatement":2,"seen":{"s:5:13:28:Infinity":0,"f:5:13:5:28":0,"s:6:2:26:Infinity":1,"b:19:51:19:71:19:71:19:Infinity":0},"fnNames":{}}}
,"D:\\PromptWar\\Challenge-4\\src\\components\\dashboard\\terminal\\StatusTerminal.jsx": {"path":"D:\\PromptWar\\Challenge-4\\src\\components\\dashboard\\terminal\\StatusTerminal.jsx","statementMap":{"0":{"start":{"line":5,"column":13},"end":{"line":57,"column":null}},"1":{"start":{"line":6,"column":2},"end":{"line":55,"column":null}},"2":{"start":{"line":18,"column":30},"end":{"line":18,"column":null}},"3":{"start":{"line":19,"column":12},"end":{"line":19,"column":null}},"4":{"start":{"line":19,"column":43},"end":{"line":19,"column":null}},"5":{"start":{"line":20,"column":12},"end":{"line":20,"column":null}},"6":{"start":{"line":20,"column":43},"end":{"line":20,"column":null}},"7":{"start":{"line":22,"column":12},"end":{"line":50,"column":null}}},"fnMap":{"0":{"name":"(anonymous_0)","decl":{"start":{"line":5,"column":13},"end":{"line":5,"column":31}},"loc":{"start":{"line":5,"column":54},"end":{"line":57,"column":null}},"line":5},"1":{"name":"(anonymous_1)","decl":{"start":{"line":17,"column":25},"end":{"line":17,"column":30}},"loc":{"start":{"line":17,"column":43},"end":{"line":52,"column":11}},"line":17}},"branchMap":{"0":{"loc":{"start":{"line":12,"column":9},"end":{"line":52,"column":null}},"type":"cond-expr","locations":[{"start":{"line":13,"column":10},"end":{"line":17,"column":25}},{"start":{"line":17,"column":10},"end":{"line":52,"column":null}}],"line":12},"1":{"loc":{"start":{"line":19,"column":12},"end":{"line":19,"column":null}},"type":"if","locations":[{"start":{"line":19,"column":12},"end":{"line":19,"column":null}},{"start":{},"end":{}}],"line":19},"2":{"loc":{"start":{"line":20,"column":12},"end":{"line":20,"column":null}},"type":"if","locations":[{"start":{"line":20,"column":12},"end":{"line":20,"column":null}},{"start":{},"end":{}}],"line":20},"3":{"loc":{"start":{"line":26,"column":20},"end":{"line":26,"column":null}},"type":"cond-expr","locations":[{"start":{"line":26,"column":48},"end":{"line":26,"column":71}},{"start":{"line":26,"column":71},"end":{"line":26,"column":null}}],"line":26},"4":{"loc":{"start":{"line":26,"column":71},"end":{"line":26,"column":null}},"type":"cond-expr","locations":[{"start":{"line":26,"column":99},"end":{"line":26,"column":119}},{"start":{"line":26,"column":119},"end":{"line":26,"column":null}}],"line":26},"5":{"loc":{"start":{"line":28,"column":63},"end":{"line":28,"column":177}},"type":"cond-expr","locations":[{"start":{"line":28,"column":91},"end":{"line":28,"column":110}},{"start":{"line":28,"column":110},"end":{"line":28,"column":177}}],"line":28},"6":{"loc":{"start":{"line":28,"column":110},"end":{"line":28,"column":177}},"type":"cond-expr","locations":[{"start":{"line":28,"column":138},"end":{"line":28,"column":154}},{"start":{"line":28,"column":154},"end":{"line":28,"column":177}}],"line":28},"7":{"loc":{"start":{"line":47,"column":54},"end":{"line":47,"column":120}},"type":"binary-expr","locations":[{"start":{"line":47,"column":54},"end":{"line":47,"column":69}},{"start":{"line":47,"column":69},"end":{"line":47,"column":120}}],"line":47}},"s":{"0":3,"1":35,"2":12,"3":12,"4":3,"5":12,"6":1,"7":12},"f":{"0":35,"1":12},"b":{"0":[25,10],"1":[3,9],"2":[1,11],"3":[3,9],"4":[1,8],"5":[3,9],"6":[1,8],"7":[12,1]},"meta":{"lastBranch":8,"lastFunction":2,"lastStatement":8,"seen":{"s:5:13:57:Infinity":0,"f:5:13:5:31":0,"s:6:2:55:Infinity":1,"b:13:10:17:25:17:10:52:Infinity":0,"f:17:25:17:30":1,"s:18:30:18:Infinity":2,"b:19:12:19:Infinity:undefined:undefined:undefined:undefined":1,"s:19:12:19:Infinity":3,"s:19:43:19:Infinity":4,"b:20:12:20:Infinity:undefined:undefined:undefined:undefined":2,"s:20:12:20:Infinity":5,"s:20:43:20:Infinity":6,"s:22:12:50:Infinity":7,"b:26:48:26:71:26:71:26:Infinity":3,"b:26:99:26:119:26:119:26:Infinity":4,"b:28:91:28:110:28:110:28:177":5,"b:28:138:28:154:28:154:28:177":6,"b:47:54:47:69:47:69:47:120":7},"fnNames":{}}}
,"D:\\PromptWar\\Challenge-4\\src\\data\\mockStadiumData.js": {"path":"D:\\PromptWar\\Challenge-4\\src\\data\\mockStadiumData.js","statementMap":{"0":{"start":{"line":4,"column":31},"end":{"line":16,"column":null}},"1":{"start":{"line":18,"column":32},"end":{"line":28,"column":null}},"2":{"start":{"line":30,"column":27},"end":{"line":37,"column":null}},"3":{"start":{"line":39,"column":29},"end":{"line":49,"column":null}},"4":{"start":{"line":51,"column":25},"end":{"line":58,"column":null}},"5":{"start":{"line":60,"column":30},"end":{"line":69,"column":null}},"6":{"start":{"line":71,"column":33},"end":{"line":78,"column":null}},"7":{"start":{"line":80,"column":45},"end":{"line":117,"column":null}},"8":{"start":{"line":119,"column":30},"end":{"line":160,"column":null}},"9":{"start":{"line":162,"column":31},"end":{"line":217,"column":null}}},"fnMap":{},"branchMap":{},"s":{"0":2,"1":2,"2":2,"3":2,"4":2,"5":2,"6":2,"7":2,"8":2,"9":2},"f":{},"b":{},"meta":{"lastBranch":0,"lastFunction":0,"lastStatement":10,"seen":{"s:4:31:16:Infinity":0,"s:18:32:28:Infinity":1,"s:30:27:37:Infinity":2,"s:39:29:49:Infinity":3,"s:51:25:58:Infinity":4,"s:60:30:69:Infinity":5,"s:71:33:78:Infinity":6,"s:80:45:117:Infinity":7,"s:119:30:160:Infinity":8,"s:162:31:217:Infinity":9},"fnNames":{}}}
,"D:\\PromptWar\\Challenge-4\\src\\data\\syntheticDatasets.js": {"path":"D:\\PromptWar\\Challenge-4\\src\\data\\syntheticDatasets.js","statementMap":{"0":{"start":{"line":4,"column":34},"end":{"line":76,"column":null}}},"fnMap":{},"branchMap":{},"s":{"0":1},"f":{},"b":{},"meta":{"lastBranch":0,"lastFunction":0,"lastStatement":1,"seen":{"s:4:34:76:Infinity":0},"fnNames":{}}}
,"D:\\PromptWar\\Challenge-4\\src\\hooks\\useAiRecommendations.js": {"path":"D:\\PromptWar\\Challenge-4\\src\\hooks\\useAiRecommendations.js","statementMap":{"0":{"start":{"line":4,"column":13},"end":{"line":45,"column":null}},"1":{"start":{"line":5,"column":48},"end":{"line":5,"column":null}},"2":{"start":{"line":6,"column":40},"end":{"line":6,"column":null}},"3":{"start":{"line":7,"column":40},"end":{"line":7,"column":null}},"4":{"start":{"line":8,"column":38},"end":{"line":8,"column":null}},"5":{"start":{"line":10,"column":30},"end":{"line":12,"column":null}},"6":{"start":{"line":11,"column":4},"end":{"line":11,"column":null}},"7":{"start":{"line":14,"column":2},"end":{"line":17,"column":null}},"8":{"start":{"line":15,"column":4},"end":{"line":15,"column":null}},"9":{"start":{"line":16,"column":4},"end":{"line":16,"column":null}},"10":{"start":{"line":16,"column":17},"end":{"line":16,"column":null}},"11":{"start":{"line":19,"column":24},"end":{"line":25,"column":null}},"12":{"start":{"line":20,"column":4},"end":{"line":20,"column":null}},"13":{"start":{"line":21,"column":4},"end":{"line":24,"column":null}},"14":{"start":{"line":22,"column":6},"end":{"line":22,"column":null}},"15":{"start":{"line":23,"column":6},"end":{"line":23,"column":null}},"16":{"start":{"line":27,"column":23},"end":{"line":33,"column":null}},"17":{"start":{"line":28,"column":4},"end":{"line":28,"column":null}},"18":{"start":{"line":29,"column":4},"end":{"line":32,"column":null}},"19":{"start":{"line":30,"column":6},"end":{"line":30,"column":null}},"20":{"start":{"line":31,"column":6},"end":{"line":31,"column":null}},"21":{"start":{"line":35,"column":2},"end":{"line":44,"column":null}}},"fnMap":{"0":{"name":"(anonymous_0)","decl":{"start":{"line":4,"column":13},"end":{"line":4,"column":42}},"loc":{"start":{"line":4,"column":42},"end":{"line":45,"column":null}},"line":4},"1":{"name":"(anonymous_1)","decl":{"start":{"line":10,"column":30},"end":{"line":10,"column":48}},"loc":{"start":{"line":10,"column":48},"end":{"line":12,"column":5}},"line":10},"2":{"name":"(anonymous_2)","decl":{"start":{"line":14,"column":2},"end":{"line":14,"column":18}},"loc":{"start":{"line":14,"column":18},"end":{"line":17,"column":5}},"line":14},"3":{"name":"(anonymous_3)","decl":{"start":{"line":16,"column":4},"end":{"line":16,"column":17}},"loc":{"start":{"line":16,"column":17},"end":{"line":16,"column":null}},"line":16},"4":{"name":"(anonymous_4)","decl":{"start":{"line":19,"column":24},"end":{"line":19,"column":31}},"loc":{"start":{"line":19,"column":38},"end":{"line":25,"column":null}},"line":19},"5":{"name":"(anonymous_5)","decl":{"start":{"line":21,"column":15},"end":{"line":21,"column":27}},"loc":{"start":{"line":21,"column":27},"end":{"line":24,"column":7}},"line":21},"6":{"name":"(anonymous_6)","decl":{"start":{"line":27,"column":23},"end":{"line":27,"column":30}},"loc":{"start":{"line":27,"column":37},"end":{"line":33,"column":null}},"line":27},"7":{"name":"(anonymous_7)","decl":{"start":{"line":29,"column":15},"end":{"line":29,"column":27}},"loc":{"start":{"line":29,"column":27},"end":{"line":32,"column":7}},"line":29}},"branchMap":{},"s":{"0":3,"1":42,"2":42,"3":42,"4":42,"5":42,"6":5,"7":42,"8":17,"9":17,"10":17,"11":42,"12":3,"13":3,"14":3,"15":3,"16":42,"17":2,"18":2,"19":2,"20":2,"21":42},"f":{"0":42,"1":5,"2":17,"3":17,"4":3,"5":3,"6":2,"7":2},"b":{},"meta":{"lastBranch":0,"lastFunction":8,"lastStatement":22,"seen":{"s:4:13:45:Infinity":0,"f:4:13:4:42":0,"s:5:48:5:Infinity":1,"s:6:40:6:Infinity":2,"s:7:40:7:Infinity":3,"s:8:38:8:Infinity":4,"s:10:30:12:Infinity":5,"f:10:30:10:48":1,"s:11:4:11:Infinity":6,"s:14:2:17:Infinity":7,"f:14:2:14:18":2,"s:15:4:15:Infinity":8,"s:16:4:16:Infinity":9,"f:16:4:16:17":3,"s:16:17:16:Infinity":10,"s:19:24:25:Infinity":11,"f:19:24:19:31":4,"s:20:4:20:Infinity":12,"s:21:4:24:Infinity":13,"f:21:15:21:27":5,"s:22:6:22:Infinity":14,"s:23:6:23:Infinity":15,"s:27:23:33:Infinity":16,"f:27:23:27:30":6,"s:28:4:28:Infinity":17,"s:29:4:32:Infinity":18,"f:29:15:29:27":7,"s:30:6:30:Infinity":19,"s:31:6:31:Infinity":20,"s:35:2:44:Infinity":21},"fnNames":{}}}
,"D:\\PromptWar\\Challenge-4\\src\\hooks\\useDemoScript.js": {"path":"D:\\PromptWar\\Challenge-4\\src\\hooks\\useDemoScript.js","statementMap":{"0":{"start":{"line":5,"column":13},"end":{"line":87,"column":null}},"1":{"start":{"line":6,"column":40},"end":{"line":6,"column":null}},"2":{"start":{"line":8,"column":26},"end":{"line":84,"column":null}},"3":{"start":{"line":9,"column":4},"end":{"line":9,"column":null}},"4":{"start":{"line":9,"column":21},"end":{"line":9,"column":null}},"5":{"start":{"line":10,"column":4},"end":{"line":10,"column":null}},"6":{"start":{"line":11,"column":4},"end":{"line":83,"column":null}},"7":{"start":{"line":12,"column":6},"end":{"line":12,"column":null}},"8":{"start":{"line":14,"column":22},"end":{"line":14,"column":null}},"9":{"start":{"line":22,"column":21},"end":{"line":22,"column":null}},"10":{"start":{"line":25,"column":18},"end":{"line":25,"column":null}},"11":{"start":{"line":28,"column":6},"end":{"line":28,"column":null}},"12":{"start":{"line":30,"column":6},"end":{"line":30,"column":null}},"13":{"start":{"line":30,"column":29},"end":{"line":30,"column":48}},"14":{"start":{"line":33,"column":26},"end":{"line":33,"column":null}},"15":{"start":{"line":33,"column":56},"end":{"line":33,"column":81}},"16":{"start":{"line":34,"column":6},"end":{"line":40,"column":null}},"17":{"start":{"line":35,"column":8},"end":{"line":35,"column":null}},"18":{"start":{"line":37,"column":8},"end":{"line":37,"column":null}},"19":{"start":{"line":39,"column":8},"end":{"line":39,"column":null}},"20":{"start":{"line":39,"column":31},"end":{"line":39,"column":50}},"21":{"start":{"line":43,"column":6},"end":{"line":43,"column":null}},"22":{"start":{"line":44,"column":6},"end":{"line":44,"column":null}},"23":{"start":{"line":46,"column":6},"end":{"line":46,"column":null}},"24":{"start":{"line":46,"column":29},"end":{"line":46,"column":48}},"25":{"start":{"line":49,"column":6},"end":{"line":49,"column":null}},"26":{"start":{"line":51,"column":26},"end":{"line":51,"column":null}},"27":{"start":{"line":52,"column":6},"end":{"line":52,"column":null}},"28":{"start":{"line":53,"column":6},"end":{"line":53,"column":null}},"29":{"start":{"line":54,"column":6},"end":{"line":54,"column":null}},"30":{"start":{"line":56,"column":30},"end":{"line":56,"column":null}},"31":{"start":{"line":57,"column":6},"end":{"line":57,"column":null}},"32":{"start":{"line":58,"column":6},"end":{"line":58,"column":null}},"33":{"start":{"line":59,"column":6},"end":{"line":59,"column":null}},"34":{"start":{"line":60,"column":6},"end":{"line":60,"column":null}},"35":{"start":{"line":62,"column":6},"end":{"line":62,"column":null}},"36":{"start":{"line":63,"column":6},"end":{"line":65,"column":null}},"37":{"start":{"line":64,"column":8},"end":{"line":64,"column":null}},"38":{"start":{"line":67,"column":19},"end":{"line":67,"column":null}},"39":{"start":{"line":68,"column":22},"end":{"line":68,"column":null}},"40":{"start":{"line":69,"column":6},"end":{"line":69,"column":null}},"41":{"start":{"line":70,"column":6},"end":{"line":70,"column":null}},"42":{"start":{"line":71,"column":6},"end":{"line":71,"column":null}},"43":{"start":{"line":72,"column":6},"end":{"line":72,"column":null}},"44":{"start":{"line":73,"column":6},"end":{"line":73,"column":null}},"45":{"start":{"line":75,"column":6},"end":{"line":75,"column":null}},"46":{"start":{"line":75,"column":29},"end":{"line":75,"column":48}},"47":{"start":{"line":77,"column":6},"end":{"line":77,"column":null}},"48":{"start":{"line":80,"column":6},"end":{"line":80,"column":null}},"49":{"start":{"line":82,"column":6},"end":{"line":82,"column":null}},"50":{"start":{"line":86,"column":2},"end":{"line":86,"column":null}}},"fnMap":{"0":{"name":"(anonymous_0)","decl":{"start":{"line":5,"column":13},"end":{"line":5,"column":30}},"loc":{"start":{"line":5,"column":52},"end":{"line":87,"column":null}},"line":5},"1":{"name":"(anonymous_1)","decl":{"start":{"line":8,"column":26},"end":{"line":8,"column":38}},"loc":{"start":{"line":8,"column":38},"end":{"line":84,"column":null}},"line":8},"2":{"name":"(anonymous_2)","decl":{"start":{"line":30,"column":16},"end":{"line":30,"column":24}},"loc":{"start":{"line":30,"column":29},"end":{"line":30,"column":48}},"line":30},"3":{"name":"(anonymous_3)","decl":{"start":{"line":33,"column":46},"end":{"line":33,"column":51}},"loc":{"start":{"line":33,"column":56},"end":{"line":33,"column":81}},"line":33},"4":{"name":"(anonymous_4)","decl":{"start":{"line":39,"column":18},"end":{"line":39,"column":26}},"loc":{"start":{"line":39,"column":31},"end":{"line":39,"column":50}},"line":39},"5":{"name":"(anonymous_5)","decl":{"start":{"line":46,"column":16},"end":{"line":46,"column":24}},"loc":{"start":{"line":46,"column":29},"end":{"line":46,"column":48}},"line":46},"6":{"name":"(anonymous_6)","decl":{"start":{"line":63,"column":54},"end":{"line":63,"column":62}},"loc":{"start":{"line":63,"column":69},"end":{"line":65,"column":7}},"line":63},"7":{"name":"(anonymous_7)","decl":{"start":{"line":75,"column":16},"end":{"line":75,"column":24}},"loc":{"start":{"line":75,"column":29},"end":{"line":75,"column":48}},"line":75}},"branchMap":{"0":{"loc":{"start":{"line":9,"column":4},"end":{"line":9,"column":null}},"type":"if","locations":[{"start":{"line":9,"column":4},"end":{"line":9,"column":null}},{"start":{},"end":{}}],"line":9},"1":{"loc":{"start":{"line":34,"column":6},"end":{"line":40,"column":null}},"type":"if","locations":[{"start":{"line":34,"column":6},"end":{"line":40,"column":null}},{"start":{},"end":{}}],"line":34}},"s":{"0":3,"1":38,"2":38,"3":1,"4":0,"5":1,"6":1,"7":1,"8":1,"9":1,"10":1,"11":1,"12":1,"13":1,"14":1,"15":1,"16":1,"17":1,"18":1,"19":1,"20":1,"21":1,"22":1,"23":1,"24":1,"25":1,"26":1,"27":1,"28":1,"29":1,"30":1,"31":1,"32":1,"33":1,"34":1,"35":1,"36":1,"37":1,"38":1,"39":1,"40":1,"41":1,"42":1,"43":1,"44":1,"45":1,"46":1,"47":1,"48":0,"49":1,"50":38},"f":{"0":38,"1":1,"2":1,"3":1,"4":1,"5":1,"6":1,"7":1},"b":{"0":[0,1],"1":[1,0]},"meta":{"lastBranch":2,"lastFunction":8,"lastStatement":51,"seen":{"s:5:13:87:Infinity":0,"f:5:13:5:30":0,"s:6:40:6:Infinity":1,"s:8:26:84:Infinity":2,"f:8:26:8:38":1,"b:9:4:9:Infinity:undefined:undefined:undefined:undefined":0,"s:9:4:9:Infinity":3,"s:9:21:9:Infinity":4,"s:10:4:10:Infinity":5,"s:11:4:83:Infinity":6,"s:12:6:12:Infinity":7,"s:14:22:14:Infinity":8,"s:22:21:22:Infinity":9,"s:25:18:25:Infinity":10,"s:28:6:28:Infinity":11,"s:30:6:30:Infinity":12,"f:30:16:30:24":2,"s:30:29:30:48":13,"s:33:26:33:Infinity":14,"f:33:46:33:51":3,"s:33:56:33:81":15,"b:34:6:40:Infinity:undefined:undefined:undefined:undefined":1,"s:34:6:40:Infinity":16,"s:35:8:35:Infinity":17,"s:37:8:37:Infinity":18,"s:39:8:39:Infinity":19,"f:39:18:39:26":4,"s:39:31:39:50":20,"s:43:6:43:Infinity":21,"s:44:6:44:Infinity":22,"s:46:6:46:Infinity":23,"f:46:16:46:24":5,"s:46:29:46:48":24,"s:49:6:49:Infinity":25,"s:51:26:51:Infinity":26,"s:52:6:52:Infinity":27,"s:53:6:53:Infinity":28,"s:54:6:54:Infinity":29,"s:56:30:56:Infinity":30,"s:57:6:57:Infinity":31,"s:58:6:58:Infinity":32,"s:59:6:59:Infinity":33,"s:60:6:60:Infinity":34,"s:62:6:62:Infinity":35,"s:63:6:65:Infinity":36,"f:63:54:63:62":6,"s:64:8:64:Infinity":37,"s:67:19:67:Infinity":38,"s:68:22:68:Infinity":39,"s:69:6:69:Infinity":40,"s:70:6:70:Infinity":41,"s:71:6:71:Infinity":42,"s:72:6:72:Infinity":43,"s:73:6:73:Infinity":44,"s:75:6:75:Infinity":45,"f:75:16:75:24":7,"s:75:29:75:48":46,"s:77:6:77:Infinity":47,"s:80:6:80:Infinity":48,"s:82:6:82:Infinity":49,"s:86:2:86:Infinity":50},"fnNames":{}}}
,"D:\\PromptWar\\Challenge-4\\src\\hooks\\useStadiumData.js": {"path":"D:\\PromptWar\\Challenge-4\\src\\hooks\\useStadiumData.js","statementMap":{"0":{"start":{"line":7,"column":13},"end":{"line":47,"column":null}},"1":{"start":{"line":8,"column":26},"end":{"line":19,"column":null}},"2":{"start":{"line":22,"column":2},"end":{"line":44,"column":null}},"3":{"start":{"line":23,"column":21},"end":{"line":41,"column":null}},"4":{"start":{"line":25,"column":6},"end":{"line":40,"column":null}},"5":{"start":{"line":26,"column":29},"end":{"line":34,"column":null}},"6":{"start":{"line":27,"column":10},"end":{"line":32,"column":null}},"7":{"start":{"line":29,"column":29},"end":{"line":29,"column":null}},"8":{"start":{"line":30,"column":30},"end":{"line":30,"column":null}},"9":{"start":{"line":31,"column":12},"end":{"line":31,"column":null}},"10":{"start":{"line":33,"column":10},"end":{"line":33,"column":null}},"11":{"start":{"line":36,"column":8},"end":{"line":39,"column":null}},"12":{"start":{"line":43,"column":4},"end":{"line":43,"column":null}},"13":{"start":{"line":43,"column":17},"end":{"line":43,"column":null}},"14":{"start":{"line":46,"column":2},"end":{"line":46,"column":null}}},"fnMap":{"0":{"name":"(anonymous_0)","decl":{"start":{"line":7,"column":13},"end":{"line":7,"column":36}},"loc":{"start":{"line":7,"column":36},"end":{"line":47,"column":null}},"line":7},"1":{"name":"(anonymous_1)","decl":{"start":{"line":22,"column":2},"end":{"line":22,"column":18}},"loc":{"start":{"line":22,"column":18},"end":{"line":44,"column":5}},"line":22},"2":{"name":"(anonymous_2)","decl":{"start":{"line":23,"column":21},"end":{"line":23,"column":39}},"loc":{"start":{"line":23,"column":39},"end":{"line":41,"column":7}},"line":23},"3":{"name":"(anonymous_3)","decl":{"start":{"line":25,"column":6},"end":{"line":25,"column":14}},"loc":{"start":{"line":25,"column":22},"end":{"line":40,"column":7}},"line":25},"4":{"name":"(anonymous_4)","decl":{"start":{"line":26,"column":44},"end":{"line":26,"column":48}},"loc":{"start":{"line":26,"column":56},"end":{"line":34,"column":9}},"line":26},"5":{"name":"(anonymous_5)","decl":{"start":{"line":43,"column":4},"end":{"line":43,"column":17}},"loc":{"start":{"line":43,"column":17},"end":{"line":43,"column":null}},"line":43}},"branchMap":{"0":{"loc":{"start":{"line":27,"column":10},"end":{"line":32,"column":null}},"type":"if","locations":[{"start":{"line":27,"column":10},"end":{"line":32,"column":null}},{"start":{},"end":{}}],"line":27},"1":{"loc":{"start":{"line":27,"column":14},"end":{"line":27,"column":60}},"type":"binary-expr","locations":[{"start":{"line":27,"column":14},"end":{"line":27,"column":38}},{"start":{"line":27,"column":38},"end":{"line":27,"column":60}}],"line":27},"2":{"loc":{"start":{"line":29,"column":29},"end":{"line":29,"column":null}},"type":"cond-expr","locations":[{"start":{"line":29,"column":51},"end":{"line":29,"column":55}},{"start":{"line":29,"column":55},"end":{"line":29,"column":null}}],"line":29}},"s":{"0":1,"1":4,"2":4,"3":3,"4":1,"5":1,"6":6,"7":2,"8":2,"9":2,"10":4,"11":1,"12":3,"13":3,"14":4},"f":{"0":4,"1":3,"2":1,"3":1,"4":6,"5":3},"b":{"0":[2,4],"1":[6,5],"2":[0,2]},"meta":{"lastBranch":3,"lastFunction":6,"lastStatement":15,"seen":{"s:7:13:47:Infinity":0,"f:7:13:7:36":0,"s:8:26:19:Infinity":1,"s:22:2:44:Infinity":2,"f:22:2:22:18":1,"s:23:21:41:Infinity":3,"f:23:21:23:39":2,"s:25:6:40:Infinity":4,"f:25:6:25:14":3,"s:26:29:34:Infinity":5,"f:26:44:26:48":4,"b:27:10:32:Infinity:undefined:undefined:undefined:undefined":0,"s:27:10:32:Infinity":6,"b:27:14:27:38:27:38:27:60":1,"s:29:29:29:Infinity":7,"b:29:51:29:55:29:55:29:Infinity":2,"s:30:30:30:Infinity":8,"s:31:12:31:Infinity":9,"s:33:10:33:Infinity":10,"s:36:8:39:Infinity":11,"s:43:4:43:Infinity":12,"f:43:4:43:17":5,"s:43:17:43:Infinity":13,"s:46:2:46:Infinity":14},"fnNames":{}}}
,"D:\\PromptWar\\Challenge-4\\src\\hooks\\useTelemetry.js": {"path":"D:\\PromptWar\\Challenge-4\\src\\hooks\\useTelemetry.js","statementMap":{"0":{"start":{"line":4,"column":13},"end":{"line":40,"column":null}},"1":{"start":{"line":5,"column":46},"end":{"line":5,"column":null}},"2":{"start":{"line":6,"column":40},"end":{"line":6,"column":null}},"3":{"start":{"line":7,"column":46},"end":{"line":7,"column":null}},"4":{"start":{"line":9,"column":24},"end":{"line":13,"column":null}},"5":{"start":{"line":10,"column":4},"end":{"line":10,"column":null}},"6":{"start":{"line":11,"column":4},"end":{"line":11,"column":null}},"7":{"start":{"line":12,"column":4},"end":{"line":12,"column":null}},"8":{"start":{"line":15,"column":2},"end":{"line":18,"column":null}},"9":{"start":{"line":16,"column":4},"end":{"line":16,"column":null}},"10":{"start":{"line":17,"column":4},"end":{"line":17,"column":null}},"11":{"start":{"line":17,"column":17},"end":{"line":17,"column":null}},"12":{"start":{"line":21,"column":50},"end":{"line":30,"column":null}},"13":{"start":{"line":22,"column":4},"end":{"line":22,"column":null}},"14":{"start":{"line":22,"column":50},"end":{"line":22,"column":null}},"15":{"start":{"line":23,"column":16},"end":{"line":23,"column":null}},"16":{"start":{"line":23,"column":56},"end":{"line":23,"column":74}},"17":{"start":{"line":24,"column":4},"end":{"line":24,"column":null}},"18":{"start":{"line":24,"column":19},"end":{"line":24,"column":null}},"19":{"start":{"line":25,"column":16},"end":{"line":25,"column":null}},"20":{"start":{"line":25,"column":67},"end":{"line":25,"column":109}},"21":{"start":{"line":26,"column":4},"end":{"line":29,"column":null}},"22":{"start":{"line":32,"column":2},"end":{"line":39,"column":null}}},"fnMap":{"0":{"name":"(anonymous_0)","decl":{"start":{"line":4,"column":13},"end":{"line":4,"column":34}},"loc":{"start":{"line":4,"column":34},"end":{"line":40,"column":null}},"line":4},"1":{"name":"(anonymous_1)","decl":{"start":{"line":9,"column":24},"end":{"line":9,"column":42}},"loc":{"start":{"line":9,"column":42},"end":{"line":13,"column":5}},"line":9},"2":{"name":"(anonymous_2)","decl":{"start":{"line":15,"column":2},"end":{"line":15,"column":18}},"loc":{"start":{"line":15,"column":18},"end":{"line":18,"column":5}},"line":15},"3":{"name":"(anonymous_3)","decl":{"start":{"line":17,"column":4},"end":{"line":17,"column":17}},"loc":{"start":{"line":17,"column":17},"end":{"line":17,"column":null}},"line":17},"4":{"name":"(anonymous_4)","decl":{"start":{"line":21,"column":50},"end":{"line":21,"column":64}},"loc":{"start":{"line":21,"column":64},"end":{"line":30,"column":5}},"line":21},"5":{"name":"(anonymous_5)","decl":{"start":{"line":23,"column":37},"end":{"line":23,"column":45}},"loc":{"start":{"line":23,"column":56},"end":{"line":23,"column":74}},"line":23},"6":{"name":"(anonymous_6)","decl":{"start":{"line":25,"column":48},"end":{"line":25,"column":56}},"loc":{"start":{"line":25,"column":67},"end":{"line":25,"column":109}},"line":25}},"branchMap":{"0":{"loc":{"start":{"line":22,"column":4},"end":{"line":22,"column":null}},"type":"if","locations":[{"start":{"line":22,"column":4},"end":{"line":22,"column":null}},{"start":{},"end":{}}],"line":22},"1":{"loc":{"start":{"line":22,"column":8},"end":{"line":22,"column":50}},"type":"binary-expr","locations":[{"start":{"line":22,"column":8},"end":{"line":22,"column":27}},{"start":{"line":22,"column":27},"end":{"line":22,"column":50}}],"line":22},"2":{"loc":{"start":{"line":24,"column":4},"end":{"line":24,"column":null}},"type":"if","locations":[{"start":{"line":24,"column":4},"end":{"line":24,"column":null}},{"start":{},"end":{}}],"line":24}},"s":{"0":3,"1":39,"2":39,"3":39,"4":39,"5":6,"6":6,"7":6,"8":39,"9":17,"10":17,"11":17,"12":39,
[...]
7:Infinity":146,"s:308:25:308:Infinity":147,"s:310:8:317:Infinity":148,"s:321:28:321:Infinity":149,"s:322:23:322:Infinity":150,"s:325:28:325:Infinity":151,"s:326:28:326:Infinity":152,"s:328:26:328:Infinity":153,"s:331:6:366:Infinity":154,"f:331:40:331:47":21,"b:332:8:332:Infinity:undefined:undefined:undefined:undefined":39,"s:332:8:332:Infinity":155,"s:332:37:332:Infinity":156,"b:334:8:362:Infinity:345:15:362:Infinity":40,"s:334:8:362:Infinity":157,"s:335:27:335:Infinity":158,"f:335:40:335:45":22,"s:335:50:335:108":159,"s:336:27:336:Infinity":160,"f:336:40:336:45":23,"s:336:50:336:108":161,"b:337:10:340:Infinity:undefined:undefined:undefined:undefined":41,"s:337:10:340:Infinity":162,"s:338:12:338:Infinity":163,"s:339:12:339:Infinity":164,"b:341:10:344:Infinity:undefined:undefined:undefined:undefined":42,"s:341:10:344:Infinity":165,"s:342:12:342:Infinity":166,"s:343:12:343:Infinity":167,"b:345:15:362:Infinity:352:15:362:Infinity":43,"s:345:15:362:Infinity":168,"s:346:29:346:Infinity":169,"f:346:42:346:47":24,"s:346:52:346:110":170,"b:347:10:350:Infinity:undefined:undefined:undefined:undefined":44,"s:347:10:350:Infinity":171,"s:348:12:348:Infinity":172,"s:349:12:349:Infinity":173,"s:351:10:351:Infinity":174,"f:351:40:351:47":25,"s:351:54:351:115":175,"b:352:15:362:Infinity:360:15:362:Infinity":45,"s:352:15:362:Infinity":176,"s:353:29:353:Infinity":177,"f:353:42:353:47":26,"s:353:52:353:110":178,"b:354:10:359:Infinity:undefined:undefined:undefined:undefined":46,"s:354:10:359:Infinity":179,"s:355:12:355:Infinity":180,"s:356:12:356:Infinity":181,"s:357:12:357:Infinity":182,"s:358:12:358:Infinity":183,"b:360:15:362:Infinity:undefined:undefined:undefined:undefined":47,"s:360:15:362:Infinity":184,"s:361:10:361:Infinity":185,"s:364:8:364:Infinity":186,"s:365:8:365:Infinity":187,"s:368:25:368:Infinity":188,"f:368:38:368:46":27,"s:368:57:368:76":189,"s:369:23:369:Infinity":190,"s:370:23:370:Infinity":191,"f:370:48:370:52":28,"s:370:57:370:68":192,"s:373:21:373:Infinity":193,"f:373:34:373:42":29,"s:373:53:373:72":194,"s:374:30:374:Infinity":195,"b:375:6:377:Infinity:376:11:377:Infinity":48,"s:375:6:377:Infinity":196,"s:375:24:375:Infinity":197,"b:376:11:377:Infinity:377:11:377:Infinity":49,"s:376:11:377:Infinity":198,"s:376:29:376:Infinity":199,"b:377:11:377:Infinity:undefined:undefined:undefined:undefined":50,"s:377:11:377:Infinity":200,"s:377:29:377:Infinity":201,"s:379:38:379:Infinity":202,"s:380:25:380:Infinity":203,"b:381:6:400:Infinity:undefined:undefined:undefined:undefined":51,"s:381:6:400:Infinity":204,"s:382:24:382:Infinity":205,"s:383:24:383:Infinity":206,"s:384:25:384:Infinity":207,"f:384:38:384:46":30,"s:384:57:384:109":208,"s:386:8:391:Infinity":209,"f:389:44:389:52":31,"s:389:63:389:86":210,"s:393:8:395:Infinity":211,"s:394:10:394:Infinity":212,"s:396:8:396:Infinity":213,"s:398:29:398:Infinity":214,"f:398:37:398:41":32,"s:398:46:398:64":215,"s:399:8:399:Infinity":216,"s:402:30:419:Infinity":217,"s:421:6:421:Infinity":218,"s:424:26:424:Infinity":219,"b:424:26:424:84:424:84:424:Infinity":52,"s:425:30:425:Infinity":220,"s:428:22:428:Infinity":221,"s:429:29:436:Infinity":222,"f:429:45:429:49":33,"s:430:27:430:Infinity":223,"f:430:35:430:40":34,"s:430:45:430:123":224,"b:430:45:430:99:430:99:430:123":53,"s:431:8:435:Infinity":225,"b:433:31:433:51:433:51:433:Infinity":54,"b:434:27:434:43:434:43:434:Infinity":55,"b:434:43:434:56:434:56:434:Infinity":56,"s:438:6:438:Infinity":226,"s:439:6:439:Infinity":227,"s:442:6:444:Infinity":228,"s:447:17:447:Infinity":229,"s:448:29:448:Infinity":230,"s:449:26:449:Infinity":231,"b:449:43:449:72:449:72:449:Infinity":57,"s:450:6:450:Infinity":232,"s:453:26:453:Infinity":233,"f:453:41:453:48":35,"s:453:53:453:75":234,"b:454:6:456:Infinity:undefined:undefined:undefined:undefined":58,"s:454:6:456:Infinity":235,"s:455:8:455:Infinity":236,"f:455:67:455:71":36,"s:455:76:455:93":237,"b:455:76:455:92:455:92:455:93":59,"s:457:6:457:Infinity":238,"s:458:6:458:Infinity":239,"b:460:41:460:46:460:46:460:50":60,"f:466:2:466:16":37,"s:467:16:467:Infinity":240,"s:468:20:468:Infinity":241,"b:468:26:468:44:468:44:468:Infinity":61,"s:470:4:475:Infinity":242,"f:470:20:470:28":38,"s:471:20:471:Infinity":243,"f:471:28:471:33":39,"s:471:38:471:169":244,"b:471:38:471:88:471:88:471:139:471:139:471:169":62,"b:472:6:474:Infinity:undefined:undefined:undefined:undefined":63,"s:472:6:474:Infinity":245,"s:473:8:473:Infinity":246,"b:477:4:479:Infinity:undefined:undefined:undefined:undefined":64,"s:477:4:479:Infinity":247,"s:478:6:478:Infinity":248,"s:480:4:480:Infinity":249,"f:483:2:483:29":40,"s:484:16:484:Infinity":250,"s:485:4:485:Infinity":251,"b:485:17:485:35:485:35:485:Infinity":65,"f:491:2:491:22":41,"s:492:16:492:Infinity":252,"s:493:4:493:Infinity":253,"b:493:17:493:35:493:35:493:Infinity":66,"f:496:2:496:25":42,"s:497:4:497:Infinity":254,"b:497:11:497:69:497:69:497:Infinity":67,"f:500:2:500:29":43,"s:501:16:501:Infinity":255,"s:502:4:502:Infinity":256,"b:502:17:502:35:502:35:502:Infinity":68,"f:505:2:505:20":44,"s:506:16:506:Infinity":257,"s:507:4:507:Infinity":258,"b:507:17:507:35:507:35:507:Infinity":69,"f:513:2:513:16":45,"s:514:16:514:Infinity":259,"s:515:4:515:Infinity":260,"b:515:17:515:35:515:35:515:Infinity":70,"f:518:2:518:19":46,"s:519:21:519:Infinity":261,"s:520:4:520:Infinity":262,"s:521:4:521:Infinity":263,"f:524:2:524:28":47,"s:525:21:525:Infinity":264,"s:526:20:526:Infinity":265,"f:526:29:526:33":48,"s:526:41:526:129":266,"b:526:96:526:126:526:126:526:129":71,"b:526:41:526:61:526:61:526:96":72,"s:527:4:527:Infinity":267,"s:530:4:530:Infinity":268,"b:535:0:537:Infinity:undefined:undefined:undefined:undefined":73,"s:535:0:537:Infinity":269,"s:536:2:536:Infinity":270},"fnNames":{}}}
,"D:\\PromptWar\\Challenge-4\\src\\utils\\simulationEngine.js": {"path":"D:\\PromptWar\\Challenge-4\\src\\utils\\simulationEngine.js","statementMap":{"0":{"start":{"line":8,"column":13},"end":{"line":247,"column":null}},"1":{"start":{"line":9,"column":26},"end":{"line":9,"column":null}},"2":{"start":{"line":10,"column":20},"end":{"line":10,"column":null}},"3":{"start":{"line":13,"column":20},"end":{"line":13,"column":null}},"4":{"start":{"line":13,"column":53},"end":{"line":13,"column":69}},"5":{"start":{"line":15,"column":20},"end":{"line":15,"column":null}},"6":{"start":{"line":15,"column":53},"end":{"line":15,"column":90}},"7":{"start":{"line":18,"column":2},"end":{"line":52,"column":null}},"8":{"start":{"line":19,"column":24},"end":{"line":19,"column":null}},"9":{"start":{"line":19,"column":54},"end":{"line":19,"column":79}},"10":{"start":{"line":20,"column":24},"end":{"line":20,"column":null}},"11":{"start":{"line":20,"column":54},"end":{"line":20,"column":79}},"12":{"start":{"line":22,"column":22},"end":{"line":22,"column":null}},"13":{"start":{"line":23,"column":25},"end":{"line":23,"column":null}},"14":{"start":{"line":24,"column":24},"end":{"line":24,"column":null}},"15":{"start":{"line":25,"column":19},"end":{"line":25,"column":null}},"16":{"start":{"line":27,"column":4},"end":{"line":51,"column":null}},"17":{"start":{"line":55,"column":2},"end":{"line":97,"column":null}},"18":{"start":{"line":56,"column":19},"end":{"line":56,"column":null}},"19":{"start":{"line":57,"column":16},"end":{"line":57,"column":null}},"20":{"start":{"line":58,"column":17},"end":{"line":58,"column":null}},"21":{"start":{"line":59,"column":15},"end":{"line":59,"column":null}},"22":{"start":{"line":61,"column":4},"end":{"line":71,"column":null}},"23":{"start":{"line":62,"column":6},"end":{"line":62,"column":null}},"24":{"start":{"line":63,"column":6},"end":{"line":63,"column":null}},"25":{"start":{"line":64,"column":6},"end":{"line":64,"column":null}},"26":{"start":{"line":65,"column":6},"end":{"line":65,"column":null}},"27":{"start":{"line":66,"column":11},"end":{"line":71,"column":null}},"28":{"start":{"line":67,"column":6},"end":{"line":67,"column":null}},"29":{"start":{"line":68,"column":6},"end":{"line":68,"column":null}},"30":{"start":{"line":69,"column":6},"end":{"line":69,"column":null}},"31":{"start":{"line":70,"column":6},"end":{"line":70,"column":null}},"32":{"start":{"line":73,"column":4},"end":{"line":96,"column":null}},"33":{"start":{"line":100,"column":2},"end":{"line":156,"column":null}},"34":{"start":{"line":101,"column":4},"end":{"line":127,"column":null}},"35":{"start":{"line":102,"column":25},"end":{"line":102,"column":null}},"36":{"start":{"line":103,"column":6},"end":{"line":126,"column":null}},"37":{"start":{"line":129,"column":4},"end":{"line":155,"column":null}},"38":{"start":{"line":130,"column":24},"end":{"line":130,"column":null}},"39":{"start":{"line":131,"column":6},"end":{"line":154,"column":null}},"40":{"start":{"line":159,"column":2},"end":{"line":186,"column":null}},"41":{"start":{"line":160,"column":18},"end":{"line":160,"column":null}},"42":{"start":{"line":161,"column":26},"end":{"line":161,"column":null}},"43":{"start":{"line":162,"column":4},"end":{"line":185,"column":null}},"44":{"start":{"line":189,"column":2},"end":{"line":215,"column":null}},"45":{"start":{"line":190,"column":20},"end":{"line":190,"column":null}},"46":{"start":{"line":191,"column":4},"end":{"line":214,"column":null}},"47":{"start":{"line":218,"column":2},"end":{"line":244,"column":null}},"48":{"start":{"line":219,"column":4},"end":{"line":243,"column":null}},"49":{"start":{"line":246,"column":2},"end":{"line":246,"column":null}}},"fnMap":{"0":{"name":"(anonymous_0)","decl":{"start":{"line":8,"column":13},"end":{"line":8,"column":34}},"loc":{"start":{"line":8,"column":66},"end":{"line":247,"column":null}},"line":8},"1":{"name":"(anonymous_1)","decl":{"start":{"line":13,"column":41},"end":{"line":13,"column":48}},"loc":{"start":{"line":13,"column":53},"end":{"line":13,"column":69}},"line":13},"2":{"name":"(anonymous_2)","decl":{"start":{"line":15,"column":41},"end":{"line":15,"column":48}},"loc":{"start":{"line":15,"column":53},"end":{"line":15,"column":90}},"line":15},"3":{"name":"(anonymous_3)","decl":{"start":{"line":19,"column":39},"end":{"line":19,"column":45}},"loc":{"start":{"line":19,"column":54},"end":{"line":19,"column":79}},"line":19},"4":{"name":"(anonymous_4)","decl":{"start":{"line":20,"column":39},"end":{"line":20,"column":45}},"loc":{"start":{"line":20,"column":54},"end":{"line":20,"column":79}},"line":20},"5":{"name":"(anonymous_5)","decl":{"start":{"line":55,"column":27},"end":{"line":55,"column":36}},"loc":{"start":{"line":55,"column":49},"end":{"line":97,"column":3}},"line":55},"6":{"name":"(anonymous_6)","decl":{"start":{"line":100,"column":23},"end":{"line":100,"column":31}},"loc":{"start":{"line":100,"column":39},"end":{"line":156,"column":3}},"line":100}},"branchMap":{"0":{"loc":{"start":{"line":15,"column":53},"end":{"line":15,"column":90}},"type":"binary-expr","locations":[{"start":{"line":15,"column":53},"end":{"line":15,"column":74}},{"start":{"line":15,"column":74},"end":{"line":15,"column":90}}],"line":15},"1":{"loc":{"start":{"line":18,"column":2},"end":{"line":52,"column":null}},"type":"if","locations":[{"start":{"line":18,"column":2},"end":{"line":52,"column":null}},{"start":{},"end":{}}],"line":18},"2":{"loc":{"start":{"line":18,"column":6},"end":{"line":18,"column":52}},"type":"binary-expr","locations":[{"start":{"line":18,"column":6},"end":{"line":18,"column":30}},{"start":{"line":18,"column":30},"end":{"line":18,"column":52}}],"line":18},"3":{"loc":{"start":{"line":30,"column":16},"end":{"line":30,"column":null}},"type":"cond-expr","locations":[{"start":{"line":30,"column":46},"end":{"line":30,"column":59}},{"start":{"line":30,"column":59},"end":{"line":30,"column":null}}],"line":30},"4":{"loc":{"start":{"line":48,"column":19},"end":{"line":48,"column":null}},"type":"binary-expr","locations":[{"start":{"line":48,"column":19},"end":{"line":48,"column":34}},{"start":{"line":48,"column":34},"end":{"line":48,"column":null}}],"line":48},"5":{"loc":{"start":{"line":61,"column":4},"end":{"line":71,"column":null}},"type":"if","locations":[{"start":{"line":61,"column":4},"end":{"line":71,"column":null}},{"start":{"line":66,"column":11},"end":{"line":71,"column":null}}],"line":61},"6":{"loc":{"start":{"line":61,"column":8},"end":{"line":61,"column":167}},"type":"binary-expr","locations":[{"start":{"line":61,"column":8},"end":{"line":61,"column":63}},{"start":{"line":61,"column":63},"end":{"line":61,"column":115}},{"start":{"line":61,"column":115},"end":{"line":61,"column":167}}],"line":61},"7":{"loc":{"start":{"line":66,"column":11},"end":{"line":71,"column":null}},"type":"if","locations":[{"start":{"line":66,"column":11},"end":{"line":71,"column":null}},{"start":{},"end":{}}],"line":66},"8":{"loc":{"start":{"line":66,"column":15},"end":{"line":66,"column":216}},"type":"binary-expr","locations":[{"start":{"line":66,"column":15},"end":{"line":66,"column":65}},{"start":{"line":66,"column":65},"end":{"line":66,"column":118}},{"start":{"line":66,"column":118},"end":{"line":66,"column":167}},{"start":{"line":66,"column":167},"end":{"line":66,"column":216}}],"line":66},"9":{"loc":{"start":{"line":93,"column":19},"end":{"line":93,"column":null}},"type":"binary-expr","locations":[{"start":{"line":93,"column":19},"end":{"line":93,"column":34}},{"start":{"line":93,"column":34},"end":{"line":93,"column":null}}],"line":93},"10":{"loc":{"start":{"line":101,"column":4},"end":{"line":127,"column":null}},"type":"if","locations":[{"start":{"line":101,"column":4},"end":{"line":127,"column":null}},{"start":{},"end":{}}],"line":101},"11":{"loc":{"start":{"line":101,"column":8},"end":{"line":101,"column":70}},"type":"binary-expr","locations":[{"start":{"line":101,"column":8},"end":{"line":101,"column":35}},{"start":{"line":101,"column":35},"end":{"line":101,"column":70}}],"line":101},"12":{"loc":{"start":{"line":123,"column":21},"end":{"line":123,"column":null}},"type":"binary-expr","locations":[{"start":{"line":123,"column":21},"end":{"line":123,"column":36}},{"start":{"line":123,"column":36},"end":{"line":123,"column":null}}],"line":123},"13":{"loc":{"start":{"line":129,"column":4},"end":{"line":155,"column":null}},"type":"if","locations":[{"start":{"line":129,"column":4},"end":{"line":155,"column":null}},{"start":{},"end":{}}],"line":129},"14":{"loc":{"start":{"line":151,"column":21},"end":{"line":151,"column":null}},"type":"binary-expr","locations":[{"start":{"line":151,"column":21},"end":{"line":151,"column":36}},{"start":{"line":151,"column":36},"end":{"line":151,"column":null}}],"line":151},"15":{"loc":{"start":{"line":159,"column":2},"end":{"line":186,"column":null}},"type":"if","locations":[{"start":{"line":159,"column":2},"end":{"line":186,"column":null}},{"start":{},"end":{}}],"line":159},"16":{"loc":{"start":{"line":165,"column":16},"end":{"line":165,"column":null}},"type":"cond-expr","locations":[{"start":{"line":165,"column":30},"end":{"line":165,"column":39}},{"start":{"line":165,"column":39},"end":{"line":165,"column":null}}],"line":165},"17":{"loc":{"start":{"line":182,"column":19},"end":{"line":182,"column":null}},"type":"binary-expr","locations":[{"start":{"line":182,"column":19},"end":{"line":182,"column":34}},{"start":{"line":182,"column":34},"end":{"line":182,"column":null}}],"line":182},"18":{"loc":{"start":{"line":189,"column":2},"end":{"line":215,"column":null}},"type":"if","locations":[{"start":{"line":189,"column":2},"end":{"line":215,"column":null}},{"start":{},"end":{}}],"line":189},"19":{"loc":{"start":{"line":189,"column":6},"end":{"line":189,"column":132}},"type":"binary-expr","locations":[{"start":{"line":189,"column":6},"end":{"line":189,"column":40}},{"start":{"line":189,"column":40},"end":{"line":189,"column":86}},{"start":{"line":189,"column":86},"end":{"line":189,"column":132}}],"line":189},"20":{"loc":{"start":{"line":194,"column":16},"end":{"line":194,"column":null}},"type":"cond-expr","locations":[{"start":{"line":194,"column":43},"end":{"line":194,"column":52}},{"start":{"line":194,"column":52},"end":{"line":194,"column":null}}],"line":194},"21":{"loc":{"start":{"line":211,"column":19},"end":{"line":211,"column":null}},"type":"binary-expr","locations":[{"start":{"line":211,"column":19},"end":{"line":211,"column":34}},{"start":{"line":211,"column":34},"end":{"line":211,"column":null}}],"line":211},"22":{"loc":{"start":{"line":218,"column":2},"end":{"line":244,"column":null}},"type":"if","locations":[{"start":{"line":218,"column":2},"end":{"line":244,"column":null}},{"start":{},"end":{}}],"line":218},"23":{"loc":{"start":{"line":240,"column":19},"end":{"line":240,"column":null}},"type":"binary-expr","locations":[{"start":{"line":240,"column":19},"end":{"line":240,"column":34}},{"start":{"line":240,"column":34},"end":{"line":240,"column":null}}],"line":240}},"s":{"0":7,"1":24,"2":24,"3":24,"4":48,"5":24,"6":48,"7":24,"8":8,"9":0,"10":8,"11":0,"12":8,"13":8,"14":8,"15":8,"16":8,"17":24,"18":14,"19":14,"20":14,"21":14,"22":14,"23":1,"24":1,"25":1,"26":1,"27":13,"28":1,"29":1,"30":1,"31":1,"32":14,"33":24,"34":48,"35":1,"36":1,"37":48,"38":1,"39":1,"40":24,"41":4,"42":4,"43":4,"44":24,"45":1,"46":1,"47":24,"48":9,"49":24},"f":{"0":24,"1":48,"2":48,"3":0,"4":0,"5":14,"6":48},"b":{"0":[48,24],"1":[8,16],"2":[24,10],"3":[2,6],"4":[8,0],"5":[1,13],"6":[14,13,13],"7":[1,12],"8":[13,12,12,12],"9":[14,0],"10":[1,47],"11":[48,47],"12":[1,0],"13":[1,47],"14":[1,0],"15":[4,20],"16":[0,4],"17":[4,0],"18":[1,23],"19":[24,24,1],"20":[1,0],"21":[1,0],"22":[9,15],"23":[9,0]},"meta":{"lastBranch":24,"lastFunction":7,"lastStatement":50,"seen":{"s:8:13:247:Infinity":0,"f:8:13:8:34":0,"s:9:26:9:Infinity":1,"s:10:20:10:Infinity":2,"s:13:20:13:Infinity":3,"f:13:41:13:48":1,"s:13:53:13:69":4,"s:15:20:15:Infinity":5,"f:15:41:15:48":2,"s:15:53:15:90":6,"b:15:53:15:74:15:74:15:90":0,"b:18:2:52:Infinity:undefined:undefined:undefined:undefined":1,"s:18:2:52:Infinity":7,"b:18:6:18:30:18:30:18:52":2,"s:19:24:19:Infinity":8,"f:19:39:19:45":3,"s:19:54:19:79":9,"s:20:24:20:Infinity":10,"f:20:39:20:45":4,"s:20:54:20:79":11,"s:22:22:22:Infinity":12,"s:23:25:23:Infinity":13,"s:24:24:24:Infinity":14,"s:25:19:25:Infinity":15,"s:27:4:51:Infinity":16,"b:30:46:30:59:30:59:30:Infinity":3,"b:48:19:48:34:48:34:48:Infinity":4,"s:55:2:97:Infinity":17,"f:55:27:55:36":5,"s:56:19:56:Infinity":18,"s:57:16:57:Infinity":19,"s:58:17:58:Infinity":20,"s:59:15:59:Infinity":21,"b:61:4:71:Infinity:66:11:71:Infinity":5,"s:61:4:71:Infinity":22,"b:61:8:61:63:61:63:61:115:61:115:61:167":6,"s:62:6:62:Infinity":23,"s:63:6:63:Infinity":24,"s:64:6:64:Infinity":25,"s:65:6:65:Infinity":26,"b:66:11:71:Infinity:undefined:undefined:undefined:undefined":7,"s:66:11:71:Infinity":27,"b:66:15:66:65:66:65:66:118:66:118:66:167:66:167:66:216":8,"s:67:6:67:Infinity":28,"s:68:6:68:Infinity":29,"s:69:6:69:Infinity":30,"s:70:6:70:Infinity":31,"s:73:4:96:Infinity":32,"b:93:19:93:34:93:34:93:Infinity":9,"s:100:2:156:Infinity":33,"f:100:23:100:31":6,"b:101:4:127:Infinity:undefined:undefined:undefined:undefined":10,"s:101:4:127:Infinity":34,"b:101:8:101:35:101:35:101:70":11,"s:102:25:102:Infinity":35,"s:103:6:126:Infinity":36,"b:123:21:123:36:123:36:123:Infinity":12,"b:129:4:155:Infinity:undefined:undefined:undefined:undefined":13,"s:129:4:155:Infinity":37,"s:130:24:130:Infinity":38,"s:131:6:154:Infinity":39,"b:151:21:151:36:151:36:151:Infinity":14,"b:159:2:186:Infinity:undefined:undefined:undefined:undefined":15,"s:159:2:186:Infinity":40,"s:160:18:160:Infinity":41,"s:161:26:161:Infinity":42,"s:162:4:185:Infinity":43,"b:165:30:165:39:165:39:165:Infinity":16,"b:182:19:182:34:182:34:182:Infinity":17,"b:189:2:215:Infinity:undefined:undefined:undefined:undefined":18,"s:189:2:215:Infinity":44,"b:189:6:189:40:189:40:189:86:189:86:189:132":19,"s:190:20:190:Infinity":45,"s:191:4:214:Infinity":46,"b:194:43:194:52:194:52:194:Infinity":20,"b:211:19:211:34:211:34:211:Infinity":21,"b:218:2:244:Infinity:undefined:undefined:undefined:undefined":22,"s:218:2:244:Infinity":47,"s:219:4:243:Infinity":48,"b:240:19:240:34:240:34:240:Infinity":23,"s:246:2:246:Infinity":49},"fnNames":{}}}
}
