{"D:\\PromptWar\\Challenge-4\\src\\components\\common\\Badge.jsx": {"path":"D:\\PromptWar\\Challenge-4\\src\\components\\common\\Badge.jsx","statementMap":{"0":{"start":{"line":6,"column":13},"end":{"line":24,"column":null}},"1":{"start":{"line":7,"column":22},"end":{"line":7,"column":null}},"2":{"start":{"line":9,"column":19},"end":{"line":15,"column":null}},"3":{"start":{"line":17,"column":25},"end":{"line":17,"column":null}},"4":{"start":{"line":19,"column":2},"end":{"line":22,"column":null}}},"fnMap":{"0":{"name":"(anonymous_0)","decl":{"start":{"line":6,"column":13},"end":{"line":6,"column":22}},"loc":{"start":{"line":6,"column":73},"end":{"line":24,"column":null}},"line":6}},"branchMap":{"0":{"loc":{"start":{"line":6,"column":24},"end":{"line":6,"column":42}},"type":"default-arg","locations":[{"start":{"line":6,"column":34},"end":{"line":6,"column":42}}],"line":6},"1":{"loc":{"start":{"line":6,"column":52},"end":{"line":6,"column":73}},"type":"default-arg","locations":[{"start":{"line":6,"column":64},"end":{"line":6,"column":73}}],"line":6},"2":{"loc":{"start":{"line":17,"column":25},"end":{"line":17,"column":null}},"type":"binary-expr","locations":[{"start":{"line":17,"column":25},"end":{"line":17,"column":46}},{"start":{"line":17,"column":46},"end":{"line":17,"column":null}}],"line":17}},"s":{"0":4,"1":296,"2":296,"3":296,"4":296},"f":{"0":296},"b":{"0":[296],"1":[296],"2":[296,0]},"meta":{"lastBranch":3,"lastFunction":1,"lastStatement":5,"seen":{"s:6:13:24:Infinity":0,"f:6:13:6:22":0,"b:6:34:6:42":0,"b:6:64:6:73":1,"s:7:22:7:Infinity":1,"s:9:19:15:Infinity":2,"s:17:25:17:Infinity":3,"b:17:25:17:46:17:46:17:Infinity":2,"s:19:2:22:Infinity":4},"fnNames":{}}}
,"D:\\PromptWar\\Challenge-4\\src\\components\\common\\Button.jsx": {"path":"D:\\PromptWar\\Challenge-4\\src\\components\\common\\Button.jsx","statementMap":{"0":{"start":{"line":6,"column":13},"end":{"line":42,"column":null}},"1":{"start":{"line":16,"column":22},"end":{"line":16,"column":null}},"2":{"start":{"line":18,"column":16},"end":{"line":22,"column":null}},"3":{"start":{"line":24,"column":19},"end":{"line":29,"column":null}},"4":{"start":{"line":31,"column":2},"end":{"line":40,"column":null}}},"fnMap":{"0":{"name":"(anonymous_0)","decl":{"start":{"line":6,"column":13},"end":{"line":6,"column":23}},"loc":{"start":{"line":15,"column":6},"end":{"line":42,"column":null}},"line":15}},"branchMap":{"0":{"loc":{"start":{"line":8,"column":2},"end":{"line":8,"column":null}},"type":"default-arg","locations":[{"start":{"line":8,"column":12},"end":{"line":8,"column":null}}],"line":8},"1":{"loc":{"start":{"line":9,"column":2},"end":{"line":9,"column":null}},"type":"default-arg","locations":[{"start":{"line":9,"column":9},"end":{"line":9,"column":null}}],"line":9},"2":{"loc":{"start":{"line":11,"column":2},"end":{"line":11,"column":null}},"type":"default-arg","locations":[{"start":{"line":11,"column":14},"end":{"line":11,"column":null}}],"line":11},"3":{"loc":{"start":{"line":12,"column":2},"end":{"line":12,"column":null}},"type":"default-arg","locations":[{"start":{"line":12,"column":13},"end":{"line":12,"column":null}}],"line":12},"4":{"loc":{"start":{"line":13,"column":2},"end":{"line":13,"column":null}},"type":"default-arg","locations":[{"start":{"line":13,"column":9},"end":{"line":13,"column":null}}],"line":13}},"s":{"0":5,"1":122,"2":122,"3":122,"4":122},"f":{"0":122},"b":{"0":[122],"1":[122],"2":[122],"3":[122],"4":[122]},"meta":{"lastBranch":5,"lastFunction":1,"lastStatement":5,"seen":{"s:6:13:42:Infinity":0,"f:6:13:6:23":0,"b:8:12:8:Infinity":0,"b:9:9:9:Infinity":1,"b:11:14:11:Infinity":2,"b:12:13:12:Infinity":3,"b:13:9:13:Infinity":4,"s:16:22:16:Infinity":1,"s:18:16:22:Infinity":2,"s:24:19:29:Infinity":3,"s:31:2:40:Infinity":4},"fnNames":{}}}
,"D:\\PromptWar\\Challenge-4\\src\\components\\common\\Card.jsx": {"path":"D:\\PromptWar\\Challenge-4\\src\\components\\common\\Card.jsx","statementMap":{"0":{"start":{"line":6,"column":13},"end":{"line":30,"column":null}},"1":{"start":{"line":7,"column":2},"end":{"line":28,"column":null}}},"fnMap":{"0":{"name":"(anonymous_0)","decl":{"start":{"line":6,"column":13},"end":{"line":6,"column":21}},"loc":{"start":{"line":6,"column":100},"end":{"line":30,"column":null}},"line":6}},"branchMap":{"0":{"loc":{"start":{"line":6,"column":50},"end":{"line":6,"column":66}},"type":"default-arg","locations":[{"start":{"line":6,"column":62},"end":{"line":6,"column":66}}],"line":6},"1":{"loc":{"start":{"line":6,"column":80},"end":{"line":6,"column":100}},"type":"default-arg","locations":[{"start":{"line":6,"column":88},"end":{"line":6,"column":100}}],"line":6},"2":{"loc":{"start":{"line":14,"column":10},"end":{"line":14,"column":null}},"type":"cond-expr","locations":[{"start":{"line":14,"column":18},"end":{"line":14,"column":94}},{"start":{"line":14,"column":94},"end":{"line":14,"column":null}}],"line":14},"3":{"loc":{"start":{"line":8,"column":4},"end":{"line":27,"column":7}},"type":"binary-expr","locations":[{"start":{"line":18,"column":8},"end":{"line":18,"column":17}},{"start":{"line":18,"column":17},"end":{"line":18,"column":29}},{"start":{"line":18,"column":29},"end":{"line":18,"column":null}},{"start":{"line":19,"column":8},"end":{"line":27,"column":7}}],"line":8},"4":{"loc":{"start":{"line":21,"column":13},"end":{"line":22,"column":25}},"type":"binary-expr","locations":[{"start":{"line":21,"column":13},"end":{"line":21,"column":22}},{"start":{"line":21,"column":22},"end":{"line":22,"column":25}}],"line":21},"5":{"loc":{"start":{"line":22,"column":13},"end":{"line":23,"column":null}},"type":"binary-expr","locations":[{"start":{"line":22,"column":13},"end":{"line":22,"column":25}},{"start":{"line":22,"column":25},"end":{"line":23,"column":null}}],"line":22},"6":{"loc":{"start":{"line":24,"column":11},"end":{"line":25,"column":null}},"type":"binary-expr","locations":[{"start":{"line":24,"column":11},"end":{"line":24,"column":27}},{"start":{"line":24,"column":27},"end":{"line":25,"column":null}}],"line":24}},"s":{"0":4,"1":343},"f":{"0":343},"b":{"0":[343],"1":[343],"2":[208,135],"3":[343,206,206,137],"4":[137,137],"5":[137,137],"6":[137,36]},"meta":{"lastBranch":7,"lastFunction":1,"lastStatement":2,"seen":{"s:6:13:30:Infinity":0,"f:6:13:6:21":0,"b:6:62:6:66":0,"b:6:88:6:100":1,"s:7:2:28:Infinity":1,"b:14:18:14:94:14:94:14:Infinity":2,"b:18:8:18:17:18:17:18:29:18:29:18:Infinity:19:8:27:7":3,"b:21:13:21:22:21:22:22:25":4,"b:22:13:22:25:22:25:23:Infinity":5,"b:24:11:24:27:24:27:25:Infinity":6},"fnNames":{}}}
,"D:\\PromptWar\\Challenge-4\\src\\components\\common\\ErrorBoundary.jsx": {"path":"D:\\PromptWar\\Challenge-4\\src\\components\\common\\ErrorBoundary.jsx","statementMap":{"0":{"start":{"line":5,"column":4},"end":{"line":5,"column":null}},"1":{"start":{"line":6,"column":4},"end":{"line":6,"column":null}},"2":{"start":{"line":10,"column":4},"end":{"line":10,"column":null}},"3":{"start":{"line":15,"column":4},"end":{"line":15,"column":null}},"4":{"start":{"line":19,"column":4},"end":{"line":42,"column":null}},"5":{"start":{"line":20,"column":6},"end":{"line":40,"column":null}},"6":{"start":{"line":35,"column":27},"end":{"line":35,"column":null}},"7":{"start":{"line":44,"column":4},"end":{"line":44,"column":null}}},"fnMap":{"0":{"name":"constructor","decl":{"start":{"line":4,"column":2},"end":{"line":4,"column":14}},"loc":{"start":{"line":4,"column":21},"end":{"line":7,"column":null}},"line":4},"1":{"name":"getDerivedStateFromError","decl":{"start":{"line":9,"column":9},"end":{"line":9,"column":34}},"loc":{"start":{"line":9,"column":41},"end":{"line":11,"column":null}},"line":9},"2":{"name":"componentDidCatch","decl":{"start":{"line":13,"column":2},"end":{"line":13,"column":20}},"loc":{"start":{"line":13,"column":38},"end":{"line":16,"column":null}},"line":13},"3":{"name":"render","decl":{"start":{"line":18,"column":2},"end":{"line":18,"column":11}},"loc":{"start":{"line":18,"column":11},"end":{"line":45,"column":null}},"line":18},"4":{"name":"(anonymous_4)","decl":{"start":{"line":35,"column":12},"end":{"line":35,"column":27}},"loc":{"start":{"line":35,"column":27},"end":{"line":35,"column":null}},"line":35}},"branchMap":{"0":{"loc":{"start":{"line":19,"column":4},"end":{"line":42,"column":null}},"type":"if","locations":[{"start":{"line":19,"column":4},"end":{"line":42,"column":null}},{"start":{},"end":{}}],"line":19},"1":{"loc":{"start":{"line":29,"column":11},"end":{"line":32,"column":null}},"type":"binary-expr","locations":[{"start":{"line":29,"column":11},"end":{"line":29,"column":null}},{"start":{"line":30,"column":12},"end":{"line":32,"column":null}}],"line":29}},"s":{"0":6,"1":6,"2":4,"3":2,"4":11,"5":5,"6":1,"7":6},"f":{"0":6,"1":1,"2":2,"3":11,"4":1},"b":{"0":[5,6],"1":[5,5]},"meta":{"lastBranch":2,"lastFunction":5,"lastStatement":8,"seen":{"f:4:2:4:14":0,"s:5:4:5:Infinity":0,"s:6:4:6:Infinity":1,"f:9:9:9:34":1,"s:10:4:10:Infinity":2,"f:13:2:13:20":2,"s:15:4:15:Infinity":3,"f:18:2:18:11":3,"b:19:4:42:Infinity:undefined:undefined:undefined:undefined":0,"s:19:4:42:Infinity":4,"s:20:6:40:Infinity":5,"b:29:11:29:Infinity:30:12:32:Infinity":1,"f:35:12:35:27":4,"s:35:27:35:Infinity":6,"s:44:4:44:Infinity":7},"fnNames":{}}}
,"D:\\PromptWar\\Challenge-4\\src\\components\\dashboard\\ExecutiveBriefingModal.jsx": {"path":"D:\\PromptWar\\Challenge-4\\src\\components\\dashboard\\ExecutiveBriefingModal.jsx","statementMap":{"0":{"start":{"line":13,"column":13},"end":{"line":202,"column":null}},"1":{"start":{"line":14,"column":2},"end":{"line":14,"column":null}},"2":{"start":{"line":14,"column":38},"end":{"line":14,"column":null}},"3":{"start":{"line":17,"column":25},"end":{"line":22,"column":null}},"4":{"start":{"line":19,"column":8},"end":{"line":20,"column":null}},"5":{"start":{"line":23,"column":21},"end":{"line":23,"column":null}},"6":{"start":{"line":23,"column":69},"end":{"line":23,"column":94}},"7":{"start":{"line":25,"column":24},"end":{"line":25,"column":null}},"8":{"start":{"line":25,"column":64},"end":{"line":25,"column":82}},"9":{"start":{"line":26,"column":25},"end":{"line":26,"column":null}},"10":{"start":{"line":26,"column":76},"end":{"line":26,"column":118}},"11":{"start":{"line":27,"column":30},"end":{"line":27,"column":null}},"12":{"start":{"line":29,"column":19},"end":{"line":29,"column":null}},"13":{"start":{"line":30,"column":21},"end":{"line":30,"column":null}},"14":{"start":{"line":31,"column":22},"end":{"line":31,"column":null}},"15":{"start":{"line":32,"column":2},"end":{"line":33,"column":null}},"16":{"start":{"line":32,"column":21},"end":{"line":32,"column":null}},"17":{"start":{"line":33,"column":7},"end":{"line":33,"column":null}},"18":{"start":{"line":33,"column":26},"end":{"line":33,"column":null}},"19":{"start":{"line":35,"column":17},"end":{"line":35,"column":null}},"20":{"start":{"line":36,"column":19},"end":{"line":36,"column":null}},"21":{"start":{"line":37,"column":20},"end":{"line":37,"column":null}},"22":{"start":{"line":38,"column":2},"end":{"line":39,"column":null}},"23":{"start":{"line":38,"column":19},"end":{"line":38,"column":null}},"24":{"start":{"line":39,"column":7},"end":{"line":39,"column":null}},"25":{"start":{"line":39,"column":24},"end":{"line":39,"column":null}},"26":{"start":{"line":41,"column":21},"end":{"line":41,"column":null}},"27":{"start":{"line":42,"column":24},"end":{"line":42,"column":null}},"28":{"start":{"line":43,"column":2},"end":{"line":44,"column":null}},"29":{"start":{"line":43,"column":35},"end":{"line":43,"column":null}},"30":{"start":{"line":44,"column":7},"end":{"line":44,"column":null}},"31":{"start":{"line":44,"column":63},"end":{"line":44,"column":null}},"32":{"start":{"line":46,"column":24},"end":{"line":46,"column":null}},"33":{"start":{"line":47,"column":25},"end":{"line":47,"column":null}},"34":{"start":{"line":48,"column":2},"end":{"line":57,"column":null}},"35":{"start":{"line":49,"column":20},"end":{"line":49,"column":null}},"36":{"start":{"line":49,"column":55},"end":{"line":49,"column":101}},"37":{"start":{"line":50,"column":4},"end":{"line":53,"column":null}},"38":{"start":{"line":51,"column":6},"end":{"line":51,"column":null}},"39":{"start":{"line":52,"column":6},"end":{"line":52,"column":null}},"40":{"start":{"line":54,"column":9},"end":{"line":57,"column":null}},"41":{"start":{"line":55,"column":4},"end":{"line":55,"column":null}},"42":{"start":{"line":55,"column":56},"end":{"line":55,"column":69}},"43":{"start":{"line":56,"column":4},"end":{"line":56,"column":null}},"44":{"start":{"line":59,"column":21},"end":{"line":59,"column":null}},"45":{"start":{"line":60,"column":24},"end":{"line":60,"column":null}},"46":{"start":{"line":61,"column":2},"end":{"line":62,"column":null}},"47":{"start":{"line":61,"column":23},"end":{"line":61,"column":null}},"48":{"start":{"line":62,"column":7},"end":{"line":62,"column":null}},"49":{"start":{"line":62,"column":27},"end":{"line":62,"column":null}},"50":{"start":{"line":64,"column":21},"end":{"line":64,"column":null}},"51":{"start":{"line":65,"column":24},"end":{"line":65,"column":null}},"52":{"start":{"line":66,"column":2},"end":{"line":67,"column":null}},"53":{"start":{"line":66,"column":23},"end":{"line":66,"column":null}},"54":{"start":{"line":67,"column":7},"end":{"line":67,"column":null}},"55":{"start":{"line":67,"column":28},"end":{"line":67,"column":null}},"56":{"start":{"line":69,"column":8},"end":{"line":96,"column":null}},"57":{"start":{"line":70,"column":28},"end":{"line":74,"column":null}},"58":{"start":{"line":76,"column":24},"end":{"line":80,"column":null}},"59":{"start":{"line":82,"column":4},"end":{"line":94,"column":null}},"60":{"start":{"line":98,"column":2},"end":{"line":200,"column":null}}},"fnMap":{"0":{"name":"(anonymous_0)","decl":{"start":{"line":13,"column":13},"end":{"line":13,"column":39}},"loc":{"start":{"line":13,"column":83},"end":{"line":202,"column":null}},"line":13},"1":{"name":"(anonymous_1)","decl":{"start":{"line":18,"column":28},"end":{"line":18,"column":33}},"loc":{"start":{"line":19,"column":8},"end":{"line":20,"column":null}},"line":19},"2":{"name":"(anonymous_2)","decl":{"start":{"line":23,"column":59},"end":{"line":23,"column":64}},"loc":{"start":{"line":23,"column":69},"end":{"line":23,"column":94}},"line":23},"3":{"name":"(anonymous_3)","decl":{"start":{"line":25,"column":45},"end":{"line":25,"column":53}},"loc":{"start":{"line":25,"column":64},"end":{"line":25,"column":82}},"line":25},"4":{"name":"(anonymous_4)","decl":{"start":{"line":26,"column":57},"end":{"line":26,"column":65}},"loc":{"start":{"line":26,"column":76},"end":{"line":26,"column":118}},"line":26},"5":{"name":"(anonymous_5)","decl":{"start":{"line":49,"column":45},"end":{"line":49,"column":50}},"loc":{"start":{"line":49,"column":55},"end":{"line":49,"column":101}},"line":49},"6":{"name":"(anonymous_6)","decl":{"start":{"line":55,"column":47},"end":{"line":55,"column":51}},"loc":{"start":{"line":55,"column":56},"end":{"line":55,"column":69}},"line":55},"7":{"name":"(anonymous_7)","decl":{"start":{"line":69,"column":8},"end":{"line":69,"column":30}},"loc":{"start":{"line":69,"column":63},"end":{"line":96,"column":null}},"line":69}},"branchMap":{"0":{"loc":{"start":{"line":14,"column":2},"end":{"line":14,"column":null}},"type":"if","locations":[{"start":{"line":14,"column":2},"end":{"line":14,"column":null}},{"start":{},"end":{}}],"line":14},"1":{"loc":{"start":{"line":14,"column":6},"end":{"line":14,"column":38}},"type":"binary-expr","locations":[{"start":{"line":14,"column":6},"end":{"line":14,"column":25}},{"start":{"line":14,"column":25},"end":{"line":14,"column":38}}],"line":14},"2":{"loc":{"start":{"line":17,"column":25},"end":{"line":22,"column":null}},"type":"cond-expr","locations":[{"start":{"line":18,"column":7},"end":{"line":21,"column":null}},{"start":{"line":22,"column":6},"end":{"line":22,"column":null}}],"line":17},"3":{"loc":{"start":{"line":17,"column":25},"end":{"line":17,"column":null}},"type":"binary-expr","locations":[{"start":{"line":17,"column":25},"end":{"line":17,"column":43}},{"start":{"line":17,"column":43},"end":{"line":17,"column":null}}],"line":17},"4":{"loc":{"start":{"line":18,"column":7},"end":{"line":21,"column":null}},"type":"binary-expr","locations":[{"start":{"line":18,"column":7},"end":{"line":21,"column":17}},{"start":{"line":21,"column":17},"end":{"line":21,"column":null}}],"line":18},"5":{"loc":{"start":{"line":19,"column":8},"end":{"line":20,"column":null}},"type":"binary-expr","locations":[{"start":{"line":19,"column":8},"end":{"line":19,"column":null}},{"start":{"line":20,"column":8},"end":{"line":20,"column":null}}],"line":19},"6":{"loc":{"start":{"line":23,"column":21},"end":{"line":23,"column":null}},"type":"cond-expr","locations":[{"start":{"line":23,"column":38},"end":{"line":23,"column":98}},{"start":{"line":23,"column":98},"end":{"line":23,"column":null}}],"line":23},"7":{"loc":{"start":{"line":29,"column":19},"end":{"line":29,"column":null}},"type":"cond-expr","locations":[{"start":{"line":29,"column":32},"end":{"line":29,"column":55}},{"start":{"line":29,"column":55},"end":{"line":29,"column":null}}],"line":29},"8":{"loc":{"start":{"line":30,"column":21},"end":{"line":30,"column":null}},"type":"cond-expr","locations":[{"start":{"line":30,"column":34},"end":{"line":30,"column":78}},{"start":{"line":30,"column":78},"end":{"line":30,"column":null}}],"line":30},"9":{"loc":{"start":{"line":32,"column":2},"end":{"line":33,"column":null}},"type":"if","locations":[{"start":{"line":32,"column":2},"end":{"line":33,"column":null}},{"start":{"line":33,"column":7},"end":{"line":33,"column":null}}],"line":32},"10":{"loc":{"start":{"line":33,"column":7},"end":{"line":33,"column":null}},"type":"if","locations":[{"start":{"line":33,"column":7},"end":{"line":33,"column":null}},{"start":{},"end":{}}],"line":33},"11":{"loc":{"start":{"line":35,"column":17},"end":{"line":35,"column":null}},"type":"cond-expr","locations":[{"start":{"line":35,"column":30},"end":{"line":35,"column":53}},{"start":{"line":35,"column":53},"end":{"line":35,"column":null}}],"line":35},"12":{"loc":{"start":{"line":36,"column":19},"end":{"line":36,"column":null}},"type":"cond-expr","locations":[{"start":{"line":36,"column":32},"end":{"line":36,"column":75}},{"start":{"line":36,"column":75},"end":{"line":36,"column":null}}],"line":36},"13":{"loc":{"start":{"line":38,"column":2},"end":{"line":39,"column":null}},"type":"if","locations":[{"start":{"line":38,"column":2},"end":{"line":39,"column":null}},{"start":{"line":39,"column":7},"end":{"line":39,"column":null}}],"line":38},"14":{"loc":{"start":{"line":39,"column":7},"end":{"line":39,"column":null}},"type":"if","locations":[{"start":{"line":39,"column":7},"end":{"line":39,"column":null}},{"start":{},"end":{}}],"line":39},"15":{"loc":{"start":{"line":43,"column":2},"end":{"line":44,"column":null}},"type":"if","locations":[{"start":{"line":43,"column":2},"end":{"line":44,"column":null}},{"start":{"line":44,"column":7},"end":{"line":44,"column":null}}],"line":43},"16":{"loc":{"start":{"line":44,"column":7},"end":{"line":44,"column":null}},"type":"if","locations":[{"start":{"line":44,"column":7},"end":{"line":44,"column":null}},{"start":{},"end":{}}],"line":44},"17":{"loc":{"start":{"line":44,"column":11},"end":{"line":44,"column":63}},"type":"binary-expr","locations":[{"start":{"line":44,"column":11},"end":{"line":44,"column":37}},{"start":{"line":44,"column":37},"end":{"line":44,"column":63}}],"line":44},"18":{"loc":{"start":{"line":48,"column":2},"end":{"line":57,"column":null}},"type":"if","locations":[{"start":{"line":48,"column":2},"end":{"line":57,"column":null}},{"start":{"line":54,"column":9},"end":{"line":57,"column":null}}],"line":48},"19":{"loc":{"start":{"line":50,"column":4},"end":{"line":53,"column":null}},"type":"if","locations":[{"start":{"line":50,"column":4},"end":{"line":53,"column":null}},{"start":{},"end":{}}],"line":50},"20":{"loc":{"start":{"line":52,"column":26},"end":{"line":52,"column":null}},"type":"cond-expr","locations":[{"start":{"line":52,"column":141},"end":{"line":52,"column":154}},{"start":{"line":52,"column":154},"end":{"line":52,"column":null}}],"line":52},"21":{"loc":{"start":{"line":52,"column":26},"end":{"line":52,"column":141}},"type":"binary-expr","locations":[{"start":{"line":52,"column":26},"end":{"line":52,"column":82}},{"start":{"line":52,"column":82},"end":{"line":52,"column":141}}],"line":52},"22":{"loc":{"start":{"line":54,"column":9},"end":{"line":57,"column":null}},"type":"if","locations":[{"start":{"line":54,"column":9},"end":{"line":57,"column":null}},{"start":{},"end":{}}],"line":54},"23":{"loc":{"start":{"line":61,"column":2},"end":{"line":62,"column":null}},"type":"if","locations":[{"start":{"line":61,"column":2},"end":{"line":62,"column":null}},{"start":{"line":62,"column":7},"end":{"line":62,"column":null}}],"line":61},"24":{"loc":{"start":{"line":62,"column":7},"end":{"line":62,"column":null}},"type":"if","locations":[{"start":{"line":62,"column":7},"end":{"line":62,"column":null}},{"start":{},"end":{}}],"line":62},"25":{"loc":{"start":{"line":66,"column":2},"end":{"line":67,"column":null}},"type":"if","locations":[{"start":{"line":66,"column":2},"end":{"line":67,"column":null}},{"start":{"line":67,"column":7},"end":{"line":67,"column":null}}],"line":66},"26":{"loc":{"start":{"line":67,"column":7},"end":{"line":67,"column":null}},"type":"if","locations":[{"start":{"line":67,"column":7},"end":{"line":67,"column":null}},{"start":{},"end":{}}],"line":67}},"s":{"0":3,"1":35,"2":30,"3":5,"4":5,"5":35,"6":4,"7":35,"8":8,"9":35,"10":8,"11":35,"12":35,"13":35,"14":35,"15":35,"16":3,"17":2,"18":0,"19":5,"20":35,"21":35,"22":35,"23":2,"24":3,"25":1,"26":5,"27":5,"28":5,"29":2,"30":3,"31":0,"32":5,"33":5,"34":5,"35":4,"36":1,"37":4,"38":1,"39":1,"40":1,"41":1,"42":2,"43":1,"44":5,"45":5,"46":5,"47":2,"48":3,"49":0,"50":5,"51":5,"52":5,"53":2,"54":3,"55":0,"56":5,"57":30,"58":30,"59":30,"60":5},"f":{"0":35,"1":5,"2":4,"3":8,"4":8,"5":1,"6":2,"7":30},"b":{"0":[30,5],"1":[35,35],"2":[5,0],"3":[5,5],"4":[5,1],"5":[5,1],"6":[4,1],"7":[4,1],"8":[4,1],"9":[3,2],"10":[0,2],"11":[4,1],"12":[4,1],"13":[2,3],"14":[1,2],"15":[2,3],"16":[0,3],"17":[3,0],"18":[4,1],"19":[1,3],"20":[1,0],"21":[1,0],"22":[1,0],"23":[2,3],"24":[0,3],"25":[2,3],"26":[0,3]},"meta":{"lastBranch":27,"lastFunction":8,"lastStatement":61,"seen":{"s:13:13:202:Infinity":0,"f:13:13:13:39":0,"b:14:2:14:Infinity:undefined:undefined:undefined:undefined":0,"s:14:2:14:Infinity":1,"b:14:6:14:25:14:25:14:38":1,"s:14:38:14:Infinity":2,"s:17:25:22:Infinity":3,"b:18:7:21:Infinity:22:6:22:Infinity":2,"b:17:25:17:43:17:43:17:Infinity":3,"b:18:7:21:17:21:17:21:Infinity":4,"f:18:28:18:33":1,"s:19:8:20:Infinity":4,"b:19:8:19:Infinity:20:8:20:Infinity":5,"s:23:21:23:Infinity":5,"b:23:38:23:98:23:98:23:Infinity":6,"f:23:59:23:64":2,"s:23:69:23:94":6,"s:25:24:25:Infinity":7,"f:25:45:25:53":3,"s:25:64:25:82":8,"s:26:25:26:Infinity":9,"f:26:57:26:65":4,"s:26:76:26:118":10,"s:27:30:27:Infinity":11,"s:29:19:29:Infinity":12,"b:29:32:29:55:29:55:29:Infinity":7,"s:30:21:30:Infinity":13,"b:30:34:30:78:30:78:30:Infinity":8,"s:31:22:31:Infinity":14,"b:32:2:33:Infinity:33:7:33:Infinity":9,"s:32:2:33:Infinity":15,"s:32:21:32:Infinity":16,"b:33:7:33:Infinity:undefined:undefined:undefined:undefined":10,"s:33:7:33:Infinity":17,"s:33:26:33:Infinity":18,"s:35:17:35:Infinity":19,"b:35:30:35:53:35:53:35:Infinity":11,"s:36:19:36:Infinity":20,"b:36:32:36:75:36:75:36:Infinity":12,"s:37:20:37:Infinity":21,"b:38:2:39:Infinity:39:7:39:Infinity":13,"s:38:2:39:Infinity":22,"s:38:19:38:Infinity":23,"b:39:7:39:Infinity:undefined:undefined:undefined:undefined":14,"s:39:7:39:Infinity":24,"s:39:24:39:Infinity":25,"s:41:21:41:Infinity":26,"s:42:24:42:Infinity":27,"b:43:2:44:Infinity:44:7:44:Infinity":15,"s:43:2:44:Infinity":28,"s:43:35:43:Infinity":29,"b:44:7:44:Infinity:undefined:undefined:undefined:undefined":16,"s:44:7:44:Infinity":30,"b:44:11:44:37:44:37:44:63":17,"s:44:63:44:Infinity":31,"s:46:24:46:Infinity":32,"s:47:25:47:Infinity":33,"b:48:2:57:Infinity:54:9:57:Infinity":18,"s:48:2:57:Infinity":34,"s:49:20:49:Infinity":35,"f:49:45:49:50":5,"s:49:55:49:101":36,"b:50:4:53:Infinity:undefined:undefined:undefined:undefined":19,"s:50:4:53:Infinity":37,"s:51:6:51:Infinity":38,"s:52:6:52:Infinity":39,"b:52:141:52:154:52:154:52:Infinity":20,"b:52:26:52:82:52:82:52:141":21,"b:54:9:57:Infinity:undefined:undefined:undefined:undefined":22,"s:54:9:57:Infinity":40,"s:55:4:55:Infinity":41,"f:55:47:55:51":6,"s:55:56:55:69":42,"s:56:4:56:Infinity":43,"s:59:21:59:Infinity":44,"s:60:24:60:Infinity":45,"b:61:2:62:Infinity:62:7:62:Infinity":23,"s:61:2:62:Infinity":46,"s:61:23:61:Infinity":47,"b:62:7:62:Infinity:undefined:undefined:undefined:undefined":24,"s:62:7:62:Infinity":48,"s:62:27:62:Infinity":49,"s:64:21:64:Infinity":50,"s:65:24:65:Infinity":51,"b:66:2:67:Infinity:67:7:67:Infinity":25,"s:66:2:67:Infinity":52,"s:66:23:66:Infinity":53,"b:67:7:67:Infinity:undefined:undefined:undefined:undefined":26,"s:67:7:67:Infinity":54,"s:67:28:67:Infinity":55,"s:69:8:96:Infinity":56,"f:69:8:69:30":7,"s:70:28:74:Infinity":57,"s:76:24:80:Infinity":58,"s:82:4:94:Infinity":59,"s:98:2:200:Infinity":60},"fnNames":{}}}
,"D:\\PromptWar\\Challenge-4\\src\\data\\mockStadiumData.js": {"path":"D:\\PromptWar\\Challenge-4\\src\\data\\mockStadiumData.js","statementMap":{"0":{"start":{"line":4,"column":31},"end":{"line":16,"column":null}},"1":{"start":{"line":18,"column":32},"end":{"line":28,"column":null}},"2":{"start":{"line":30,"column":27},"end":{"line":37,"column":null}},"3":{"start":{"line":39,"column":29},"end":{"line":49,"column":null}},"4":{"start":{"line":51,"column":25},"end":{"line":58,"column":null}},"5":{"start":{"line":60,"column":30},"end":{"line":69,"column":null}},"6":{"start":{"line":71,"column":33},"end":{"line":78,"column":null}},"7":{"start":{"line":80,"column":45},"end":{"line":117,"column":null}},"8":{"start":{"line":119,"column":30},"end":{"line":160,"column":null}},"9":{"start":{"line":162,"column":31},"end":{"line":217,"column":null}}},"fnMap":{},"branchMap":{},"s":{"0":2,"1":2,"2":2,"3":2,"4":2,"5":2,"6":2,"7":2,"8":2,"9":2},"f":{},"b":{},"meta":{"lastBranch":0,"lastFunction":0,"lastStatement":10,"seen":{"s:4:31:16:Infinity":0,"s:18:32:28:Infinity":1,"s:30:27:37:Infinity":2,"s:39:29:49:Infinity":3,"s:51:25:58:Infinity":4,"s:60:30:69:Infinity":5,"s:71:33:78:Infinity":6,"s:80:45:117:Infinity":7,"s:119:30:160:Infinity":8,"s:162:31:217:Infinity":9},"fnNames":{}}}
,"D:\\PromptWar\\Challenge-4\\src\\data\\syntheticDatasets.js": {"path":"D:\\PromptWar\\Challenge-4\\src\\data\\syntheticDatasets.js","statementMap":{"0":{"start":{"line":4,"column":34},"end":{"line":76,"column":null}}},"fnMap":{},"branchMap":{},"s":{"0":1},"f":{},"b":{},"meta":{"lastBranch":0,"lastFunction":0,"lastStatement":1,"seen":{"s:4:34:76:Infinity":0},"fnNames":{}}}
,"D:\\PromptWar\\Challenge-4\\src\\hooks\\useStadiumData.js": {"path":"D:\\PromptWar\\Challenge-4\\src\\hooks\\useStadiumData.js","statementMap":{"0":{"start":{"line":7,"column":13},"end":{"line":47,"column":null}},"1":{"start":{"line":8,"column":26},"end":{"line":19,"column":null}},"2":{"start":{"line":22,"column":2},"end":{"line":44,"column":null}},"3":{"start":{"line":23,"column":21},"end":{"line":41,"column":null}},"4":{"start":{"line":25,"column":6},"end":{"line":40,"column":null}},"5":{"start":{"line":26,"column":29},"end":{"line":34,"column":null}},"6":{"start":{"line":27,"column":10},"end":{"line":32,"column":null}},"7":{"start":{"line":29,"column":29},"end":{"line":29,"column":null}},"8":{"start":{"line":30,"column":30},"end":{"line":30,"column":null}},"9":{"start":{"line":31,"column":12},"end":{"line":31,"column":null}},"10":{"start":{"line":33,"column":10},"end":{"line":33,"column":null}},"11":{"start":{"line":36,"column":8},"end":{"line":39,"column":null}},"12":{"start":{"line":43,"column":4},"end":{"line":43,"column":null}},"13":{"start":{"line":43,"column":17},"end":{"line":43,"column":null}},"14":{"start":{"line":46,"column":2},"end":{"line":46,"column":null}}},"fnMap":{"0":{"name":"(anonymous_0)","decl":{"start":{"line":7,"column":13},"end":{"line":7,"column":36}},"loc":{"start":{"line":7,"column":36},"end":{"line":47,"column":null}},"line":7},"1":{"name":"(anonymous_1)","decl":{"start":{"line":22,"column":2},"end":{"line":22,"column":18}},"loc":{"start":{"line":22,"column":18},"end":{"line":44,"column":5}},"line":22},"2":{"name":"(anonymous_2)","decl":{"start":{"line":23,"column":21},"end":{"line":23,"column":39}},"loc":{"start":{"line":23,"column":39},"end":{"line":41,"column":7}},"line":23},"3":{"name":"(anonymous_3)","decl":{"start":{"line":25,"column":6},"end":{"line":25,"column":14}},"loc":{"start":{"line":25,"column":22},"end":{"line":40,"column":7}},"line":25},"4":{"name":"(anonymous_4)","decl":{"start":{"line":26,"column":44},"end":{"line":26,"column":48}},"loc":{"start":{"line":26,"column":56},"end":{"line":34,"column":9}},"line":26},"5":{"name":"(anonymous_5)","decl":{"start":{"line":43,"column":4},"end":{"line":43,"column":17}},"loc":{"start":{"line":43,"column":17},"end":{"line":43,"column":null}},"line":43}},"branchMap":{"0":{"loc":{"start":{"line":27,"column":10},"end":{"line":32,"column":null}},"type":"if","locations":[{"start":{"line":27,"column":10},"end":{"line":32,"column":null}},{"start":{},"end":{}}],"line":27},"1":{"loc":{"start":{"line":27,"column":14},"end":{"line":27,"column":60}},"type":"binary-expr","locations":[{"start":{"line":27,"column":14},"end":{"line":27,"column":38}},{"start":{"line":27,"column":38},"end":{"line":27,"column":60}}],"line":27},"2":{"loc":{"start":{"line":29,"column":29},"end":{"line":29,"column":null}},"type":"cond-expr","locations":[{"start":{"line":29,"column":51},"end":{"line":29,"column":55}},{"start":{"line":29,"column":55},"end":{"line":29,"column":null}}],"line":29}},"s":{"0":1,"1":4,"2":4,"3":3,"4":1,"5":1,"6":6,"7":2,"8":2,"9":2,"10":4,"11":1,"12":3,"13":3,"14":4},"f":{"0":4,"1":3,"2":1,"3":1,"4":6,"5":3},"b":{"0":[2,4],"1":[6,5],"2":[2,0]},"meta":{"lastBranch":3,"lastFunction":6,"lastStatement":15,"seen":{"s:7:13:47:Infinity":0,"f:7:13:7:36":0,"s:8:26:19:Infinity":1,"s:22:2:44:Infinity":2,"f:22:2:22:18":1,"s:23:21:41:Infinity":3,"f:23:21:23:39":2,"s:25:6:40:Infinity":4,"f:25:6:25:14":3,"s:26:29:34:Infinity":5,"f:26:44:26:48":4,"b:27:10:32:Infinity:undefined:undefined:undefined:undefined":0,"s:27:10:32:Infinity":6,"b:27:14:27:38:27:38:27:60":1,"s:29:29:29:Infinity":7,"b:29:51:29:55:29:55:29:Infinity":2,"s:30:30:30:Infinity":8,"s:31:12:31:Infinity":9,"s:33:10:33:Infinity":10,"s:36:8:39:Infinity":11,"s:43:4:43:Infinity":12,"f:43:4:43:17":5,"s:43:17:43:Infinity":13,"s:46:2:46:Infinity":14},"fnNames":{}}}
,"D:\\PromptWar\\Challenge-4\\src\\prompts\\stadiumSystemPrompt.js": {"path":"D:\\PromptWar\\Challenge-4\\src\\prompts\\stadiumSystemPrompt.js","statementMap":{"0":{"start":{"line":2,"column":30},"end":{"line":2,"column":null}},"1":{"start":{"line":4,"column":37},"end":{"line":4,"column":null}}},"fnMap":{},"branchMap":{},"s":{"0":6,"1":6},"f":{},"b":{},"meta":{"lastBranch":0,"lastFunction":0,"lastStatement":2,"seen":{"s:2:30:2:Infinity":0,"s:4:37:4:Infinity":1},"fnNames":{}}}
,"D:\\PromptWar\\Challenge-4\\src\\services\\csvParser.js": {"path":"D:\\PromptWar\\Challenge-4\\src\\services\\csvParser.js","statementMap":{"0":{"start":{"line":10,"column":6},"end":{"line":15,"column":null}},"1":{"start":{"line":11,"column":2},"end":{"line":11,"column":null}},"2":{"start":{"line":11,"column":12},"end":{"line":11,"column":null}},"3":{"start":{"line":13,"column":20},"end":{"line":13,"column":null}},"4":{"start":{"line":14,"column":2},"end":{"line":14,"column":null}},"5":{"start":{"line":29,"column":13},"end":{"line":243,"column":null}},"6":{"start":{"line":30,"column":2},"end":{"line":37,"column":null}},"7":{"start":{"line":31,"column":4},"end":{"line":36,"column":null}},"8":{"start":{"line":39,"column":16},"end":{"line":39,"column":null}},"9":{"start":{"line":40,"column":24},"end":{"line":40,"column":null}},"10":{"start":{"line":41,"column":23},"end":{"line":41,"column":null}},"11":{"start":{"line":43,"column":2},"end":{"line":50,"column":null}},"12":{"start":{"line":44,"column":4},"end":{"line":49,"column":null}},"13":{"start":{"line":53,"column":18},"end":{"line":53,"column":null}},"14":{"start":{"line":53,"column":47},"end":{"line":53,"column":69}},"15":{"start":{"line":56,"column":8},"end":{"line":56,"column":null}},"16":{"start":{"line":56,"column":32},"end":{"line":56,"column":null}},"17":{"start":{"line":59,"column":18},"end":{"line":59,"column":null}},"18":{"start":{"line":60,"column":2},"end":{"line":67,"column":null}},"19":{"start":{"line":61,"column":4},"end":{"line":66,"column":null}},"20":{"start":{"line":69,"column":2},"end":{"line":231,"column":null}},"21":{"start":{"line":69,"column":15},"end":{"line":69,"column":18}},"22":{"start":{"line":70,"column":20},"end":{"line":70,"column":null}},"23":{"start":{"line":71,"column":4},"end":{"line":71,"column":null}},"24":{"start":{"line":71,"column":25},"end":{"line":71,"column":null}},"25":{"start":{"line":73,"column":23},"end":{"line":73,"column":null}},"26":{"start":{"line":74,"column":18},"end":{"line":74,"column":null}},"27":{"start":{"line":74,"column":46},"end":{"line":74,"column":54}},"28":{"start":{"line":77,"column":4},"end":{"line":84,"column":null}},"29":{"start":{"line":78,"column":6},"end":{"line":82,"column":null}},"30":{"start":{"line":83,"column":6},"end":{"line":83,"column":null}},"31":{"start":{"line":87,"column":17},"end":{"line":87,"column":null}},"32":{"start":{"line":88,"column":21},"end":{"line":88,"column":null}},"33":{"start":{"line":89,"column":25},"end":{"line":89,"column":null}},"34":{"start":{"line":90,"column":24},"end":{"line":90,"column":null}},"35":{"start":{"line":91,"column":21},"end":{"line":91,"column":null}},"36":{"start":{"line":92,"column":20},"end":{"line":92,"column":null}},"37":{"start":{"line":93,"column":21},"end":{"line":93,"column":null}},"38":{"start":{"line":94,"column":23},"end":{"line":94,"column":null}},"39":{"start":{"line":95,"column":28},"end":{"line":95,"column":null}},"40":{"start":{"line":96,"column":20},"end":{"line":96,"column":null}},"41":{"start":{"line":99,"column":22},"end":{"line":99,"column":null}},"42":{"start":{"line":100,"column":28},"end":{"line":100,"column":null}},"43":{"start":{"line":101,"column":28},"end":{"line":101,"column":null}},"44":{"start":{"line":102,"column":30},"end":{"line":102,"column":null}},"45":{"start":{"line":103,"column":23},"end":{"line":103,"column":null}},"46":{"start":{"line":104,"column":26},"end":{"line":104,"column":null}},"47":{"start":{"line":105,"column":26},"end":{"line":105,"column":null}},"48":{"start":{"line":107,"column":22},"end":{"line":107,"column":null}},"49":{"start":{"line":111,"column":4},"end":{"line":113,"column":null}},"50":{"start":{"line":112,"column":6},"end":{"line":112,"column":null}},"51":{"start":{"line":116,"column":24},"end":{"line":116,"column":null}},"52":{"start":{"line":117,"column":4},"end":{"line":125,"column":null}},"53":{"start":{"line":118,"column":6},"end":{"line":122,"column":null}},"54":{"start":{"line":119,"column":8},"end":{"line":119,"column":null}},"55":{"start":{"line":120,"column":13},"end":{"line":122,"column":null}},"56":{"start":{"line":121,"column":8},"end":{"line":121,"column":null}},"57":{"start":{"line":124,"column":6},"end":{"line":124,"column":null}},"58":{"start":{"line":128,"column":27},"end":{"line":128,"column":null}},"59":{"start":{"line":129,"column":4},"end":{"line":139,"column":null}},"60":{"start":{"line":130,"column":26},"end":{"line":130,"column":null}},"61":{"start":{"line":131,"column":6},"end":{"line":131,"column":null}},"62":{"start":{"line":132,"column":6},"end":{"line":138,"column":null}},"63":{"start":{"line":133,"column":8},"end":{"line":133,"column":null}},"64":{"start":{"line":134,"column":13},"end":{"line":138,"column":null}},"65":{"start":{"line":135,"column":8},"end":{"line":135,"column":null}},"66":{"start":{"line":136,"column":13},"end":{"line":138,"column":null}},"67":{"start":{"line":137,"column":8},"end":{"line":137,"column":null}},"68":{"start":{"line":142,"column":24},"end":{"line":142,"column":null}},"69":{"start":{"line":143,"column":4},"end":{"line":149,"column":null}},"70":{"start":{"line":144,"column":6},"end":{"line":148,"column":null}},"71":{"start":{"line":145,"column":8},"end":{"line":145,"column":null}},"72":{"start":{"line":146,"column":13},"end":{"line":148,"column":null}},"73":{"start":{"line":147,"column":8},"end":{"line":147,"column":null}},"74":{"start":{"line":152,"column":21},"end":{"line":152,"column":null}},"75":{"start":{"line":153,"column":4},"end":{"line":159,"column":null}},"76":{"start":{"line":154,"column":6},"end":{"line":158,"column":null}},"77":{"start":{"line":155,"column":8},"end":{"line":155,"column":null}},"78":{"start":{"line":156,"column":13},"end":{"line":158,"column":null}},"79":{"start":{"line":157,"column":8},"end":{"line":157,"column":null}},"80":{"start":{"line":162,"column":4},"end":{"line":164,"column":null}},"81":{"start":{"line":163,"column":6},"end":{"line":163,"column":null}},"82":{"start":{"line":167,"column":23},"end":{"line":167,"column":null}},"83":{"start":{"line":168,"column":4},"end":{"line":170,"column":null}},"84":{"start":{"line":169,"column":6},"end":{"line":169,"column":null}},"85":{"start":{"line":172,"column":28},"end":{"line":172,"column":null}},"86":{"start":{"line":173,"column":4},"end":{"line":175,"column":null}},"87":{"start":{"line":174,"column":6},"end":{"line":174,"column":null}},"88":{"start":{"line":178,"column":23},"end":{"line":178,"column":null}},"89":{"start":{"line":179,"column":4},"end":{"line":184,"column":null}},"90":{"start":{"line":180,"column":6},"end":{"line":180,"column":null}},"91":{"start":{"line":181,"column":6},"end":{"line":183,"column":null}},"92":{"start":{"line":182,"column":8},"end":{"line":182,"column":null}},"93":{"start":{"line":186,"column":25},"end":{"line":186,"column":null}},"94":{"start":{"line":187,"column":4},"end":{"line":192,"column":null}},"95":{"start":{"line":188,"column":6},"end":{"line":188,"column":null}},"96":{"start":{"line":189,"column":6},"end":{"line":191,"column":null}},"97":{"start":{"line":190,"column":8},"end":{"line":190,"column":null}},"98":{"start":{"line":194,"column":24},"end":{"line":194,"column":null}},"99":{"start":{"line":195,"column":4},"end":{"line":201,"column":null}},"100":{"start":{"line":196,"column":24},"end":{"line":196,"column":null}},"101":{"start":{"line":197,"column":6},"end":{"line":197,"column":null}},"102":{"start":{"line":198,"column":6},"end":{"line":200,"column":null}},"103":{"start":{"line":199,"column":8},"end":{"line":199,"column":null}},"104":{"start":{"line":203,"column":4},"end":{"line":230,"column":null}},"105":{"start":{"line":204,"column":6},"end":{"line":208,"column":null}},"106":{"start":{"line":210,"column":6},"end":{"line":229,"column":null}},"107":{"start":{"line":233,"column":2},"end":{"line":242,"column":null}}},"fnMap":{"0":{"name":"(anonymous_0)","decl":{"start":{"line":10,"column":6},"end":{"line":10,"column":21}},"loc":{"start":{"line":10,"column":29},"end":{"line":15,"column":null}},"line":10},"1":{"name":"(anonymous_1)","decl":{"start":{"line":29,"column":13},"end":{"line":29,"column":36}},"loc":{"start":{"line":29,"column":48},"end":{"line":243,"column":null}},"line":29},"2":{"name":"(anonymous_2)","decl":{"start":{"line":53,"column":38},"end":{"line":53,"column":42}},"loc":{"start":{"line":53,"column":47},"end":{"line":53,"column":69}},"line":53},"3":{"name":"(anonymous_3)","decl":{"start":{"line":56,"column":8},"end":{"line":56,"column":23}},"loc":{"start":{"line":56,"column":32},"end":{"line":56,"column":null}},"line":56},"4":{"name":"(anonymous_4)","decl":{"start":{"line":74,"column":37},"end":{"line":74,"column":41}},"loc":{"start":{"line":74,"column":46},"end":{"line":74,"column":54}},"line":74}},"branchMap":{"0":{"loc":{"start":{"line":11,"column":2},"end":{"line":11,"column":null}},"type":"if","locations":[{"start":{"line":11,"column":2},"end":{"line":11,"column":null}},{"start":{},"end":{}}],"line":11},"1":{"loc":{"start":{"line":30,"column":2},"end":{"line":37,"column":null}},"type":"if","locations":[{"start":{"line":30,"column":2},"end":{"line":37,"column":null}},{"start":{},"end":{}}],"line":30},"2":{"loc":{"start":{"line":30,"column":6},"end":{"line":30,"column":35}},"type":"binary-expr","locations":[{"start":{"line":30,"column":6},"end":{"line":30,"column":18}},{"start":{"line":30,"column":18},"end":{"line":30,"column":35}}],"line":30},"3":{"loc":{"start":{"line":43,"column":2},"end":{"line":50,"column":null}},"type":"if","locations":[{"start":{"line":43,"column":2},"end":{"line":50,"column":null}},{"start":{},"end":{}}],"line":43},"4":{"loc":{"start":{"line":43,"column":6},"end":{"line":43,"column":46}},"type":"binary-expr","locations":[{"start":{"line":43,"column":6},"end":{"line":43,"column":28}},{"start":{"line":43,"column":28},"end":{"line":43,"column":46}}],"line":43},"5":{"loc":{"start":{"line":60,"column":2},"end":{"line":67,"column":null}},"type":"if","locations":[{"start":{"line":60,"column":2},"end":{"line":67,"column":null}},{"start":{},"end":{}}],"line":60},"6":{"loc":{"start":{"line":71,"column":4},"end":{"line":71,"column":null}},"type":"if","locations":[{"start":{"line":71,"column":4},"end":{"line":71,"column":null}},{"start":{},"end":{}}],"line":71},"7":{"loc":{"start":{"line":77,"column":4},"end":{"line":84,"column":null}},"type":"if","locations":[{"start":{"line":77,"column":4},"end":{"line":84,"column":null}},{"start":{},"end":{}}],"line":77},"8":{"loc":{"start":{"line":92,"column":20},"end":{"line":92,"column":null}},"type":"binary-expr","locations":[{"start":{"line":92,"column":20},"end":{"line":92,"column":53}},{"start":{"line":92,"column":53},"end":{"line":92,"column":null}}],"line":92},"9":{"loc":{"start":{"line":93,"column":21},"end":{"line":93,"column":null}},"type":"binary-expr","locations":[{"start":{"line":93,"column":21},"end":{"line":93,"column":55}},{"start":{"line":93,"column":55},"end":{"line":93,"column":null}}],"line":93},"10":{"loc":{"start":{"line":99,"column":22},"end":{"line":99,"column":null}},"type":"binary-expr","locations":[{"start":{"line":99,"column":22},"end":{"line":99,"column":58}},{"start":{"line":99,"column":58},"end":{"line":99,"column":null}}],"line":99},"11":{"loc":{"start":{"line":100,"column":28},"end":{"line":100,"column":null}},"type":"binary-expr","locations":[{"start":{"line":100,"column":28},"end":{"line":100,"column":70}},{"start":{"line":100,"column":70},"end":{"line":100,"column":null}}],"line":100},"12":{"loc":{"start":{"line":103,"column":23},"end":{"line":103,"column":null}},"type":"binary-expr","locations":[{"start":{"line":103,"column":23},"end":{"line":103,"column":60}},{"start":{"line":103,"column":60},"end":{"line":103,"column":null}}],"line":103},"13":{"loc":{"start":{"line":104,"column":26},"end":{"line":104,"column":null}},"type":"binary-expr","locations":[{"start":{"line":104,"column":26},"end":{"line":104,"column":66}},{"start":{"line":104,"column":66},"end":{"line":104,"column":null}}],"line":104},"14":{"loc":{"start":{"line":111,"column":4},"end":{"line":113,"column":null}},"type":"if","locations":[{"start":{"line":111,"column":4},"end":{"line":113,"column":null}},{"start":{},"end":{}}],"line":111},"15":{"loc":{"start":{"line":117,"column":4},"end":{"line":125,"column":null}},"type":"if","locations":[{"start":{"line":117,"column":4},"end":{"line":125,"column":null}},{"start":{"line":123,"column":11},"end":{"line":125,"column":null}}],"line":117},"16":{"loc":{"start":{"line":117,"column":8},"end":{"line":117,"column":51}},"type":"binary-expr","locations":[{"start":{"line":117,"column":8},"end":{"line":117,"column":34}},{"start":{"line":117,"column":34},"end":{"line":117,"column":51}}],"line":117},"17":{"loc":{"start":{"line":118,"column":6},"end":{"line":122,"column":null}},"type":"if","locations":[{"start":{"line":118,"column":6},"end":{"line":122,"column":null}},{"start":{"line":120,"column":13},"end":{"line":122,"column":null}}],"line":118},"18":{"loc":{"start":{"line":120,"column":13},"end":{"line":122,"column":null}},"type":"if","locations":[{"start":{"line":120,"column":13},"end":{"line":122,"column":null}},{"start":{},"end":{}}],"line":120},"19":{"loc":{"start":{"line":129,"column":4},"end":{"line":139,"column":null}},"type":"if","locations":[{"start":{"line":129,"column":4},"end":{"line":139,"column":null}},{"start":{},"end":{}}],"line":129},"20":{"loc":{"start":{"line":129,"column":8},"end":{"line":129,"column":59}},"type":"binary-expr","locations":[{"start":{"line":129,"column":8},"end":{"line":129,"column":38}},{"start":{"line":129,"column":38},"end":{"line":129,"column":59}}],"line":129},"21":{"loc":{"start":{"line":132,"column":6},"end":{"line":138,"column":null}},"type":"if","locations":[{"start":{"line":132,"column":6},"end":{"line":138,"column":null}},{"start":{"line":134,"column":13},"end":{"line":138,"column":null}}],"line":132},"22":{"loc":{"start":{"line":134,"column":13},"end":{"line":138,"column":null}},"type":"if","locations":[{"start":{"line":134,"column":13},"end":{"line":138,"column":null}},{"start":{"line":136,"column":13},"end":{"line":138,"column":null}}],"line":134},"23":{"loc":{"start":{"line":136,"column":13},"end":{"line":138,"column":null}},"type":"if","locations":[{"start":{"line":136,"column":13},"end":{"line":138,"column":null}},{"start":{},"end":{}}],"line":136},"24":{"loc":{"start":{"line":143,"column":4},"end":{"line":149,"column":null}},"type":"if","locations":[{"start":{"line":143,"column":4},"end":{"line":149,"column":null}},{"start":{},"end":{}}],"line":143},"25":{"loc":{"start":{"line":143,"column":8},"end":{"line":143,"column":57}},"type":"binary-expr","locations":[{"start":{"line":143,"column":8},"end":{"line":143,"column":37}},{"start":{"line":143,"column":37},"end":{"line":143,"column":57}}],"line":143},"26":{"loc":{"start":{"line":144,"column":6},"end":{"line":148,"column":null}},"type":"if","locations":[{"start":{"line":144,"column":6},"end":{"line":148,"column":null}},{"start":{"line":146,"column":13},"end":{"line":148,"column":null}}],"line":144},"27":{"loc":{"start":{"line":146,"column":13},"end":{"line":148,"column":null}},"type":"if","locations":[{"start":{"line":146,"column":13},"end":{"line":148,"column":null}},{"start":{},"end":{}}],"line":146},"28":{"loc":{"start":{"line":153,"column":4},"end":{"line":159,"column":null}},"type":"if","locations":[{"start":{"line":153,"column":4},"end":{"line":159,"column":null}},{"start":{},"end":{}}],"line":153},"29":{"loc":{"start":{"line":153,"column":8},"end":{"line":153,"column":51}},"type":"binary-expr","locations":[{"start":{"line":153,"column":8},"end":{"line":153,"column":34}},{"start":{"line":153,"column":34},"end":{"line":153,"column":51}}],"line":153},"30":{"loc":{"start":{"line":154,"column":6},"end":{"line":158,"column":null}},"type":"if","locations":[{"start":{"line":154,"column":6},"end":{"line":158,"column":null}},{"start":{"line":156,"column":13},"end":{"line":158,"column":null}}],"line":154},"31":{"loc":{"start":{"line":156,"column":13},"end":{"line":158,"column":null}},"type":"if","locations":[{"start":{"line":156,"column":13},"end":{"line":158,"column":null}},{"start":{},"end":{}}],"line":156},"32":{"loc":{"start":{"line":162,"column":4},"end":{"line":164,"column":null}},"type":"if","locations":[{"start":{"line":162,"column":4},"end":{"line":164,"column":null}},{"start":{},"end":{}}],"line":162},"33":{"loc":{"start":{"line":162,"column":8},"end":{"line":162,"column":42}},"type":"binary-expr","locations":[{"start":{"line":162,"column":8},"end":{"line":162,"column":19}},{"start":{"line":162,"column":19},"end":{"line":162,"column":42}}],"line":162},"34":{"loc":{"start":{"line":167,"column":23},"end":{"line":167,"column":null}},"type":"cond-expr","locations":[{"start":{"line":167,"column":36},"end":{"line":167,"column":74}},{"start":{"line":167,"column":74},"end":{"line":167,"column":null}}],"line":167},"35":{"loc":{"start":{"line":168,"column":4},"end":{"line":170,"column":null}},"type":"if","locations":[{"start":{"line":168,"column":4},"end":{"line":170,"column":null}},{"start":{},"end":{}}],"line":168},"36":{"loc":{"start":{"line":168,"column":8},"end":{"line":168,"column":90}},"type":"binary-expr","locations":[{"start":{"line":168,"column":8},"end":{"line":168,"column":32}},{"start":{"line":168,"column":32},"end":{"line":168,"column":53}},{"start":{"line":168,"column":53},"end":{"line":168,"column":71}},{"start":{"line":168,"column":71},"end":{"line":168,"column":90}}],"line":168},"37":{"loc":{"start":{"line":172,"column":28},"end":{"line":172,"column":null}},"type":"cond-expr","locations":[{"start":{"line":172,"column":46},"end":{"line":172,"column":72}},{"start":{"line":172,"column":72},"end":{"line":172,"column":null}}],"line":172},"38":{"loc":{"start":{"line":173,"column":4},"end":{"line":175,"column":null}},"type":"if","locations":[{"start":{"line":173,"column":4},"end":{"line":175,"column":null}},{"start":{},"end":{}}],"line":173},"39":{"loc":{"start":{"line":173,"column":8},"end":{"line":173,"column":55}},"type":"binary-expr","locations":[{"start":{"line":173,"column":8},"end":{"line":173,"column":34}},{"start":{"line":173,"column":34},"end":{"line":173,"column":55}}],"line":173},"40":{"loc":{"start":{"line":179,"column":4},"end":{"line":184,"column":null}},"type":"if","locations":[{"start":{"line":179,"column":4},"end":{"line":184,"column":null}},{"start":{},"end":{}}],"line":179},"41":{"loc":{"start":{"line":179,"column":8},"end":{"line":179,"column":65}},"type":"binary-expr","locations":[{"start":{"line":179,"column":8},"end":{"line":179,"column":41}},{"start":{"line":179,"column":41},"end":{"line":179,"column":65}}],"line":179},"42":{"loc":{"start":{"line":181,"column":6},"end":{"line":183,"column":null}},"type":"if","locations":[{"start":{"line":181,"column":6},"end":{"line":183,"column":null}},{"start":{},"end":{}}],"line":181},"43":{"loc":{"start":{"line":181,"column":10},"end":{"line":181,"column":51}},"type":"binary-expr","locations":[{"start":{"line":181,"column":10},"end":{"line":181,"column":33}},{"start":{"line":181,"column":33},"end":{"line":181,"column":51}}],"line":181},"44":{"loc":{"start":{"line":187,"column":4},"end":{"line":192,"column":null}},"type":"if","locations":[{"start":{"line":187,"column":4},"end":{"line":192,"column":null}},{"start":{},"end":{}}],"line":187},"45":{"loc":{"start":{"line":187,"column":8},"end":{"line":187,"column":69}},"type":"binary-expr","locations":[{"start":{"line":187,"column":8},"end":{"line":187,"column":43}},{"start":{"line":187,"column":43},"end":{"line":187,"column":69}}],"line":187},"46":{"loc":{"start":{"line":189,"column":6},"end":{"line":191,"column":null}},"type":"if","locations":[{"start":{"line":189,"column":6},"end":{"line":191,"column":null}},{"start":{},"end":{}}],"line":189},"47":{"loc":{"start":{"line":189,"column":10},"end":{"line":189,"column":55}},"type":"binary-expr","locations":[{"start":{"line":189,"column":10},"end":{"line":189,"column":35}},{"start":{"line":189,"column":35},"end":{"line":189,"column":55}}],"line":189},"48":{"loc":{"start":{"line":195,"column":4},"end":{"line":201,"column":null}},"type":"if","locations":[{"start":{"line":195,"column":4},"end":{"line":201,"column":null}},{"start":{},"end":{}}],"line":195},"49":{"loc":{"start":{"line":195,"column":8},"end":{"line":195,"column":61}},"type":"binary-expr","locations":[{"start":{"line":195,"column":8},"end":{"line":195,"column":39}},{"start":{"line":195,"column":39},"end":{"line":195,"column":61}}],"line":195},"50":{"loc":{"start":{"line":198,"column":6},"end":{"line":200,"column":null}},"type":"if","locations":[{"start":{"line":198,"column":6},"end":{"line":200,"column":null}},{"start":{},"end":{}}],"line":198},"51":{"loc":{"start":{"line":198,"column":10},"end":{"line":198,"column":76}},"type":"binary-expr","locations":[{"start":{"line":198,"column":10},"end":{"line":198,"column":34}},{"start":{"line":198,"column":34},"end":{"line":198,"column":55}},{"start":{"line":198,"column":55},"end":{"line":198,"column":76}}],"line":198},"52":{"loc":{"start":{"line":203,"column":4},"end":{"line":230,"column":null}},"type":"if","locations":[{"start":{"line":203,"column":4},"end":{"line":230,"column":null}},{"start":{"line":209,"column":11},"end":{"line":230,"column":null}}],"line":203},"53":{"loc":{"start":{"line":214,"column":18},"end":{"line":214,"column":null}},"type":"binary-expr","locations":[{"start":{"line":214,"column":18},"end":{"line":214,"column":33}},{"start":{"line":214,"column":33},"end":{"line":214,"column":null}}],"line":214},"54":{"loc":{"start":{"line":215,"column":15},"end":{"line":215,"column":null}},"type":"binary-expr","locations":[{"start":{"line":215,"column":15},"end":{"line":215,"column":27}},{"start":{"line":215,"column":27},"end":{"line":215,"column":null}}],"line":215},"55":{"loc":{"start":{"line":218,"column":17},"end":{"line":218,"column":null}},"type":"binary-expr","locations":[{"start":{"line":218,"column":17},"end":{"line":218,"column":31}},{"start":{"line":218,"column":31},"end":{"line":218,"column":null}}],"line":218},"56":{"loc":{"start":{"line":220,"column":14},"end":{"line":220,"column":null}},"type":"binary-expr","locations":[{"start":{"line":220,"column":14},"end":{"line":220,"column":25}},{"start":{"line":220,"column":25},"end":{"line":220,"column":null}}],"line":220}},"s":{"0":4,"1":15023,"2":0,"3":15023,"4":15023,"5":4,"6":20,"7":2,"8":18,"9":18,"10":18,"11":18,"12":0,"13":18,"14":176,"15":18,"16":240386,"17":18,"18":18,"19":2,"20":16,"21":16,"22":15037,"23":15037,"24":13,"25":15024,"26":15024,"27":150240,"28":15024,"29":1,"30":1,"31":15023,"32":15023,"33":15023,"34":15023,"35":15023,"36":15023,"37":15037,"38":15037,"39":15037,"40":15037,"41":15037,"42":15037,"43":15037,"44":15037,"45":15037,"46":15037,"47":15037,"48":15037,"49":15037,"50":0,"51":15023,"52":15023,"53":15022,"54":1,"55":15021,"56":1,"57":1,"58":15023,"59":15023,"60":15023,"61":15023,"62":15023,"63":1,"64":15022,"65":1,"66":15021,"67":1,"68":15023,"69":15023,"70":15023,"71":1,"72":15022,"73":1,"74":15023,"75":15023,"76":15023,"77":1,"78":15022,"79":1,"80":15023,"81":3,"82":15023,"83":15037,"84":1,"85":15023,"86":15037,"87":1,"88":15023,"89":15023,"90":1,"91":1,"92":1,"93":15023,"94":15023,"95":3,"96":3,"97":1,"98":15023,"99":15023,"100":3,"101":3,"102":3,"103":2,"104":15023,"105":19,"106":15004,"107":15037},"f":{"0":15023,"1":20,"2":176,"3":240386,"4":150240},"b":{"0":[0,15023],"1":[2,18],"2":[20,19],"3":[0,18],"4":[18,18],"5":[2,16],"6":[13,15024],"7":[1,15023],"8":[15023,0],"9":[15037,0],"10":[15037,15023],"11":[15037,15023],"12":[15037,15023],"13":[15037,15023],"14":[0,15037],"15":[15022,1],"16":[15023,15023],"17":[1,15021],"18":[1,15020],"19":[15023,0],"20":[15023,15023],"21":[1,15022],"22":[1,15021],"23":[1,15020],"24":[15023,0],"25":[15023,15023],"26":[1,15022],"27":[1,15021],"28":[15023,0],"29":[15023,15023],"30":[1,15022],"31":[1,15021],"32":[3,15020],"33":[15023,15023],"34":[15023,0],"35":[1,15036],"36":[15037,15023,15022,15022],"37":[15023,0],"38":[1,15036],"39":[15037,15023],"40":[1,15022],"41":[15023,1],"42":[1,0],"43":[1,0],"44":[3,15020],"45":[15023,3],"46":[1,2],"47":[3,3],"48":[3,15020],"49":[15023,3],"50":[2,1],"51":[3,3,2],"52":[19,15004],"53":[15004,0],"54":[15004,0],"55":[15004,0],"56":[15004,0]},"meta":{"lastBranch":57,"lastFunction":5,"lastStatement":108,"seen":{"s:10:6:15:Infinity":0,"f:10:6:10:21":0,"b:11:2:11:Infinity:undefined:undefined:undefined:undefined":0,"s:11:2:11:Infinity":1,"s:11:12:11:Infinity":2,"s:13:20:13:Infinity":3,"s:14:2:14:Infinity":4,"s:29:13:243:Infinity":5,"f:29:13:29:36":1,"b:30:2:37:Infinity:undefined:undefined:undefined:undefined":1,"s:30:2:37:Infinity":6,"b:30:6:30:18:30:18:30:35":2,"s:31:4:36:Infinity":7,"s:39:16:39:Infinity":8,"s:40:24:40:Infinity":9,"s:41:23:41:Infinity":10,"b:43:2:50:Infinity:undefined:undefined:undefined:undefined":3,"s:43:2:50:Infinity":11,"b:43:6:43:28:43:28:43:46":4,"s:44:4:49:Infinity":12,"s:53:18:53:Infinity":13,"f:53:38:53:42":2,"s:53:47:53:69":14,"s:56:8:56:Infinity":15,"f:56:8:56:23":3,"s:56:32:56:Infinity":16,"s:59:18:59:Infinity":17,"b:60:2:67:Infinity:undefined:undefined:undefined:undefined":5,"s:60:2:67:Infinity":18,"s:61:4:66:Infinity":19,"s:69:2:231:Infinity":20,"s:69:15:69:18":21,"s:70:20:70:Infinity":22,"b:71:4:71:Infinity:undefined:undefined:undefined:undefined":6,"s:71:4:71:Infinity":23,"s:71:25:71:Infinity":24,"s:73:23:73:Infinity":25,"s:74:18:74:Infinity":26,"f:74:37:74:41":4,"s:74:46:74:54":27,"b:77:4:84:Infinity:undefined:undefined:undefined:undefined":7,"s:77:4:84:Infinity":28,"s:78:6:82:Infinity":29,"s:83:6:83:Infinity":30,"s:87:17:87:Infinity":31,"s:88:21:88:Infinity":32,"s:89:25:89:Infinity":33,"s:90:24:90:Infinity":34,"s:91:21:91:Infinity":35,"s:92:20:92:Infinity":36,"b:92:20:92:53:92:53:92:Infinity":8,"s:93:21:93:Infinity":37,"b:93:21:93:55:93:55:93:Infinity":9,"s:94:23:94:Infinity":38,"s:95:28:95:Infinity":39,"s:96:20:96:Infinity":40,"s:99:22:99:Infinity":41,"b:99:22:99:58:99:58:99:Infinity":10,"s:100:28:100:Infinity":42,"b:100:28:100:70:100:70:100:Infinity":11,"s:101:28:101:Infinity":43,"s:102:30:102:Infinity":44,"s:103:23:103:Infinity":45,"b:103:23:103:60:103:60:103:Infinity":12,"s:104:26:104:Infinity":46,"b:104:26:104:66:104:66:104:Infinity":13,"s:105:26:105:Infinity":47,"s:107:22:107:Infinity":48,"b:111:4:113:Infinity:undefined:undefined:undefined:undefined":14,"s:111:4:113:Infinity":49,"s:112:6:112:Infinity":50,"s:116:24:116:Infinity":51,"b:117:4:125:Infinity:123:11:125:Infinity":15,"s:117:4:125:Infinity":52,"b:117:8:117:34:117:34:117:51":16,"b:118:6:122:Infinity:120:13:122:Infinity":17,"s:118:6:122:Infinity":53,"s:119:8:119:Infinity":54,"b:120:13:122:Infinity:undefined:undefined:undefined:undefined":18,"s:120:13:122:Infinity":55,"s:121:8:121:Infinity":56,"s:124:6:124:Infinity":57,"s:128:27:128:Infinity":58,"b:129:4:139:Infinity:undefined:undefined:undefined:undefined":19,"s:129:4:139:Infinity":59,"b:129:8:129:38:129:38:129:59":20,"s:130:26:130:Infinity":60,"s:131:6:131:Infinity":61,"b:132:6:138:Infinity:134:13:138:Infinity":21,"s:132:6:138:Infinity":62,"s:133:8:133:Infinity":63,"b:134:13:138:Infinity:136:13:138:Infinity":22,"s:134:13:138:Infinity":64,"s:135:8:135:Infinity":65,"b:136:13:138:Infinity:undefined:undefined:undefined:undefined":23,"s:136:13:138:Infinity":66,"s:137:8:137:Infinity":67,"s:142:24:142:Infinity":68,"b:143:4:149:Infinity:undefined:undefined:undefined:undefined":24,"s:143:4:149:Infinity":69,"b:143:8:143:37:143:37:143:57":25,"b:144:6:148:Infinity:146:13:148:Infinity":26,"s:144:6:148:Infinity":70,"s:145:8:145:Infinity":71,"b:146:13:148:Infinity:undefined:undefined:undefined:undefined":27,"s:146:13:148:Infinity":72,"s:147:8:147:Infinity":73,"s:152:21:152:Infinity":74,"b:153:4:159:Infinity:undefined:undefined:undefined:undefined":28,"s:153:4:159:Infinity":75,"b:153:8:153:34:153:34:153:51":29,"b:154:6:158:Infinity:156:13:158:Infinity":30,"s:154:6:158:Infinity":76,"s:155:8:155:Infinity":77,"b:156:13:158:Infinity:undefined:undefined:undefined:undefined":31,"s:156:13:158:Infinity":78,"s:157:8:157:Infinity":79,"b:162:4:164:Infinity:undefined:undefined:undefined:undefined":32,"s:162:4:164:Infinity":80,"b:162:8:162:19:162:19:162:42":33,"s:163:6:163:Infinity":81,"s:167:23:167:Infinity":82,"b:167:36:167:74:167:74:167:Infinity":34,"b:168:4:170:Infinity:undefined:undefined:undefined:undefined":35,"s:168:4:170:Infinity":83,"b:168:8:168:32:168:32:168:53:168:53:168:71:168:71:168:90":36,"s:169:6:169:Infinity":84,"s:172:28:172:Infinity":85,"b:172:46:172:72:172:72:172:Infinity":37,"b:173:4:175:Infinity:undefined:undefined:undefined:undefined":38,"s:173:4:175:Infinity":86,"b:173:8:173:34:173:34:173:55":39,"s:174:6:174:Infinity":87,"s:178:23:178:Infinity":88,"b:179:4:184:Infinity:undefined:undefined:undefined:undefined":40,"s:179:4:184:Infinity":89,"b:179:8:179:41:179:41:179:65":41,"s:180:6:180:Infinity":90,"b:181:6:183:Infinity:undefined:undefined:undefined:undefined":42,"s:181:6:183:Infinity":91,"b:181:10:181:33:181:33:181:51":43,"s:182:8:182:Infinity":92,"s:186:25:186:Infinity":93,"b:187:4:192:Infinity:undefined:undefined:undefined:undefined":44,"s:187:4:192:Infinity":94,"b:187:8:187:43:187:43:187:69":45,"s:188:6:188:Infinity":95,"b:189:6:191:Infinity:undefined:undefined:undefined:undefined":46,"s:189:6:191:Infinity":96,"b:189:10:189:35:189:35:189:55":47,"s:190:8:190:Infinity":97,"s:194:24:194:Infinity":98,"b:195:4:201:Infinity:undefined:undefined:undefined:undefined":48,"s:195:4:201:Infinity":99,"b:195:8:195:39:195:39:195:61":49,"s:196:24:196:Infinity":100,"s:197:6:197:Infinity":101,"b:198:6:200:Infinity:undefined:undefined:undefined:undefined":50,"s:198:6:200:Infinity":102,"b:198:10:198:34:198:34:198:55:198:55:198:76":51,"s:199:8:199:Infinity":103,"b:203:4:230:Infinity:209:11:230:Infinity":52,"s:203:4:230:Infinity":104,"s:204:6:208:Infinity":105,"s:210:6:229:Infinity":106,"b:214:18:214:33:214:33:214:Infinity":53,"b:215:15:215:27:215:27:215:Infinity":54,"b:218:17:218:31:218:31:218:Infinity":55,"b:220:14:220:25:220:25:220:Infinity":56,"s:233:2:242:Infinity":107},"fnNames":{}}}
,"D:\\PromptWar\\Challenge-4\\src\\services\\firebaseService.js": {"path":"D:\\PromptWar\\Challenge-4\\src\\services\\firebaseService.js","statementMap":{"0":{"start":{"line":5,"column":23},"end":{"line":12,"column":null}},"1":{"start":{"line":14,"column":29},"end":{"line":14,"column":null}},"2":{"start":{"line":16,"column":10},"end":{"line":16,"column":null}},"3":{"start":{"line":17,"column":9},"end":{"line":17,"column":null}},"4":{"start":{"line":18,"column":11},"end":{"line":18,"column":null}},"5":{"start":{"line":20,"column":0},"end":{"line":33,"column":null}},"6":{"start":{"line":21,"column":2},"end":{"line":32,"column":null}},"7":{"start":{"line":22,"column":4},"end":{"line":26,"column":null}},"8":{"start":{"line":23,"column":6},"end":{"line":23,"column":null}},"9":{"start":{"line":25,"column":6},"end":{"line":25,"column":null}},"10":{"start":{"line":27,"column":4},"end":{"line":27,"column":null}},"11":{"start":{"line":28,"column":4},"end":{"line":28,"column":null}},"12":{"start":{"line":31,"column":4},"end":{"line":31,"column":null}},"13":{"start":{"line":38,"column":4},"end":{"line":42,"column":null}},"14":{"start":{"line":46,"column":16},"end":{"line":46,"column":null}},"15":{"start":{"line":47,"column":4},"end":{"line":47,"column":null}},"16":{"start":{"line":51,"column":20},"end":{"line":51,"column":null}},"17":{"start":{"line":52,"column":22},"end":{"line":55,"column":null}},"18":{"start":{"line":56,"column":4},"end":{"line":56,"column":null}},"19":{"start":{"line":57,"column":4},"end":{"line":57,"column":null}},"20":{"start":{"line":58,"column":4},"end":{"line":58,"column":null}},"21":{"start":{"line":62,"column":20},"end":{"line":62,"column":null}},"22":{"start":{"line":63,"column":18},"end":{"line":63,"column":null}},"23":{"start":{"line":63,"column":41},"end":{"line":63,"column":55}},"24":{"start":{"line":64,"column":4},"end":{"line":68,"column":null}},"25":{"start":{"line":65,"column":6},"end":{"line":65,"column":null}},"26":{"start":{"line":66,"column":6},"end":{"line":66,"column":null}},"27":{"start":{"line":67,"column":6},"end":{"line":67,"column":null}},"28":{"start":{"line":69,"column":4},"end":{"line":69,"column":null}},"29":{"start":{"line":73,"column":16},"end":{"line":73,"column":null}},"30":{"start":{"line":76,"column":27},"end":{"line":87,"column":null}},"31":{"start":{"line":77,"column":2},"end":{"line":85,"column":null}},"32":{"start":{"line":78,"column":4},"end":{"line":84,"column":null}},"33":{"start":{"line":79,"column":21},"end":{"line":79,"column":null}},"34":{"start":{"line":80,"column":6},"end":{"line":80,"column":null}},"35":{"start":{"line":82,"column":6},"end":{"line":82,"column":null}},"36":{"start":{"line":83,"column":6},"end":{"line":83,"column":null}},"37":{"start":{"line":86,"column":2},"end":{"line":86,"column":null}},"38":{"start":{"line":89,"column":34},"end":{"line":100,"column":null}},"39":{"start":{"line":90,"column":2},"end":{"line":98,"column":null}},"40":{"start":{"line":91,"column":4},"end":{"line":97,"column":null}},"41":{"start":{"line":92,"column":21},"end":{"line":92,"column":null}},"42":{"start":{"line":93,"column":6},"end":{"line":93,"column":null}},"43":{"start":{"line":95,"column":6},"end":{"line":95,"column":null}},"44":{"start":{"line":96,"column":6},"end":{"line":96,"column":null}},"45":{"start":{"line":99,"column":2},"end":{"line":99,"column":null}},"46":{"start":{"line":102,"column":42},"end":{"line":116,"column":null}},"47":{"start":{"line":104,"column":20},"end":{"line":104,"column":null}},"48":{"start":{"line":105,"column":2},"end":{"line":114,"column":null}},"49":{"start":{"line":106,"column":4},"end":{"line":113,"column":null}},"50":{"start":{"line":107,"column":21},"end":{"line":107,"column":null}},"51":{"start":{"line":108,"column":6},"end":{"line":108,"column":null}},"52":{"start":{"line":109,"column":6},"end":{"line":109,"column":null}},"53":{"start":{"line":111,"column":6},"end":{"line":111,"column":null}},"54":{"start":{"line":112,"column":6},"end":{"line":112,"column":null}},"55":{"start":{"line":115,"column":2},"end":{"line":115,"column":null}},"56":{"start":{"line":118,"column":28},"end":{"line":129,"column":null}},"57":{"start":{"line":119,"column":2},"end":{"line":127,"column":null}},"58":{"start":{"line":120,"column":4},"end":{"line":126,"column":null}},"59":{"start":{"line":121,"column":21},"end":{"line":121,"column":null}},"60":{"start":{"line":122,"column":6},"end":{"line":122,"column":null}},"61":{"start":{"line":124,"column":6},"end":{"line":124,"column":null}},"62":{"start":{"line":125,"column":6},"end":{"line":125,"column":null}},"63":{"start":{"line":128,"column":2},"end":{"line":128,"column":null}},"64":{"start":{"line":131,"column":40},"end":{"line":142,"column":null}},"65":{"start":{"line":132,"column":2},"end":{"line":140,"column":null}},"66":{"start":{"line":133,"column":4},"end":{"line":139,"column":null}},"67":{"start":{"line":134,"column":23},"end":{"line":134,"column":null}},"68":{"start":{"line":135,"column":6},"end":{"line":135,"column":null}},"69":{"start":{"line":135,"column":37},"end":{"line":135,"column":63}},"70":{"start":{"line":137,"column":6},"end":{"line":137,"column":null}},"71":{"start":{"line":138,"column":6},"end":{"line":138,"column":null}},"72":{"start":{"line":141,"column":2},"end":{"line":141,"column":null}},"73":{"start":{"line":144,"column":28},"end":{"line":160,"column":null}},"74":{"start":{"line":145,"column":19},"end":{"line":149,"column":null}},"75":{"start":{"line":150,"column":2},"end":{"line":158,"column":null}},"76":{"start":{"line":151,"column":4},"end":{"line":157,"column":null}},"77":{"start":{"line":152,"column":6},"end":{"line":152,"column":null}},"78":{"start":{"line":153,"column":6},"end":{"line":153,"column":null}},"79":{"start":{"line":155,"column":6},"end":{"line":155,"column":null}},"80":{"start":{"line":156,"column":6},"end":{"line":156,"column":null}},"81":{"start":{"line":159,"column":2},"end":{"line":159,"column":null}},"82":{"start":{"line":162,"column":28},"end":{"line":173,"column":null}},"83":{"start":{"line":163,"column":2},"end":{"line":171,"column":null}},"84":{"start":{"line":164,"column":4},"end":{"line":170,"column":null}},"85":{"start":{"line":165,"column":23},"end":{"line":165,"column":null}},"86":{"start":{"line":166,"column":6},"end":{"line":166,"column":null}},"87":{"start":{"line":166,"column":37},"end":{"line":166,"column":63}},"88":{"start":{"line":168,"column":6},"end":{"line":168,"column":null}},"89":{"start":{"line":169,"column":6},"end":{"line":169,"column":null}},"90":{"start":{"line":172,"column":2},"end":{"line":172,"column":null}}},"fnMap":{"0":{"name":"constructor","decl":{"start":{"line":37,"column":2},"end":{"line":37,"column":16}},"loc":{"start":{"line":37,"column":16},"end":{"line":43,"column":null}},"line":37},"1":{"name":"getRecords","decl":{"start":{"line":45,"column":2},"end":{"line":45,"column":13}},"loc":{"start":{"line":45,"column":18},"end":{"line":48,"column":null}},"line":45},"2":{"name":"saveRecord","decl":{"start":{"line":50,"column":2},"end":{"line":50,"column":13}},"loc":{"start":{"line":50,"column":24},"end":{"line":59,"column":null}},"line":50},"3":{"name":"updateRecord","decl":{"start":{"line":61,"column":2},"end":{"line":61,"column":15}},"loc":{"start":{"line":61,"column":39},"end":{"line":70,"column":null}},"line":61},"4":{"name":"(anonymous_4)","decl":{"start":{"line":63,"column":26},"end":{"line":63,"column":36}},"loc":{"start":{"line":63,"column":41},"end":{"line":63,"column":55}},"line":63},"5":{"name":"(anonymous_5)","decl":{"start":{"line":76,"column":27},"end":{"line":76,"column":34}},"loc":{"start":{"line":76,"column":46},"end":{"line":87,"column":null}},"line":76},"6":{"name":"(anonymous_6)","decl":{"start":{"line":89,"column":34},"end":{"line":89,"column":41}},"loc":{"start":{"line":89,"column":49},"end":{"line":100,"column":null}},"line":89},"7":{"name":"(anonymous_7)","decl":{"start":{"line":102,"column":42},"end":{"line":102,"column":49}},"loc":{"start":{"line":102,"column":67},"end":{"line":116,"column":null}},"line":102},"8":{"name":"(anonymous_8)","decl":{"start":{"line":118,"column":28},"end":{"line":118,"column":35}},"loc":{"start":{"line":118,"column":48},"end":{"line":129,"column":null}},"line":118},"9":{"name":"(anonymous_9)","decl":{"start":{"line":131,"column":40},"end":{"line":131,"column":52}},"loc":{"start":{"line":131,"column":52},"end":{"line":142,"column":null}},"line":131},"10":{"name":"(anonymous_10)","decl":{"start":{"line":135,"column":27},"end":{"line":135,"column":31}},"loc":{"start":{"line":135,"column":37},"end":{"line":135,"column":63}},"line":135},"11":{"name":"(anonymous_11)","decl":{"start":{"line":144,"column":28},"end":{"line":144,"column":35}},"loc":{"start":{"line":144,"column":55},"end":{"line":160,"column":null}},"line":144},"12":{"name":"(anonymous_12)","decl":{"start":{"line":162,"column":28},"end":{"line":162,"column":40}},"loc":{"start":{"line":162,"column":40},"end":{"line":173,"column":null}},"line":162},"13":{"name":"(anonymous_13)","decl":{"start":{"line":166,"column":27},"end":{"line":166,"column":31}},"loc":{"start":{"line":166,"column":37},"end":{"line":166,"column":63}},"line":166}},"branchMap":{"0":{"loc":{"start":{"line":20,"column":0},"end":{"line":33,"column":null}},"type":"if","locations":[{"start":{"line":20,"column":0},"end":{"line":33,"column":null}},{"start":{},"end":{}}],"line":20},"1":{"loc":{"start":{"line":22,"column":4},"end":{"line":26,"column":null}},"type":"if","locations":[{"start":{"line":22,"column":4},"end":{"line":26,"column":null}},{"start":{"line":24,"column":11},"end":{"line":26,"column":null}}],"line":22},"2":{"loc":{"start":{"line":47,"column":11},"end":{"line":47,"column":null}},"type":"cond-expr","locations":[{"start":{"line":47,"column":17},"end":{"line":47,"column":35}},{"start":{"line":47,"column":35},"end":{"line":47,"column":null}}],"line":47},"3":{"loc":{"start":{"line":64,"column":4},"end":{"line":68,"column":null}},"type":"if","locations":[{"start":{"line":64,"column":4},"end":{"line":68,"column":null}},{"start":{},"end":{}}],"line":64},"4":{"loc":{"start":{"line":77,"column":2},"end":{"line":85,"column":null}},"type":"if","locations":[{"start":{"line":77,"column":2},"end":{"line":85,"column":null}},{"start":{},"end":{}}],"line":77},"5":{"loc":{"start":{"line":90,"column":2},"end":{"line":98,"column":null}},"type":"if","locations":[{"start":{"line":90,"column":2},"end":{"line":98,"column":null}},{"start":{},"end":{}}],"line":90},"6":{"loc":{"start":{"line":105,"column":2},"end":{"line":114,"column":null}},"type":"if","locations":[{"start":{"line":105,"column":2},"end":{"line":114,"column":null}},{"start":{},"end":{}}],"line":105},"7":{"loc":{"start":{"line":105,"column":6},"end":{"line":105,"column":24}},"type":"binary-expr","locations":[{"start":{"line":105,"column":6},"end":{"line":105,"column":12}},{"start":{"line":105,"column":12},"end":{"line":105,"column":24}}],"line":105},"8":{"loc":{"start":{"line":119,"column":2},"end":{"line":127,"column":null}},"type":"if","locations":[{"start":{"line":119,"column":2},"end":{"line":127,"column":null}},{"start":{},"end":{}}],"line":119},"9":{"loc":{"start":{"line":132,"column":2},"end":{"line":140,"column":null}},"type":"if","locations":[{"start":{"line":132,"column":2},"end":{"line":140,"column":null}},{"start":{},"end":{}}],"line":132},"10":{"loc":{"start":{"line":150,"column":2},"end":{"line":158,"column":null}},"type":"if","locations":[{"start":{"line":150,"column":2},"end":{"line":158,"column":null}},{"start":{},"end":{}}],"line":150},"11":{"loc":{"start":{"line":163,"column":2},"end":{"line":171,"column":null}},"type":"if","locations":[{"start":{"line":163,"column":2},"end":{"line":171,"column":null}},{"start":{},"end":{}}],"line":163}},"s":{"0":7,"1":7,"2":7,"3":7,"4":7,"5":7,"6":2,"7":2,"8":0,"9":2,"10":2,"11":2,"12":0,"13":7,"14":44,"15":44,"16":30,"17":30,"18":30,"19":30,"20":30,"21":10,"22":10,"23":16,"24":10,"25":10,"26":10,"27":10,"28":0,"29":7,"30":7,"31":6,"32":3,"33":3,"34":2,"35":1,"36":1,"37":3,"38":7,"39":10,"40":3,"41":3,"42":2,"43":1,"44":1,"45":7,"46":7,"47":14,"48":14,"49":5,"50":5,"51":5,"52":4,"53":1,"54":1,"55":9,"56":7,"57":2,"58":2,"59":2,"60":1,"61":1,"62":1,"63":0,"64":7,"65":3,"66":2,"67":2,"68":1,"69":2,"70":1,"71":1,"72":1,"73":7,"74":17,"75":17,"76":12,"77":12,"78":11,"79":1,"80":1,"81":5,"82":7,"83":3,"84":2,"85":2,"86":1,"87":1,"88":1,"89":1,"90":1},"f":{"0":7,"1":44,"2":30,"3":10,"4":16,"5":6,"6":10,"7":14,"8":2,"9":3,"10":2,"11":17,"12":3,"13":1},"b":{"0":[2,5],"1":[0,2],"2":[23,21],"3":[10,0],"4":[3,3],"5":[3,7],"6":[5,9],"7":[14,11],"8":[2,0],"9":[2,1],"10":[12,5],"11":[2,1]},"meta":{"lastBranch":12,"lastFunction":14,"lastStatement":91,"seen":{"s:5:23:12:Infinity":0,"s:14:29:14:Infinity":1,"s:16:10:16:Infinity":2,"s:17:9:17:Infinity":3,"s:18:11:18:Infinity":4,"b:20:0:33:Infinity:undefined:undefined:undefined:undefined":0,"s:20:0:33:Infinity":5,"s:21:2:32:Infinity":6,"b:22:4:26:Infinity:24:11:26:Infinity":1,"s:22:4:26:Infinity":7,"s:23:6:23:Infinity":8,"s:25:6:25:Infinity":9,"s:27:4:27:Infinity":10,"s:28:4:28:Infinity":11,"s:31:4:31:Infinity":12,"f:37:2:37:16":0,"s:38:4:42:Infinity":13,"f:45:2:45:13":1,"s:46:16:46:Infinity":14,"s:47:4:47:Infinity":15,"b:47:17:47:35:47:35:47:Infinity":2,"f:50:2:50:13":2,"s:51:20:51:Infinity":16,"s:52:22:55:Infinity":17,"s:56:4:56:Infinity":18,"s:57:4:57:Infinity":19,"s:58:4:58:Infinity":20,"f:61:2:61:15":3,"s:62:20:62:Infinity":21,"s:63:18:63:Infinity":22,"f:63:26:63:36":4,"s:63:41:63:55":23,"b:64:4:68:Infinity:undefined:undefined:undefined:undefined":3,"s:64:4:68:Infinity":24,"s:65:6:65:Infinity":25,"s:66:6:66:Infinity":26,"s:67:6:67:Infinity":27,"s:69:4:69:Infinity":28,"s:73:16:73:Infinity":29,"s:76:27:87:Infinity":30,"f:76:27:76:34":5,"b:77:2:85:Infinity:undefined:undefined:undefined:undefined":4,"s:77:2:85:Infinity":31,"s:78:4:84:Infinity":32,"s:79:21:79:Infinity":33,"s:80:6:80:Infinity":34,"s:82:6:82:Infinity":35,"s:83:6:83:Infinity":36,"s:86:2:86:Infinity":37,"s:89:34:100:Infinity":38,"f:89:34:89:41":6,"b:90:2:98:Infinity:undefined:undefined:undefined:undefined":5,"s:90:2:98:Infinity":39,"s:91:4:97:Infinity":40,"s:92:21:92:Infinity":41,"s:93:6:93:Infinity":42,"s:95:6:95:Infinity":43,"s:96:6:96:Infinity":44,"s:99:2:99:Infinity":45,"s:102:42:116:Infinity":46,"f:102:42:102:49":7,"s:104:20:104:Infinity":47,"b:105:2:114:Infinity:undefined:undefined:undefined:undefined":6,"s:105:2:114:Infinity":48,"b:105:6:105:12:105:12:105:24":7,"s:106:4:113:Infinity":49,"s:107:21:107:Infinity":50,"s:108:6:108:Infinity":51,"s:109:6:109:Infinity":52,"s:111:6:111:Infinity":53,"s:112:6:112:Infinity":54,"s:115:2:115:Infinity":55,"s:118:28:129:Infinity":56,"f:118:28:118:35":8,"b:119:2:127:Infinity:undefined:undefined:undefined:undefined":8,"s:119:2:127:Infinity":57,"s:120:4:126:Infinity":58,"s:121:21:121:Infinity":59,"s:122:6:122:Infinity":60,"s:124:6:124:Infinity":61,"s:125:6:125:Infinity":62,"s:128:2:128:Infinity":63,"s:131:40:142:Infinity":64,"f:131:40:131:52":9,"b:132:2:140:Infinity:undefined:undefined:undefined:undefined":9,"s:132:2:140:Infinity":65,"s:133:4:139:Infinity":66,"s:134:23:134:Infinity":67,"s:135:6:135:Infinity":68,"f:135:27:135:31":10,"s:135:37:135:63":69,"s:137:6:137:Infinity":70,"s:138:6:138:Infinity":71,"s:141:2:141:Infinity":72,"s:144:28:160:Infinity":73,"f:144:28:144:35":11,"s:145:19:149:Infinity":74,"b:150:2:158:Infinity:undefined:undefined:undefined:undefined":10,"s:150:2:158:Infinity":75,"s:151:4:157:Infinity":76,"s:152:6:152:Infinity":77,"s:153:6:153:Infinity":78,"s:155:6:155:Infinity":79,"s:156:6:156:Infinity":80,"s:159:2:159:Infinity":81,"s:162:28:173:Infinity":82,"f:162:28:162:40":12,"b:163:2:171:Infinity:undefined:undefined:undefined:undefined":11,"s:163:2:171:Infinity":83,"s:164:4:170:Infinity":84,"s:165:23:165:Infinity":85,"s:166:6:166:Infinity":86,"f:166:27:166:31":13,"s:166:37:166:63":87,"s:168:6:168:Infinity":88,"s:169:6:169:Infinity":89,"s:172:2:172:Infinity":90},"fnNames":{}}}
,"D:\\PromptWar\\Challenge-4\\src\\services\\geminiService.js": {"path":"D:\\PromptWar\\Challenge-4\\src\\services\\geminiService.js","statementMap":{"0":{"start":{"line":3,"column":16},"end":{"line":3,"column":null}},"1":{"start":{"line":4,"column":13},"end":{"line":7,"column":null}},"2":{"start":{"line":5,"column":19},"end":{"line":5,"column":null}},"3":{"start":{"line":6,"column":2},"end":{"line":6,"column":null}},"4":{"start":{"line":10,"column":24},"end":{"line":10,"column":null}},"5":{"start":{"line":18,"column":6},"end":{"line":264,"column":null}},"6":{"start":{"line":19,"column":26},"end":{"line":19,"column":null}},"7":{"start":{"line":20,"column":20},"end":{"line":20,"column":null}},"8":{"start":{"line":23,"column":20},"end":{"line":23,"column":null}},"9":{"start":{"line":23,"column":53},"end":{"line":23,"column":69}},"10":{"start":{"line":25,"column":20},"end":{"line":25,"column":null}},"11":{"start":{"line":25,"column":53},"end":{"line":25,"column":90}},"12":{"start":{"line":28,"column":2},"end":{"line":63,"column":null}},"13":{"start":{"line":29,"column":24},"end":{"line":29,"column":null}},"14":{"start":{"line":29,"column":54},"end":{"line":29,"column":79}},"15":{"start":{"line":30,"column":24},"end":{"line":30,"column":null}},"16":{"start":{"line":30,"column":54},"end":{"line":30,"column":79}},"17":{"start":{"line":32,"column":22},"end":{"line":32,"column":null}},"18":{"start":{"line":33,"column":25},"end":{"line":33,"column":null}},"19":{"start":{"line":34,"column":24},"end":{"line":34,"column":null}},"20":{"start":{"line":35,"column":19},"end":{"line":35,"column":null}},"21":{"start":{"line":37,"column":4},"end":{"line":62,"column":null}},"22":{"start":{"line":66,"column":2},"end":{"line":109,"column":null}},"23":{"start":{"line":67,"column":19},"end":{"line":67,"column":null}},"24":{"start":{"line":68,"column":16},"end":{"line":68,"column":null}},"25":{"start":{"line":69,"column":17},"end":{"line":69,"column":null}},"26":{"start":{"line":70,"column":15},"end":{"line":70,"column":null}},"27":{"start":{"line":72,"column":4},"end":{"line":82,"column":null}},"28":{"start":{"line":73,"column":6},"end":{"line":73,"column":null}},"29":{"start":{"line":74,"column":6},"end":{"line":74,"column":null}},"30":{"start":{"line":75,"column":6},"end":{"line":75,"column":null}},"31":{"start":{"line":76,"column":6},"end":{"line":76,"column":null}},"32":{"start":{"line":77,"column":11},"end":{"line":82,"column":null}},"33":{"start":{"line":78,"column":6},"end":{"line":78,"column":null}},"34":{"start":{"line":79,"column":6},"end":{"line":79,"column":null}},"35":{"start":{"line":80,"column":6},"end":{"line":80,"column":null}},"36":{"st
[...]
":{}}],"line":337},"48":{"loc":{"start":{"line":352,"column":6},"end":{"line":354,"column":null}},"type":"if","locations":[{"start":{"line":352,"column":6},"end":{"line":354,"column":null}},{"start":{"line":353,"column":11},"end":{"line":354,"column":null}}],"line":352},"49":{"loc":{"start":{"line":353,"column":11},"end":{"line":354,"column":null}},"type":"if","locations":[{"start":{"line":353,"column":11},"end":{"line":354,"column":null}},{"start":{"line":354,"column":11},"end":{"line":354,"column":null}}],"line":353},"50":{"loc":{"start":{"line":354,"column":11},"end":{"line":354,"column":null}},"type":"if","locations":[{"start":{"line":354,"column":11},"end":{"line":354,"column":null}},{"start":{},"end":{}}],"line":354},"51":{"loc":{"start":{"line":374,"column":6},"end":{"line":389,"column":null}},"type":"if","locations":[{"start":{"line":374,"column":6},"end":{"line":389,"column":null}},{"start":{},"end":{}}],"line":374},"52":{"loc":{"start":{"line":392,"column":26},"end":{"line":392,"column":null}},"type":"binary-expr","locations":[{"start":{"line":392,"column":26},"end":{"line":392,"column":84}},{"start":{"line":392,"column":84},"end":{"line":392,"column":null}}],"line":392},"53":{"loc":{"start":{"line":398,"column":45},"end":{"line":398,"column":123}},"type":"binary-expr","locations":[{"start":{"line":398,"column":45},"end":{"line":398,"column":99}},{"start":{"line":398,"column":99},"end":{"line":398,"column":123}}],"line":398},"54":{"loc":{"start":{"line":401,"column":18},"end":{"line":401,"column":null}},"type":"cond-expr","locations":[{"start":{"line":401,"column":31},"end":{"line":401,"column":51}},{"start":{"line":401,"column":51},"end":{"line":401,"column":null}}],"line":401},"55":{"loc":{"start":{"line":402,"column":14},"end":{"line":402,"column":null}},"type":"cond-expr","locations":[{"start":{"line":402,"column":27},"end":{"line":402,"column":43}},{"start":{"line":402,"column":43},"end":{"line":402,"column":null}}],"line":402},"56":{"loc":{"start":{"line":402,"column":43},"end":{"line":402,"column":null}},"type":"binary-expr","locations":[{"start":{"line":402,"column":43},"end":{"line":402,"column":56}},{"start":{"line":402,"column":56},"end":{"line":402,"column":null}}],"line":402},"57":{"loc":{"start":{"line":414,"column":4},"end":{"line":414,"column":50}},"type":"cond-expr","locations":[{"start":{"line":414,"column":41},"end":{"line":414,"column":46}},{"start":{"line":414,"column":46},"end":{"line":414,"column":50}}],"line":414},"58":{"loc":{"start":{"line":422,"column":20},"end":{"line":422,"column":null}},"type":"cond-expr","locations":[{"start":{"line":422,"column":26},"end":{"line":422,"column":44}},{"start":{"line":422,"column":44},"end":{"line":422,"column":null}}],"line":422},"59":{"loc":{"start":{"line":425,"column":38},"end":{"line":425,"column":169}},"type":"binary-expr","locations":[{"start":{"line":425,"column":38},"end":{"line":425,"column":88}},{"start":{"line":425,"column":88},"end":{"line":425,"column":139}},{"start":{"line":425,"column":139},"end":{"line":425,"column":169}}],"line":425},"60":{"loc":{"start":{"line":426,"column":6},"end":{"line":428,"column":null}},"type":"if","locations":[{"start":{"line":426,"column":6},"end":{"line":428,"column":null}},{"start":{},"end":{}}],"line":426},"61":{"loc":{"start":{"line":431,"column":4},"end":{"line":433,"column":null}},"type":"if","locations":[{"start":{"line":431,"column":4},"end":{"line":433,"column":null}},{"start":{},"end":{}}],"line":431},"62":{"loc":{"start":{"line":439,"column":11},"end":{"line":439,"column":null}},"type":"cond-expr","locations":[{"start":{"line":439,"column":17},"end":{"line":439,"column":35}},{"start":{"line":439,"column":35},"end":{"line":439,"column":null}}],"line":439},"63":{"loc":{"start":{"line":447,"column":11},"end":{"line":447,"column":null}},"type":"cond-expr","locations":[{"start":{"line":447,"column":17},"end":{"line":447,"column":35}},{"start":{"line":447,"column":35},"end":{"line":447,"column":null}}],"line":447},"64":{"loc":{"start":{"line":451,"column":11},"end":{"line":451,"column":null}},"type":"binary-expr","locations":[{"start":{"line":451,"column":11},"end":{"line":451,"column":69}},{"start":{"line":451,"column":69},"end":{"line":451,"column":null}}],"line":451},"65":{"loc":{"start":{"line":456,"column":11},"end":{"line":456,"column":null}},"type":"cond-expr","locations":[{"start":{"line":456,"column":17},"end":{"line":456,"column":35}},{"start":{"line":456,"column":35},"end":{"line":456,"column":null}}],"line":456},"66":{"loc":{"start":{"line":461,"column":11},"end":{"line":461,"column":null}},"type":"cond-expr","locations":[{"start":{"line":461,"column":17},"end":{"line":461,"column":35}},{"start":{"line":461,"column":35},"end":{"line":461,"column":null}}],"line":461},"67":{"loc":{"start":{"line":469,"column":11},"end":{"line":469,"column":null}},"type":"cond-expr","locations":[{"start":{"line":469,"column":17},"end":{"line":469,"column":35}},{"start":{"line":469,"column":35},"end":{"line":469,"column":null}}],"line":469},"68":{"loc":{"start":{"line":480,"column":41},"end":{"line":480,"column":129}},"type":"cond-expr","locations":[{"start":{"line":480,"column":96},"end":{"line":480,"column":126}},{"start":{"line":480,"column":126},"end":{"line":480,"column":129}}],"line":480},"69":{"loc":{"start":{"line":480,"column":41},"end":{"line":480,"column":96}},"type":"binary-expr","locations":[{"start":{"line":480,"column":41},"end":{"line":480,"column":61}},{"start":{"line":480,"column":61},"end":{"line":480,"column":96}}],"line":480},"70":{"loc":{"start":{"line":489,"column":0},"end":{"line":491,"column":null}},"type":"if","locations":[{"start":{"line":489,"column":0},"end":{"line":491,"column":null}},{"start":{},"end":{}}],"line":489}},"s":{"0":5,"1":5,"2":5,"3":3,"4":3,"5":3,"6":3,"7":3,"8":3,"9":3,"10":90,"11":90,"12":90,"13":300,"14":300,"15":90,"16":90,"17":90,"18":3,"19":3,"20":3,"21":8,"22":3,"23":3,"24":3,"25":8,"26":8,"27":8,"28":3,"29":3,"30":3,"31":3,"32":3,"33":9,"34":9,"35":15,"36":9,"37":1,"38":8,"39":9,"40":8,"41":8,"42":21,"43":8,"44":8,"45":8,"46":8,"47":8,"48":8,"49":8,"50":8,"51":5,"52":5,"53":5,"54":3,"55":1,"56":1,"57":2,"58":1,"59":1,"60":1,"61":1,"62":8,"63":8,"64":8,"65":8,"66":16,"67":16,"68":16,"69":16,"70":16,"71":16,"72":16,"73":10,"74":5,"75":5,"76":10,"77":5,"78":5,"79":6,"80":2,"81":1,"82":1,"83":4,"84":2,"85":1,"86":1,"87":1,"88":1,"89":16,"90":8,"91":8,"92":1,"93":8,"94":16,"95":8,"96":8,"97":16,"98":8,"99":8,"100":1,"101":0,"102":8,"103":8,"104":8,"105":8,"106":8,"107":20,"108":45,"109":20,"110":8,"111":8,"112":8,"113":4,"114":4,"115":4,"116":4,"117":0,"118":4,"119":4,"120":4,"121":4,"122":4,"123":4,"124":4,"125":4,"126":19,"127":2,"128":2,"129":3,"130":0,"131":3,"132":4,"133":4,"134":1,"135":1,"136":3,"137":10,"138":10,"139":10,"140":10,"141":10,"142":10,"143":10,"144":3,"145":3,"146":3,"147":3,"148":3,"149":3,"150":10,"151":0,"152":10,"153":4,"154":8,"155":4,"156":4,"157":4,"158":4,"159":4,"160":4,"161":4,"162":4,"163":6,"164":2,"165":2,"166":2,"167":2,"168":2,"169":2,"170":0,"171":4,"172":2,"173":2,"174":2,"175":2,"176":2,"177":2,"178":2,"179":2,"180":2,"181":10,"182":10,"183":3,"184":10,"185":3,"186":3,"187":10,"188":3,"189":10,"190":3,"191":3,"192":1,"193":2,"194":0,"195":2,"196":0,"197":3,"198":3,"199":3,"200":3,"201":3,"202":3,"203":3,"204":10,"205":3,"206":10,"207":3,"208":8,"209":3,"210":3,"211":4,"212":3,"213":3,"214":15,"215":47,"216":15,"217":3,"218":3,"219":3,"220":17,"221":17,"222":17,"223":155,"224":246,"225":155,"226":24,"227":17,"228":0,"229":17,"230":3,"231":3,"232":68,"233":68,"234":45,"235":61,"236":61,"237":2,"238":2,"239":67,"240":67,"241":9,"242":9,"243":9,"244":12,"245":12,"246":1,"247":12,"248":12,"249":5,"250":0},"f":{"0":3,"1":300,"2":300,"3":8,"4":9,"5":15,"6":21,"7":16,"8":16,"9":16,"10":0,"11":20,"12":45,"13":4,"14":4,"15":4,"16":19,"17":3,"18":4,"19":10,"20":10,"21":8,"22":4,"23":2,"24":0,"25":2,"26":10,"27":10,"28":10,"29":10,"30":10,"31":15,"32":47,"33":17,"34":155,"35":246,"36":3,"37":68,"38":45,"39":61,"40":2,"41":67,"42":9,"43":12,"44":1},"b":{"0":[15,7],"1":[1,8],"2":[8,0],"3":[8,13],"4":[21,13],"5":[5,3],"6":[1,2],"7":[1,1],"8":[2,1],"9":[1,1],"10":[1,0],"11":[1,0],"12":[8,0],"13":[10,6],"14":[5,5],"15":[10,10],"16":[5,5],"17":[10,10],"18":[2,4],"19":[1,1],"20":[2,2],"21":[2,2],"22":[1,1],"23":[2,2],"24":[1,7],"25":[1,7],"26":[8,1],"27":[45,28],"28":[17,3],"29":[17,3],"30":[3,3],"31":[4,1],"32":[0,4],"33":[4,1],"34":[4,0],"35":[4,1],"36":[2,17],"37":[0,3],"38":[1,3],"39":[0,10],"40":[4,6],"41":[4,0],"42":[4,0],"43":[2,4],"44":[2,0],"45":[2,2],"46":[2,0],"47":[2,0],"48":[1,2],"49":[0,2],"50":[0,2],"51":[3,0],"52":[3,2],"53":[47,33],"54":[14,1],"55":[14,1],"56":[1,1],"57":[3,0],"58":[9,8],"59":[246,225,117],"60":[24,131],"61":[0,17],"62":[3,0],"63":[59,9],"64":[45,33],"65":[60,1],"66":[1,1],"67":[58,9],"68":[1,0],"69":[1,0],"70":[0,5]},"meta":{"lastBranch":71,"lastFunction":45,"lastStatement":251,"seen":{"s:6:24:6:Infinity":0,"s:7:22:7:Infinity":1,"s:9:36:486:Infinity":2,"f:13:8:13:26":0,"s:15:21:15:Infinity":3,"s:16:4:16:Infinity":4,"s:17:4:17:Infinity":5,"s:20:27:20:Infinity":6,"s:21:21:21:Infinity":7,"s:22:4:30:Infinity":8,"s:22:17:22:21":9,"s:23:23:23:Infinity":10,"s:24:22:24:Infinity":11,"s:25:6:29:Infinity":12,"f:27:34:27:42":1,"s:27:53:27:105":13,"f:28:33:28:41":2,"s:28:52:28:75":14,"s:31:4:31:Infinity":15,"s:34:4:34:Infinity":16,"s:37:4:41:Infinity":17,"s:42:4:42:Infinity":18,"s:45:28:45:Infinity":19,"s:48:27:51:Infinity":20,"f:48:43:48:47":3,"s:48:55:51:6":21,"s:54:22:54:Infinity":22,"s:56:4:56:Infinity":23,"s:58:4:75:Infinity":24,"s:59:20:59:Infinity":25,"s:60:6:63:Infinity":26,"s:65:6:74:Infinity":27,"s:77:4:77:Infinity":28,"s:78:4:78:Infinity":29,"s:81:4:81:Infinity":30,"s:84:4:86:Infinity":31,"s:88:4:88:Infinity":32,"f:94:8:94:30":4,"s:95:22:95:Infinity":33,"s:96:16:96:Infinity":34,"f:96:26:96:31":5,"s:96:36:96:83":35,"b:96:36:96:54:96:54:96:83":0,"b:97:4:97:Infinity:undefined:undefined:undefined:undefined":1,"s:97:4:97:Infinity":36,"s:97:14:97:Infinity":37,"s:99:15:99:Infinity":38,"b:99:15:99:25:99:25:99:Infinity":2,"s:102:4:102:Infinity":39,"s:103:4:103:Infinity":40,"s:106:20:106:Infinity":41,"f:106:30:106:34":6,"s:106:40:106:117":42,"b:106:85:106:116:106:116:106:117":3,"b:106:40:106:55:106:55:106:85":4,"s:107:4:107:Infinity":43,"s:110:20:110:Infinity":44,"s:111:4:111:Infinity":45,"s:114:15:114:Infinity":46,"s:115:19:115:Infinity":47,"s:116:19:116:Infinity":48,"s:117:19:117:Infinity":49,"b:119:4:131:Infinity:123:11:131:Infinity":5,"s:119:4:131:Infinity":50,"s:120:6:120:Infinity":51,"s:121:6:121:Infinity":52,"s:122:6:122:Infinity":53,"b:123:11:131:Infinity:126:11:131:Infinity":6,"s:123:11:131:Infinity":54,"s:124:6:124:Infinity":55,"s:125:6:125:Infinity":56,"b:126:11:131:Infinity:129:11:131:Infinity":7,"s:126:11:131:Infinity":57,"b:126:15:126:49:126:49:126:80":8,"s:127:6:127:Infinity":58,"s:128:6:128:Infinity":59,"b:128:17:128:47:128:47:128:Infinity":9,"b:129:11:131:Infinity:undefined:undefined:undefined:undefined":10,"s:129:11:131:Infinity":60,"b:129:15:129:48:129:48:129:80":11,"s:130:6:130:Infinity":61,"s:133:4:139:Infinity":62,"s:142:21:142:Infinity":63,"b:143:4:223:Infinity:undefined:undefined:undefined:undefined":12,"s:143:4:223:Infinity":64,"s:144:27:175:Infinity":65,"f:144:42:144:46":7,"s:145:20:145:Infinity":66,"s:146:18:146:Infinity":67,"s:147:20:147:Infinity":68,"s:148:18:148:Infinity":69,"s:149:18:149:Infinity":70,"s:150:17:150:Infinity":71,"b:152:8:173:Infinity:161:15:173:Infinity":13,"s:152:8:173:Infinity":72,"b:153:10:156:Infinity:undefined:undefined:undefined:undefined":14,"s:153:10:156:Infinity":73,"b:153:14:153:26:153:26:153:84":15,"s:154:12:154:Infinity":74,"s:155:12:155:Infinity":75,"b:157:10:160:Infinity:undefined:undefined:undefined:undefined":16,"s:157:10:160:Infinity":76,"b:157:14:157:26:157:26:157:84":17,"s:158:12:158:Infinity":77,"s:159:12:159:Infinity":78,"b:161:15:173:Infinity:166:15:173:Infinity":18,"s:161:15:173:Infinity":79,"b:162:10:165:Infinity:undefined:undefined:undefined:undefined":19,"s:162:10:165:Infinity":80,"b:162:14:162:26:162:26:162:84":20,"s:163:12:163:Infinity":81,"s:164:12:164:Infinity":82,"b:166:15:173:Infinity:undefined:undefined:undefined:undefined":21,"s:166:15:173:Infinity":83,"b:167:10:172:Infinity:undefined:undefined:undefined:undefined":22,"s:167:10:172:Infinity":84,"b:167:14:167:26:167:26:167:84":23,"s:168:12:168:Infinity":85,"s:169:12:169:Infinity":86,"s:170:12:170:Infinity":87,"s:171:12:171:Infinity":88,"s:174:8:174:Infinity":89,"s:177:25:177:Infinity":90,"b:178:6:180:Infinity:undefined:undefined:undefined:undefined":24,"s:178:6:180:Infinity":91,"s:179:8:179:Infinity":92,"s:182:25:182:Infinity":93,"f:182:38:182:46":8,"s:182:57:182:76":94,"s:183:23:183:Infinity":95,"s:184:23:184:Infinity":96,"f:184:48:184:52":9,"s:184:57:184:68":97,"s:186:22:186:Infinity":98,"b:187:6:189:Infinity:undefined:undefined:undefined:undefined":25,"s:187:6:189:Infinity":99,"b:187:10:187:33:187:33:187:43":26,"s:188:8:188:Infinity":100,"f:188:30:188:37":10,"s:188:44:188:100":101,"s:191:27:201:Infinity":102,"s:203:6:203:Infinity":103,"s:205:26:205:Infinity":104,"s:206:23:206:Infinity":105,"s:207:26:214:Infinity":106,"f:207:35:207:39":11,"s:208:27:208:Infinity":107,"f:208:35:208:40":12,"s:208:45:208:123":108,"b:208:45:208:99:208:99:208:123":27,"s:209:8:213:Infinity":109,"b:211:31:211:51:211:51:211:Infinity":28,"b:212:27:212:43:212:43:212:Infinity":29,"b:212:43:212:56:212:56:212:Infinity":30,"s:216:6:216:Infinity":110,"s:217:6:217:Infinity":111,"s:220:6:222:Infinity":112,"f:229:8:229:29":13,"s:230:22:230:Infinity":113,"s:231:16:231:Infinity":114,"f:231:26:231:31":14,"s:231:36:231:83":115,"b:231:36:231:54:231:54:231:83":31,"b:232:4:232:Infinity:undefined:undefined:undefined:undefined":32,"s:232:4:232:Infinity":116,"s:232:14:232:Infinity":117,"s:234:15:234:Infinity":118,"b:234:15:234:25:234:25:234:Infinity":33,"s:237:4:237:Infinity":119,"s:238:4:238:Infinity":120,"s:241:20:241:Infinity":121,"f:241:30:241:34":15,"s:241:40:241:117":122,"b:241:85:241:116:241:116:241:117":34,"b:241:40:241:55:241:55:241:85":35,"s:242:4:242:Infinity":123,"s:245:20:245:Infinity":124,"s:246:4:246:Infinity":125,"f:252:2:252:22":16,"b:253:4:256:Infinity:undefined:undefined:undefined:undefined":36,"s:253:4:256:Infinity":126,"s:254:6:254:Infinity":127,"s:255:6:255:Infinity":128,"f:263:2:263:23":17,"b:264:4:266:Infinity:undefined:undefined:undefined:undefined":37,"s:264:4:266:Infinity":129,"s:265:6:265:Infinity":130,"s:268:4:414:Infinity":131,"f:268:36:268:48":18,"s:269:23:269:Infinity":132,"b:270:6:273:Infinity:undefined:undefined:undefined:undefined":38,"s:270:6:273:Infinity":133,"s:271:8:271:Infinity":134,"s:272:8:272:Infinity":135,"s:276:25:295:Infinity":136,"f:276:40:276:44":19,"s:278:28:278:Infinity":137,"s:279:25:279:Infinity":138,"s:282:26:282:Infinity":139,"s:283:23:283:Infinity":140,"s:286:28:286:Infinity":141,"s:287:25:287:Infinity":142,"s:289:8:294:Infinity":143,"s:298:28:298:Infinity":144,"s:299:23:299:Infinity":145,"s:302:28:302:Infinity":146,"s:303:28:303:Infinity":147,"s:305:26:305:Infinity":148,"s:308:6:343:Infinity":149,"f:308:40:308:47":20,"b:309:8:309:Infinity:undefined:undefined:undefined:undefined":39,"s:309:8:309:Infinity":150,"s:309:37:309:Infinity":151,"b:311:8:339:Infinity:322:15:339:Infinity":40,"s:311:8:339:Infinity":152,"s:312:27:312:Infinity":153,"f:312:40:312:45":21,"s:312:50:312:108":154,"s:313:27:313:Infinity":155,"f:313:40:313:45":22,"s:313:50:313:108":156,"b:314:10:317:Infinity:undefined:undefined:undefined:undefined":41,"s:314:10:317:Infinity":157,"s:315:12:315:Infinity":158,"s:316:12:316:Infinity":159,"b:318:10:321:Infinity:undefined:undefined:undefined:undefined":42,"s:318:10:321:Infinity":160,"s:319:12:319:Infinity":161,"s:320:12:320:Infinity":162,"b:322:15:339:Infinity:329:15:339:Infinity":43,"s:322:15:339:Infinity":163,"s:323:29:323:Infinity":164,"f:323:42:323:47":23,"s:323:52:323:110":165,"b:324:10:327:Infinity:undefined:undefined:undefined:undefined":44,"s:324:10:327:Infinity":166,"s:325:12:325:Infinity":167,"s:326:12:326:Infinity":168,"s:328:10:328:Infinity":169,"f:328:40:328:47":24,"s:328:54:328:115":170,"b:329:15:339:Infinity:337:15:339:Infinity":45,"s:329:15:339:Infinity":171,"s:330:29:330:Infinity":172,"f:330:42:330:47":25,"s:330:52:330:110":173,"b:331:10:336:Infinity:undefined:undefined:undefined:undefined":46,"s:331:10:336:Infinity":174,"s:332:12:332:Infinity":175,"s:333:12:333:Infinity":176,"s:334:12:334:Infinity":177,"s:335:12:335:Infinity":178,"b:337:15:339:Infinity:undefined:undefined:undefined:undefined":47,"s:337:15:339:Infinity":179,"s:338:10:338:Infinity":180,"s:341:8:341:Infinity":181,"s:342:8:342:Infinity":182,"s:345:25:345:Infinity":183,"f:345:38:345:46":26,"s:345:57:345:76":184,"s:346:23:346:Infinity":185,"s:347:23:347:Infinity":186,"f:347:48:347:52":27,"s:347:57:347:68":187,"s:350:21:350:Infinity":188,"f:350:34:350:42":28,"s:350:53:350:72":189,"s:351:30:351:Infinity":190,"b:352:6:354:Infinity:353:11:354:Infinity":48,"s:352:6:354:Infinity":191,"s:352:24:352:Infinity":192,"b:353:11:354:Infinity:354:11:354:Infinity":49,"s:353:11:354:Infinity":193,"s:353:29:353:Infinity":194,"b:354:11:354:Infinity:undefined:undefined:undefined:undefined":50,"s:354:11:354:Infinity":195,"s:354:29:354:Infinity":196,"s:356:30:368:Infinity":197,"s:370:6:370:Infinity":198,"s:373:25:373:Infinity":199,"b:374:6:389:Infinity:undefined:undefined:undefined:undefined":51,"s:374:6:389:Infinity":200,"s:375:24:375:Infinity":201,"s:376:24:376:Infinity":202,"s:377:25:377:Infinity":203,"f:377:38:377:46":29,"s:377:57:377:109":204,"s:379:8:383:Infinity":205,"f:382:44:382:52":30,"s:382:63:382:86":206,"s:385:8:387:Infinity":207,"s:386:10:386:Infinity":208,"s:388:8:388:Infinity":209,"s:392:26:392:Infinity":210,"b:392:26:392:84:392:84:392:Infinity":52,"s:393:30:393:Infinity":211,"s:396:22:396:Infinity":212,"s:397:29:404:Infinity":213,"f:397:45:397:49":31,"s:398:27:398:Infinity":214,"f:398:35:398:40":32,"s:398:45:398:123":215,"b:398:45:398:99:398:99:398:123":53,"s:399:8:403:Infinity":216,"b:401:31:401:51:401:51:401:Infinity":54,"b:402:27:402:43:402:43:402:Infinity":55,"b:402:43:402:56:402:56:402:Infinity":56,"s:406:6:406:Infinity":217,"s:407:6:407:Infinity":218,"s:410:6:412:Infinity":219,"b:414:41:414:46:414:46:414:50":57,"f:420:2:420:16":33,"s:421:16:421:Infinity":220,"s:422:20:422:Infinity":221,"b:422:26:422:44:422:44:422:Infinity":58,"s:424:4:429:Infinity":222,"f:424:20:424:28":34,"s:425:20:425:Infinity":223,"f:425:28:425:33":35,"s:425:38:425:169":224,"b:425:38:425:88:425:88:425:139:425:139:425:169":59,"b:426:6:428:Infinity:undefined:undefined:undefined:undefined":60,"s:426:6:428:Infinity":225,"s:427:8:427:Infinity":226,"b:431:4:433:Infinity:undefined:undefined:undefined:undefined":61,"s:431:4:433:Infinity":227,"s:432:6:432:Infinity":228,"s:434:4:434:Infinity":229,"f:437:2:437:29":36,"s:438:16:438:Infinity":230,"s:439:4:439:Infinity":231,"b:439:17:439:35:439:35:439:Infinity":62,"f:445:2:445:22":37,"s:446:16:446:Infinity":232,"s:447:4:447:Infinity":233,"b:447:17:447:35:447:35:447:Infinity":63,"f:450:2:450:25":38,"s:451:4:451:Infinity":234,"b:451:11:451:69:451:69:451:Infinity":64,"f:454:2:454:29":39,"s:455:16:455:Infinity":235,"s:456:4:456:Infinity":236,"b:456:17:456:35:456:35:456:Infinity":65,"f:459:2:459:20":40,"s:460:16:460:Infinity":237,"s:461:4:461:Infinity":238,"b:461:17:461:35:461:35:461:Infinity":66,"f:467:2:467:16":41,"s:468:16:468:Infinity":239,"s:469:4:469:Infinity":240,"b:469:17:469:35:469:35:469:Infinity":67,"f:472:2:472:19":42,"s:473:21:473:Infinity":241,"s:474:4:474:Infinity":242,"s:475:4:475:Infinity":243,"f:478:2:478:28":43,"s:479:21:479:Infinity":244,"s:480:20:480:Infinity":245,"f:480:29:480:33":44,"s:480:41:480:129":246,"b:480:96:480:126:480:126:480:129":68,"b:480:41:480:61:480:61:480:96":69,"s:481:4:481:Infinity":247,"s:484:4:484:Infinity":248,"b:489:0:491:Infinity:undefined:undefined:undefined:undefined":70,"s:489:0:491:Infinity":249,"s:490:2:490:Infinity":250},"fnNames":{}}}
}
